[2021-08-12 10:34:49,028] {taskinstance.py:896} INFO - Dependencies all met for <TaskInstance: parallel_dag.task_1 2021-01-07T00:00:00+00:00 [queued]>
[2021-08-12 10:34:49,032] {taskinstance.py:896} INFO - Dependencies all met for <TaskInstance: parallel_dag.task_1 2021-01-07T00:00:00+00:00 [queued]>
[2021-08-12 10:34:49,032] {taskinstance.py:1087} INFO - 
--------------------------------------------------------------------------------
[2021-08-12 10:34:49,032] {taskinstance.py:1088} INFO - Starting attempt 1 of 1
[2021-08-12 10:34:49,032] {taskinstance.py:1089} INFO - 
--------------------------------------------------------------------------------
[2021-08-12 10:34:49,038] {taskinstance.py:1107} INFO - Executing <Task(BashOperator): task_1> on 2021-01-07T00:00:00+00:00
[2021-08-12 10:34:49,040] {standard_task_runner.py:52} INFO - Started process 130240 to run task
[2021-08-12 10:34:49,043] {standard_task_runner.py:76} INFO - Running: ['airflow', 'tasks', 'run', 'parallel_dag', 'task_1', '2021-01-07T00:00:00+00:00', '--job-id', '44', '--pool', 'default_pool', '--raw', '--subdir', 'DAGS_FOLDER/subdag_example.py', '--cfg-path', '/tmp/tmp4yhcrhim', '--error-file', '/tmp/tmpdu06uiig']
[2021-08-12 10:34:49,044] {standard_task_runner.py:77} INFO - Job 44: Subtask task_1
[2021-08-12 10:34:49,064] {logging_mixin.py:104} INFO - Running <TaskInstance: parallel_dag.task_1 2021-01-07T00:00:00+00:00 [running]> on host adam
[2021-08-12 10:34:49,085] {taskinstance.py:1300} INFO - Exporting the following env vars:
AIRFLOW_CTX_DAG_OWNER=airflow
AIRFLOW_CTX_DAG_ID=parallel_dag
AIRFLOW_CTX_TASK_ID=task_1
AIRFLOW_CTX_EXECUTION_DATE=2021-01-07T00:00:00+00:00
AIRFLOW_CTX_DAG_RUN_ID=scheduled__2021-01-07T00:00:00+00:00
[2021-08-12 10:34:49,086] {subprocess.py:52} INFO - Tmp dir root location: 
 /tmp
[2021-08-12 10:34:49,086] {subprocess.py:63} INFO - Running command: ['bash', '-c', 'echo task 1']
[2021-08-12 10:34:49,091] {subprocess.py:74} INFO - Output:
[2021-08-12 10:34:49,092] {subprocess.py:78} INFO - task 1
[2021-08-12 10:34:49,092] {subprocess.py:82} INFO - Command exited with return code 0
[2021-08-12 10:34:49,104] {taskinstance.py:1204} INFO - Marking task as SUCCESS. dag_id=parallel_dag, task_id=task_1, execution_date=20210107T000000, start_date=20210812T083449, end_date=20210812T083449
[2021-08-12 10:34:49,118] {taskinstance.py:1265} INFO - 1 downstream tasks scheduled from follow-on schedule check
[2021-08-12 10:34:49,134] {local_task_job.py:149} INFO - Task exited with return code 0
