[2021-08-12 17:07:01,230] {taskinstance.py:896} INFO - Dependencies all met for <TaskInstance: xcom_dag.processing_tasks.training_model_a 2021-08-12T15:06:54.122286+00:00 [queued]>
[2021-08-12 17:07:01,239] {taskinstance.py:896} INFO - Dependencies all met for <TaskInstance: xcom_dag.processing_tasks.training_model_a 2021-08-12T15:06:54.122286+00:00 [queued]>
[2021-08-12 17:07:01,239] {taskinstance.py:1087} INFO - 
--------------------------------------------------------------------------------
[2021-08-12 17:07:01,239] {taskinstance.py:1088} INFO - Starting attempt 1 of 1
[2021-08-12 17:07:01,239] {taskinstance.py:1089} INFO - 
--------------------------------------------------------------------------------
[2021-08-12 17:07:01,247] {taskinstance.py:1107} INFO - Executing <Task(PythonOperator): processing_tasks.training_model_a> on 2021-08-12T15:06:54.122286+00:00
[2021-08-12 17:07:01,250] {standard_task_runner.py:52} INFO - Started process 131375 to run task
[2021-08-12 17:07:01,256] {standard_task_runner.py:76} INFO - Running: ['airflow', 'tasks', 'run', 'xcom_dag', 'processing_tasks.training_model_a', '2021-08-12T15:06:54.122286+00:00', '--job-id', '183', '--pool', 'default_pool', '--raw', '--subdir', 'DAGS_FOLDER/xcomss.py', '--cfg-path', '/tmp/tmp4mobfz3r', '--error-file', '/tmp/tmp2ogcn_jd']
[2021-08-12 17:07:01,257] {standard_task_runner.py:77} INFO - Job 183: Subtask processing_tasks.training_model_a
[2021-08-12 17:07:01,295] {logging_mixin.py:104} INFO - Running <TaskInstance: xcom_dag.processing_tasks.training_model_a 2021-08-12T15:06:54.122286+00:00 [running]> on host adam
[2021-08-12 17:07:01,332] {taskinstance.py:1300} INFO - Exporting the following env vars:
AIRFLOW_CTX_DAG_OWNER=airflow
AIRFLOW_CTX_DAG_ID=xcom_dag
AIRFLOW_CTX_TASK_ID=processing_tasks.training_model_a
AIRFLOW_CTX_EXECUTION_DATE=2021-08-12T15:06:54.122286+00:00
AIRFLOW_CTX_DAG_RUN_ID=manual__2021-08-12T15:06:54.122286+00:00
[2021-08-12 17:07:01,332] {logging_mixin.py:104} INFO - model's accuracy: 1.0647693607349673
[2021-08-12 17:07:01,344] {python.py:151} INFO - Done. Returned value was: None
[2021-08-12 17:07:01,348] {taskinstance.py:1204} INFO - Marking task as SUCCESS. dag_id=xcom_dag, task_id=processing_tasks.training_model_a, execution_date=20210812T150654, start_date=20210812T150701, end_date=20210812T150701
[2021-08-12 17:07:01,369] {taskinstance.py:1265} INFO - 0 downstream tasks scheduled from follow-on schedule check
[2021-08-12 17:07:01,386] {local_task_job.py:149} INFO - Task exited with return code 0
