[2021-08-12 15:50:47,004] {taskinstance.py:896} INFO - Dependencies all met for <TaskInstance: xcom_dag.processing_tasks.training_model_b 2021-08-12T13:50:38.046676+00:00 [queued]>
[2021-08-12 15:50:47,008] {taskinstance.py:896} INFO - Dependencies all met for <TaskInstance: xcom_dag.processing_tasks.training_model_b 2021-08-12T13:50:38.046676+00:00 [queued]>
[2021-08-12 15:50:47,008] {taskinstance.py:1087} INFO - 
--------------------------------------------------------------------------------
[2021-08-12 15:50:47,008] {taskinstance.py:1088} INFO - Starting attempt 1 of 1
[2021-08-12 15:50:47,008] {taskinstance.py:1089} INFO - 
--------------------------------------------------------------------------------
[2021-08-12 15:50:47,014] {taskinstance.py:1107} INFO - Executing <Task(PythonOperator): processing_tasks.training_model_b> on 2021-08-12T13:50:38.046676+00:00
[2021-08-12 15:50:47,016] {standard_task_runner.py:52} INFO - Started process 31454 to run task
[2021-08-12 15:50:47,022] {standard_task_runner.py:76} INFO - Running: ['airflow', 'tasks', 'run', 'xcom_dag', 'processing_tasks.training_model_b', '2021-08-12T13:50:38.046676+00:00', '--job-id', '174', '--pool', 'default_pool', '--raw', '--subdir', 'DAGS_FOLDER/xcomss.py', '--cfg-path', '/tmp/tmp45udq25q', '--error-file', '/tmp/tmpua7fb9ba']
[2021-08-12 15:50:47,023] {standard_task_runner.py:77} INFO - Job 174: Subtask processing_tasks.training_model_b
[2021-08-12 15:50:47,044] {logging_mixin.py:104} INFO - Running <TaskInstance: xcom_dag.processing_tasks.training_model_b 2021-08-12T13:50:38.046676+00:00 [running]> on host adam
[2021-08-12 15:50:47,066] {taskinstance.py:1300} INFO - Exporting the following env vars:
AIRFLOW_CTX_DAG_OWNER=airflow
AIRFLOW_CTX_DAG_ID=xcom_dag
AIRFLOW_CTX_TASK_ID=processing_tasks.training_model_b
AIRFLOW_CTX_EXECUTION_DATE=2021-08-12T13:50:38.046676+00:00
AIRFLOW_CTX_DAG_RUN_ID=manual__2021-08-12T13:50:38.046676+00:00
[2021-08-12 15:50:47,066] {logging_mixin.py:104} INFO - model's accuracy: 5.81969010087578
[2021-08-12 15:50:47,073] {python.py:151} INFO - Done. Returned value was: None
[2021-08-12 15:50:47,076] {taskinstance.py:1204} INFO - Marking task as SUCCESS. dag_id=xcom_dag, task_id=processing_tasks.training_model_b, execution_date=20210812T135038, start_date=20210812T135047, end_date=20210812T135047
[2021-08-12 15:50:47,089] {taskinstance.py:1265} INFO - 0 downstream tasks scheduled from follow-on schedule check
[2021-08-12 15:50:47,113] {local_task_job.py:149} INFO - Task exited with return code 0
