[2021-08-12 15:48:45,490] {taskinstance.py:896} INFO - Dependencies all met for <TaskInstance: xcom_dag.processing_tasks.training_model_c 2021-08-12T13:48:35.406685+00:00 [queued]>
[2021-08-12 15:48:45,494] {taskinstance.py:896} INFO - Dependencies all met for <TaskInstance: xcom_dag.processing_tasks.training_model_c 2021-08-12T13:48:35.406685+00:00 [queued]>
[2021-08-12 15:48:45,494] {taskinstance.py:1087} INFO - 
--------------------------------------------------------------------------------
[2021-08-12 15:48:45,494] {taskinstance.py:1088} INFO - Starting attempt 1 of 1
[2021-08-12 15:48:45,494] {taskinstance.py:1089} INFO - 
--------------------------------------------------------------------------------
[2021-08-12 15:48:45,500] {taskinstance.py:1107} INFO - Executing <Task(PythonOperator): processing_tasks.training_model_c> on 2021-08-12T13:48:35.406685+00:00
[2021-08-12 15:48:45,502] {standard_task_runner.py:52} INFO - Started process 28880 to run task
[2021-08-12 15:48:45,505] {standard_task_runner.py:76} INFO - Running: ['airflow', 'tasks', 'run', 'xcom_dag', 'processing_tasks.training_model_c', '2021-08-12T13:48:35.406685+00:00', '--job-id', '170', '--pool', 'default_pool', '--raw', '--subdir', 'DAGS_FOLDER/xcomss.py', '--cfg-path', '/tmp/tmp_dxuc2ue', '--error-file', '/tmp/tmpi1s4ltv2']
[2021-08-12 15:48:45,506] {standard_task_runner.py:77} INFO - Job 170: Subtask processing_tasks.training_model_c
[2021-08-12 15:48:45,523] {logging_mixin.py:104} INFO - Running <TaskInstance: xcom_dag.processing_tasks.training_model_c 2021-08-12T13:48:35.406685+00:00 [running]> on host adam
[2021-08-12 15:48:45,552] {taskinstance.py:1300} INFO - Exporting the following env vars:
AIRFLOW_CTX_DAG_OWNER=airflow
AIRFLOW_CTX_DAG_ID=xcom_dag
AIRFLOW_CTX_TASK_ID=processing_tasks.training_model_c
AIRFLOW_CTX_EXECUTION_DATE=2021-08-12T13:48:35.406685+00:00
AIRFLOW_CTX_DAG_RUN_ID=manual__2021-08-12T13:48:35.406685+00:00
[2021-08-12 15:48:45,553] {logging_mixin.py:104} INFO - model's accuracy: 2.816482711297614
[2021-08-12 15:48:45,560] {python.py:151} INFO - Done. Returned value was: None
[2021-08-12 15:48:45,562] {taskinstance.py:1204} INFO - Marking task as SUCCESS. dag_id=xcom_dag, task_id=processing_tasks.training_model_c, execution_date=20210812T134835, start_date=20210812T134845, end_date=20210812T134845
[2021-08-12 15:48:45,575] {taskinstance.py:1265} INFO - 1 downstream tasks scheduled from follow-on schedule check
[2021-08-12 15:48:45,597] {local_task_job.py:149} INFO - Task exited with return code 0
