[2021-08-12 15:48:47,073] {taskinstance.py:896} INFO - Dependencies all met for <TaskInstance: xcom_dag.choose_model 2021-08-12T13:48:35.406685+00:00 [queued]>
[2021-08-12 15:48:47,077] {taskinstance.py:896} INFO - Dependencies all met for <TaskInstance: xcom_dag.choose_model 2021-08-12T13:48:35.406685+00:00 [queued]>
[2021-08-12 15:48:47,077] {taskinstance.py:1087} INFO - 
--------------------------------------------------------------------------------
[2021-08-12 15:48:47,077] {taskinstance.py:1088} INFO - Starting attempt 1 of 1
[2021-08-12 15:48:47,078] {taskinstance.py:1089} INFO - 
--------------------------------------------------------------------------------
[2021-08-12 15:48:47,083] {taskinstance.py:1107} INFO - Executing <Task(PythonOperator): choose_model> on 2021-08-12T13:48:35.406685+00:00
[2021-08-12 15:48:47,086] {standard_task_runner.py:52} INFO - Started process 28883 to run task
[2021-08-12 15:48:47,089] {standard_task_runner.py:76} INFO - Running: ['airflow', 'tasks', 'run', 'xcom_dag', 'choose_model', '2021-08-12T13:48:35.406685+00:00', '--job-id', '171', '--pool', 'default_pool', '--raw', '--subdir', 'DAGS_FOLDER/xcomss.py', '--cfg-path', '/tmp/tmpasbw53hl', '--error-file', '/tmp/tmprj8rthie']
[2021-08-12 15:48:47,089] {standard_task_runner.py:77} INFO - Job 171: Subtask choose_model
[2021-08-12 15:48:47,108] {logging_mixin.py:104} INFO - Running <TaskInstance: xcom_dag.choose_model 2021-08-12T13:48:35.406685+00:00 [running]> on host adam
[2021-08-12 15:48:47,128] {taskinstance.py:1300} INFO - Exporting the following env vars:
AIRFLOW_CTX_DAG_OWNER=airflow
AIRFLOW_CTX_DAG_ID=xcom_dag
AIRFLOW_CTX_TASK_ID=choose_model
AIRFLOW_CTX_EXECUTION_DATE=2021-08-12T13:48:35.406685+00:00
AIRFLOW_CTX_DAG_RUN_ID=manual__2021-08-12T13:48:35.406685+00:00
[2021-08-12 15:48:47,128] {logging_mixin.py:104} INFO - choose best model
[2021-08-12 15:48:47,130] {python.py:151} INFO - Done. Returned value was: None
[2021-08-12 15:48:47,133] {taskinstance.py:1204} INFO - Marking task as SUCCESS. dag_id=xcom_dag, task_id=choose_model, execution_date=20210812T134835, start_date=20210812T134847, end_date=20210812T134847
[2021-08-12 15:48:47,143] {taskinstance.py:1265} INFO - 0 downstream tasks scheduled from follow-on schedule check
[2021-08-12 15:48:47,180] {local_task_job.py:149} INFO - Task exited with return code 0
