[2021-08-12 15:42:49,917] {taskinstance.py:896} INFO - Dependencies all met for <TaskInstance: xcom_dag.processing_tasks.training_model_b 2021-08-12T13:42:41.306126+00:00 [queued]>
[2021-08-12 15:42:49,921] {taskinstance.py:896} INFO - Dependencies all met for <TaskInstance: xcom_dag.processing_tasks.training_model_b 2021-08-12T13:42:41.306126+00:00 [queued]>
[2021-08-12 15:42:49,921] {taskinstance.py:1087} INFO - 
--------------------------------------------------------------------------------
[2021-08-12 15:42:49,921] {taskinstance.py:1088} INFO - Starting attempt 1 of 1
[2021-08-12 15:42:49,921] {taskinstance.py:1089} INFO - 
--------------------------------------------------------------------------------
[2021-08-12 15:42:49,927] {taskinstance.py:1107} INFO - Executing <Task(PythonOperator): processing_tasks.training_model_b> on 2021-08-12T13:42:41.306126+00:00
[2021-08-12 15:42:49,929] {standard_task_runner.py:52} INFO - Started process 21041 to run task
[2021-08-12 15:42:49,933] {standard_task_runner.py:76} INFO - Running: ['airflow', 'tasks', 'run', 'xcom_dag', 'processing_tasks.training_model_b', '2021-08-12T13:42:41.306126+00:00', '--job-id', '159', '--pool', 'default_pool', '--raw', '--subdir', 'DAGS_FOLDER/xcomss.py', '--cfg-path', '/tmp/tmp_omtwryv', '--error-file', '/tmp/tmp7mj3ktgy']
[2021-08-12 15:42:49,933] {standard_task_runner.py:77} INFO - Job 159: Subtask processing_tasks.training_model_b
[2021-08-12 15:42:49,951] {logging_mixin.py:104} INFO - Running <TaskInstance: xcom_dag.processing_tasks.training_model_b 2021-08-12T13:42:41.306126+00:00 [running]> on host adam
[2021-08-12 15:42:49,973] {taskinstance.py:1300} INFO - Exporting the following env vars:
AIRFLOW_CTX_DAG_OWNER=airflow
AIRFLOW_CTX_DAG_ID=xcom_dag
AIRFLOW_CTX_TASK_ID=processing_tasks.training_model_b
AIRFLOW_CTX_EXECUTION_DATE=2021-08-12T13:42:41.306126+00:00
AIRFLOW_CTX_DAG_RUN_ID=manual__2021-08-12T13:42:41.306126+00:00
[2021-08-12 15:42:49,974] {logging_mixin.py:104} INFO - model's accuracy: 4.635644298797677
[2021-08-12 15:42:49,980] {python.py:151} INFO - Done. Returned value was: None
[2021-08-12 15:42:49,982] {taskinstance.py:1204} INFO - Marking task as SUCCESS. dag_id=xcom_dag, task_id=processing_tasks.training_model_b, execution_date=20210812T134241, start_date=20210812T134249, end_date=20210812T134249
[2021-08-12 15:42:49,996] {taskinstance.py:1265} INFO - 0 downstream tasks scheduled from follow-on schedule check
[2021-08-12 15:42:50,024] {local_task_job.py:149} INFO - Task exited with return code 0
