[2021-08-12 10:34:55,291] {taskinstance.py:896} INFO - Dependencies all met for <TaskInstance: parallel_dag.task_1 2021-01-09T00:00:00+00:00 [queued]>
[2021-08-12 10:34:55,294] {taskinstance.py:896} INFO - Dependencies all met for <TaskInstance: parallel_dag.task_1 2021-01-09T00:00:00+00:00 [queued]>
[2021-08-12 10:34:55,295] {taskinstance.py:1087} INFO - 
--------------------------------------------------------------------------------
[2021-08-12 10:34:55,295] {taskinstance.py:1088} INFO - Starting attempt 1 of 1
[2021-08-12 10:34:55,295] {taskinstance.py:1089} INFO - 
--------------------------------------------------------------------------------
[2021-08-12 10:34:55,301] {taskinstance.py:1107} INFO - Executing <Task(BashOperator): task_1> on 2021-01-09T00:00:00+00:00
[2021-08-12 10:34:55,303] {standard_task_runner.py:52} INFO - Started process 130420 to run task
[2021-08-12 10:34:55,306] {standard_task_runner.py:76} INFO - Running: ['airflow', 'tasks', 'run', 'parallel_dag', 'task_1', '2021-01-09T00:00:00+00:00', '--job-id', '50', '--pool', 'default_pool', '--raw', '--subdir', 'DAGS_FOLDER/subdag_example.py', '--cfg-path', '/tmp/tmpht6u3f3g', '--error-file', '/tmp/tmp34bddpjo']
[2021-08-12 10:34:55,306] {standard_task_runner.py:77} INFO - Job 50: Subtask task_1
[2021-08-12 10:34:55,326] {logging_mixin.py:104} INFO - Running <TaskInstance: parallel_dag.task_1 2021-01-09T00:00:00+00:00 [running]> on host adam
[2021-08-12 10:34:55,349] {taskinstance.py:1300} INFO - Exporting the following env vars:
AIRFLOW_CTX_DAG_OWNER=airflow
AIRFLOW_CTX_DAG_ID=parallel_dag
AIRFLOW_CTX_TASK_ID=task_1
AIRFLOW_CTX_EXECUTION_DATE=2021-01-09T00:00:00+00:00
AIRFLOW_CTX_DAG_RUN_ID=scheduled__2021-01-09T00:00:00+00:00
[2021-08-12 10:34:55,350] {subprocess.py:52} INFO - Tmp dir root location: 
 /tmp
[2021-08-12 10:34:55,350] {subprocess.py:63} INFO - Running command: ['bash', '-c', 'echo task 1']
[2021-08-12 10:34:55,355] {subprocess.py:74} INFO - Output:
[2021-08-12 10:34:55,356] {subprocess.py:78} INFO - task 1
[2021-08-12 10:34:55,356] {subprocess.py:82} INFO - Command exited with return code 0
[2021-08-12 10:34:55,368] {taskinstance.py:1204} INFO - Marking task as SUCCESS. dag_id=parallel_dag, task_id=task_1, execution_date=20210109T000000, start_date=20210812T083455, end_date=20210812T083455
[2021-08-12 10:34:55,381] {taskinstance.py:1265} INFO - 1 downstream tasks scheduled from follow-on schedule check
[2021-08-12 10:34:55,397] {local_task_job.py:149} INFO - Task exited with return code 0
