[2021-08-12 15:10:16,084] {taskinstance.py:896} INFO - Dependencies all met for <TaskInstance: parallel_dag_03.processing_tasks.task_2 2021-08-12T13:10:11.156723+00:00 [queued]>
[2021-08-12 15:10:16,090] {taskinstance.py:896} INFO - Dependencies all met for <TaskInstance: parallel_dag_03.processing_tasks.task_2 2021-08-12T13:10:11.156723+00:00 [queued]>
[2021-08-12 15:10:16,090] {taskinstance.py:1087} INFO - 
--------------------------------------------------------------------------------
[2021-08-12 15:10:16,090] {taskinstance.py:1088} INFO - Starting attempt 1 of 1
[2021-08-12 15:10:16,091] {taskinstance.py:1089} INFO - 
--------------------------------------------------------------------------------
[2021-08-12 15:10:16,099] {taskinstance.py:1107} INFO - Executing <Task(BashOperator): processing_tasks.task_2> on 2021-08-12T13:10:11.156723+00:00
[2021-08-12 15:10:16,102] {standard_task_runner.py:52} INFO - Started process 478809 to run task
[2021-08-12 15:10:16,108] {standard_task_runner.py:76} INFO - Running: ['airflow', 'tasks', 'run', 'parallel_dag_03', 'processing_tasks.task_2', '2021-08-12T13:10:11.156723+00:00', '--job-id', '102', '--pool', 'default_pool', '--raw', '--subdir', 'DAGS_FOLDER/task_example.py', '--cfg-path', '/tmp/tmprpzt8y25', '--error-file', '/tmp/tmp1_23jhub']
[2021-08-12 15:10:16,110] {standard_task_runner.py:77} INFO - Job 102: Subtask processing_tasks.task_2
[2021-08-12 15:10:16,151] {logging_mixin.py:104} INFO - Running <TaskInstance: parallel_dag_03.processing_tasks.task_2 2021-08-12T13:10:11.156723+00:00 [running]> on host adam
[2021-08-12 15:10:16,201] {taskinstance.py:1300} INFO - Exporting the following env vars:
AIRFLOW_CTX_DAG_OWNER=airflow
AIRFLOW_CTX_DAG_ID=parallel_dag_03
AIRFLOW_CTX_TASK_ID=processing_tasks.task_2
AIRFLOW_CTX_EXECUTION_DATE=2021-08-12T13:10:11.156723+00:00
AIRFLOW_CTX_DAG_RUN_ID=manual__2021-08-12T13:10:11.156723+00:00
[2021-08-12 15:10:16,202] {subprocess.py:52} INFO - Tmp dir root location: 
 /tmp
[2021-08-12 15:10:16,202] {subprocess.py:63} INFO - Running command: ['bash', '-c', 'echo task 2']
[2021-08-12 15:10:16,209] {subprocess.py:74} INFO - Output:
[2021-08-12 15:10:16,210] {subprocess.py:78} INFO - task 2
[2021-08-12 15:10:16,210] {subprocess.py:82} INFO - Command exited with return code 0
[2021-08-12 15:10:16,226] {taskinstance.py:1204} INFO - Marking task as SUCCESS. dag_id=parallel_dag_03, task_id=processing_tasks.task_2, execution_date=20210812T131011, start_date=20210812T131016, end_date=20210812T131016
[2021-08-12 15:10:16,248] {taskinstance.py:1265} INFO - 0 downstream tasks scheduled from follow-on schedule check
[2021-08-12 15:10:16,281] {local_task_job.py:149} INFO - Task exited with return code 0
