[2021-08-12 15:01:38,354] {taskinstance.py:896} INFO - Dependencies all met for <TaskInstance: parallel_dag_03.task_4 2021-08-08T00:00:00+00:00 [queued]>
[2021-08-12 15:01:38,359] {taskinstance.py:896} INFO - Dependencies all met for <TaskInstance: parallel_dag_03.task_4 2021-08-08T00:00:00+00:00 [queued]>
[2021-08-12 15:01:38,360] {taskinstance.py:1087} INFO - 
--------------------------------------------------------------------------------
[2021-08-12 15:01:38,360] {taskinstance.py:1088} INFO - Starting attempt 1 of 1
[2021-08-12 15:01:38,360] {taskinstance.py:1089} INFO - 
--------------------------------------------------------------------------------
[2021-08-12 15:01:38,367] {taskinstance.py:1107} INFO - Executing <Task(BashOperator): task_4> on 2021-08-08T00:00:00+00:00
[2021-08-12 15:01:38,370] {standard_task_runner.py:52} INFO - Started process 467148 to run task
[2021-08-12 15:01:38,374] {standard_task_runner.py:76} INFO - Running: ['airflow', 'tasks', 'run', 'parallel_dag_03', 'task_4', '2021-08-08T00:00:00+00:00', '--job-id', '76', '--pool', 'default_pool', '--raw', '--subdir', 'DAGS_FOLDER/task_example.py', '--cfg-path', '/tmp/tmpgmhoqej2', '--error-file', '/tmp/tmpf8sygd2a']
[2021-08-12 15:01:38,374] {standard_task_runner.py:77} INFO - Job 76: Subtask task_4
[2021-08-12 15:01:38,397] {logging_mixin.py:104} INFO - Running <TaskInstance: parallel_dag_03.task_4 2021-08-08T00:00:00+00:00 [running]> on host adam
[2021-08-12 15:01:38,428] {taskinstance.py:1300} INFO - Exporting the following env vars:
AIRFLOW_CTX_DAG_OWNER=airflow
AIRFLOW_CTX_DAG_ID=parallel_dag_03
AIRFLOW_CTX_TASK_ID=task_4
AIRFLOW_CTX_EXECUTION_DATE=2021-08-08T00:00:00+00:00
AIRFLOW_CTX_DAG_RUN_ID=scheduled__2021-08-08T00:00:00+00:00
[2021-08-12 15:01:38,428] {subprocess.py:52} INFO - Tmp dir root location: 
 /tmp
[2021-08-12 15:01:38,429] {subprocess.py:63} INFO - Running command: ['bash', '-c', 'echo pwd']
[2021-08-12 15:01:38,437] {subprocess.py:74} INFO - Output:
[2021-08-12 15:01:38,439] {subprocess.py:78} INFO - pwd
[2021-08-12 15:01:38,439] {subprocess.py:82} INFO - Command exited with return code 0
[2021-08-12 15:01:38,456] {taskinstance.py:1204} INFO - Marking task as SUCCESS. dag_id=parallel_dag_03, task_id=task_4, execution_date=20210808T000000, start_date=20210812T130138, end_date=20210812T130138
[2021-08-12 15:01:38,471] {taskinstance.py:1265} INFO - 0 downstream tasks scheduled from follow-on schedule check
[2021-08-12 15:01:38,505] {local_task_job.py:149} INFO - Task exited with return code 0
[2021-08-12 15:30:38,920] {taskinstance.py:896} INFO - Dependencies all met for <TaskInstance: parallel_dag_03.task_4 2021-08-08T00:00:00+00:00 [queued]>
[2021-08-12 15:30:38,926] {taskinstance.py:896} INFO - Dependencies all met for <TaskInstance: parallel_dag_03.task_4 2021-08-08T00:00:00+00:00 [queued]>
[2021-08-12 15:30:38,927] {taskinstance.py:1087} INFO - 
--------------------------------------------------------------------------------
[2021-08-12 15:30:38,927] {taskinstance.py:1088} INFO - Starting attempt 1 of 1
[2021-08-12 15:30:38,927] {taskinstance.py:1089} INFO - 
--------------------------------------------------------------------------------
[2021-08-12 15:30:38,937] {taskinstance.py:1107} INFO - Executing <Task(BashOperator): task_4> on 2021-08-08T00:00:00+00:00
[2021-08-12 15:30:38,939] {standard_task_runner.py:52} INFO - Started process 504921 to run task
[2021-08-12 15:30:38,942] {standard_task_runner.py:76} INFO - Running: ['airflow', 'tasks', 'run', 'parallel_dag_03', 'task_4', '2021-08-08T00:00:00+00:00', '--job-id', '130', '--pool', 'default_pool', '--raw', '--subdir', 'DAGS_FOLDER/task_example.py', '--cfg-path', '/tmp/tmpza8g2y9y', '--error-file', '/tmp/tmpu0f4hyr3']
[2021-08-12 15:30:38,943] {standard_task_runner.py:77} INFO - Job 130: Subtask task_4
[2021-08-12 15:30:38,963] {logging_mixin.py:104} INFO - Running <TaskInstance: parallel_dag_03.task_4 2021-08-08T00:00:00+00:00 [running]> on host adam
[2021-08-12 15:30:38,986] {taskinstance.py:1300} INFO - Exporting the following env vars:
AIRFLOW_CTX_DAG_OWNER=airflow
AIRFLOW_CTX_DAG_ID=parallel_dag_03
AIRFLOW_CTX_TASK_ID=task_4
AIRFLOW_CTX_EXECUTION_DATE=2021-08-08T00:00:00+00:00
AIRFLOW_CTX_DAG_RUN_ID=scheduled__2021-08-08T00:00:00+00:00
[2021-08-12 15:30:38,986] {subprocess.py:52} INFO - Tmp dir root location: 
 /tmp
[2021-08-12 15:30:38,986] {subprocess.py:63} INFO - Running command: ['bash', '-c', 'firefox gmail.com']
[2021-08-12 15:30:38,992] {subprocess.py:74} INFO - Output:
[2021-08-12 15:30:39,431] {subprocess.py:82} INFO - Command exited with return code 0
[2021-08-12 15:30:39,460] {taskinstance.py:1204} INFO - Marking task as SUCCESS. dag_id=parallel_dag_03, task_id=task_4, execution_date=20210808T000000, start_date=20210812T133038, end_date=20210812T133039
[2021-08-12 15:30:39,484] {taskinstance.py:1265} INFO - 1 downstream tasks scheduled from follow-on schedule check
[2021-08-12 15:30:39,516] {local_task_job.py:149} INFO - Task exited with return code 0
