[2021-08-03 21:44:34,166] {taskinstance.py:896} INFO - Dependencies all met for <TaskInstance: example_bash_operator.runme_0 2021-08-02T00:00:00+00:00 [queued]>
[2021-08-03 21:44:34,173] {taskinstance.py:896} INFO - Dependencies all met for <TaskInstance: example_bash_operator.runme_0 2021-08-02T00:00:00+00:00 [queued]>
[2021-08-03 21:44:34,174] {taskinstance.py:1087} INFO - 
--------------------------------------------------------------------------------
[2021-08-03 21:44:34,174] {taskinstance.py:1088} INFO - Starting attempt 1 of 1
[2021-08-03 21:44:34,174] {taskinstance.py:1089} INFO - 
--------------------------------------------------------------------------------
[2021-08-03 21:44:34,183] {taskinstance.py:1107} INFO - Executing <Task(BashOperator): runme_0> on 2021-08-02T00:00:00+00:00
[2021-08-03 21:44:34,189] {standard_task_runner.py:52} INFO - Started process 41162 to run task
[2021-08-03 21:44:34,198] {standard_task_runner.py:76} INFO - Running: ['airflow', 'tasks', 'run', 'example_bash_operator', 'runme_0', '2021-08-02T00:00:00+00:00', '--job-id', '8', '--pool', 'default_pool', '--raw', '--subdir', '/home/adam/.local/lib/python3.9/site-packages/airflow/example_dags/example_bash_operator.py', '--cfg-path', '/tmp/tmp5whitp1r', '--error-file', '/tmp/tmpnrhm1wxr']
[2021-08-03 21:44:34,199] {standard_task_runner.py:77} INFO - Job 8: Subtask runme_0
[2021-08-03 21:44:34,230] {logging_mixin.py:104} INFO - Running <TaskInstance: example_bash_operator.runme_0 2021-08-02T00:00:00+00:00 [running]> on host adam
[2021-08-03 21:44:34,260] {taskinstance.py:1300} INFO - Exporting the following env vars:
AIRFLOW_CTX_DAG_OWNER=airflow
AIRFLOW_CTX_DAG_ID=example_bash_operator
AIRFLOW_CTX_TASK_ID=runme_0
AIRFLOW_CTX_EXECUTION_DATE=2021-08-02T00:00:00+00:00
AIRFLOW_CTX_DAG_RUN_ID=scheduled__2021-08-02T00:00:00+00:00
[2021-08-03 21:44:34,261] {subprocess.py:52} INFO - Tmp dir root location: 
 /tmp
[2021-08-03 21:44:34,261] {subprocess.py:63} INFO - Running command: ['bash', '-c', 'echo "example_bash_operator__runme_0__20210802" && sleep 1']
[2021-08-03 21:44:34,269] {subprocess.py:75} INFO - Output:
[2021-08-03 21:44:34,270] {subprocess.py:79} INFO - example_bash_operator__runme_0__20210802
[2021-08-03 21:44:35,272] {subprocess.py:83} INFO - Command exited with return code 0
[2021-08-03 21:44:35,307] {taskinstance.py:1204} INFO - Marking task as SUCCESS. dag_id=example_bash_operator, task_id=runme_0, execution_date=20210802T000000, start_date=20210803T194434, end_date=20210803T194435
[2021-08-03 21:44:35,326] {taskinstance.py:1265} INFO - 0 downstream tasks scheduled from follow-on schedule check
[2021-08-03 21:44:35,331] {local_task_job.py:151} INFO - Task exited with return code 0
