[2021-08-12 10:34:52,134] {taskinstance.py:896} INFO - Dependencies all met for <TaskInstance: parallel_dag.task_1 2021-01-08T00:00:00+00:00 [queued]>
[2021-08-12 10:34:52,138] {taskinstance.py:896} INFO - Dependencies all met for <TaskInstance: parallel_dag.task_1 2021-01-08T00:00:00+00:00 [queued]>
[2021-08-12 10:34:52,138] {taskinstance.py:1087} INFO - 
--------------------------------------------------------------------------------
[2021-08-12 10:34:52,138] {taskinstance.py:1088} INFO - Starting attempt 1 of 1
[2021-08-12 10:34:52,138] {taskinstance.py:1089} INFO - 
--------------------------------------------------------------------------------
[2021-08-12 10:34:52,145] {taskinstance.py:1107} INFO - Executing <Task(BashOperator): task_1> on 2021-01-08T00:00:00+00:00
[2021-08-12 10:34:52,147] {standard_task_runner.py:52} INFO - Started process 130325 to run task
[2021-08-12 10:34:52,150] {standard_task_runner.py:76} INFO - Running: ['airflow', 'tasks', 'run', 'parallel_dag', 'task_1', '2021-01-08T00:00:00+00:00', '--job-id', '47', '--pool', 'default_pool', '--raw', '--subdir', 'DAGS_FOLDER/subdag_example.py', '--cfg-path', '/tmp/tmp8r_tdagg', '--error-file', '/tmp/tmp5449dksd']
[2021-08-12 10:34:52,150] {standard_task_runner.py:77} INFO - Job 47: Subtask task_1
[2021-08-12 10:34:52,170] {logging_mixin.py:104} INFO - Running <TaskInstance: parallel_dag.task_1 2021-01-08T00:00:00+00:00 [running]> on host adam
[2021-08-12 10:34:52,192] {taskinstance.py:1300} INFO - Exporting the following env vars:
AIRFLOW_CTX_DAG_OWNER=airflow
AIRFLOW_CTX_DAG_ID=parallel_dag
AIRFLOW_CTX_TASK_ID=task_1
AIRFLOW_CTX_EXECUTION_DATE=2021-01-08T00:00:00+00:00
AIRFLOW_CTX_DAG_RUN_ID=scheduled__2021-01-08T00:00:00+00:00
[2021-08-12 10:34:52,193] {subprocess.py:52} INFO - Tmp dir root location: 
 /tmp
[2021-08-12 10:34:52,193] {subprocess.py:63} INFO - Running command: ['bash', '-c', 'echo task 1']
[2021-08-12 10:34:52,198] {subprocess.py:74} INFO - Output:
[2021-08-12 10:34:52,198] {subprocess.py:78} INFO - task 1
[2021-08-12 10:34:52,199] {subprocess.py:82} INFO - Command exited with return code 0
[2021-08-12 10:34:52,210] {taskinstance.py:1204} INFO - Marking task as SUCCESS. dag_id=parallel_dag, task_id=task_1, execution_date=20210108T000000, start_date=20210812T083452, end_date=20210812T083452
[2021-08-12 10:34:52,224] {taskinstance.py:1265} INFO - 1 downstream tasks scheduled from follow-on schedule check
[2021-08-12 10:34:52,241] {local_task_job.py:149} INFO - Task exited with return code 0
