[2021-08-12 15:30:08,596] {taskinstance.py:896} INFO - Dependencies all met for <TaskInstance: parallel_dag_03.task_1 2021-08-12T13:29:34.600217+00:00 [queued]>
[2021-08-12 15:30:08,600] {taskinstance.py:896} INFO - Dependencies all met for <TaskInstance: parallel_dag_03.task_1 2021-08-12T13:29:34.600217+00:00 [queued]>
[2021-08-12 15:30:08,600] {taskinstance.py:1087} INFO - 
--------------------------------------------------------------------------------
[2021-08-12 15:30:08,600] {taskinstance.py:1088} INFO - Starting attempt 1 of 1
[2021-08-12 15:30:08,600] {taskinstance.py:1089} INFO - 
--------------------------------------------------------------------------------
[2021-08-12 15:30:08,607] {taskinstance.py:1107} INFO - Executing <Task(BashOperator): task_1> on 2021-08-12T13:29:34.600217+00:00
[2021-08-12 15:30:08,609] {standard_task_runner.py:52} INFO - Started process 504273 to run task
[2021-08-12 15:30:08,612] {standard_task_runner.py:76} INFO - Running: ['airflow', 'tasks', 'run', 'parallel_dag_03', 'task_1', '2021-08-12T13:29:34.600217+00:00', '--job-id', '112', '--pool', 'default_pool', '--raw', '--subdir', 'DAGS_FOLDER/task_example.py', '--cfg-path', '/tmp/tmpmc1y36vj', '--error-file', '/tmp/tmpj0phmwp8']
[2021-08-12 15:30:08,613] {standard_task_runner.py:77} INFO - Job 112: Subtask task_1
[2021-08-12 15:30:08,632] {logging_mixin.py:104} INFO - Running <TaskInstance: parallel_dag_03.task_1 2021-08-12T13:29:34.600217+00:00 [running]> on host adam
[2021-08-12 15:30:08,654] {taskinstance.py:1300} INFO - Exporting the following env vars:
AIRFLOW_CTX_DAG_OWNER=airflow
AIRFLOW_CTX_DAG_ID=parallel_dag_03
AIRFLOW_CTX_TASK_ID=task_1
AIRFLOW_CTX_EXECUTION_DATE=2021-08-12T13:29:34.600217+00:00
AIRFLOW_CTX_DAG_RUN_ID=manual__2021-08-12T13:29:34.600217+00:00
[2021-08-12 15:30:08,654] {subprocess.py:52} INFO - Tmp dir root location: 
 /tmp
[2021-08-12 15:30:08,655] {subprocess.py:63} INFO - Running command: ['bash', '-c', 'echo ${USER}']
[2021-08-12 15:30:08,660] {subprocess.py:74} INFO - Output:
[2021-08-12 15:30:08,661] {subprocess.py:78} INFO - adam
[2021-08-12 15:30:08,661] {subprocess.py:82} INFO - Command exited with return code 0
[2021-08-12 15:30:08,674] {taskinstance.py:1204} INFO - Marking task as SUCCESS. dag_id=parallel_dag_03, task_id=task_1, execution_date=20210812T132934, start_date=20210812T133008, end_date=20210812T133008
[2021-08-12 15:30:08,691] {taskinstance.py:1265} INFO - 3 downstream tasks scheduled from follow-on schedule check
[2021-08-12 15:30:08,703] {local_task_job.py:149} INFO - Task exited with return code 0
