[2021-08-12 17:11:03,432] {taskinstance.py:896} INFO - Dependencies all met for <TaskInstance: xcom_dag.processing_tasks.training_model_b 2021-08-12T15:10:54.252782+00:00 [queued]>
[2021-08-12 17:11:03,437] {taskinstance.py:896} INFO - Dependencies all met for <TaskInstance: xcom_dag.processing_tasks.training_model_b 2021-08-12T15:10:54.252782+00:00 [queued]>
[2021-08-12 17:11:03,437] {taskinstance.py:1087} INFO - 
--------------------------------------------------------------------------------
[2021-08-12 17:11:03,437] {taskinstance.py:1088} INFO - Starting attempt 1 of 1
[2021-08-12 17:11:03,437] {taskinstance.py:1089} INFO - 
--------------------------------------------------------------------------------
[2021-08-12 17:11:03,444] {taskinstance.py:1107} INFO - Executing <Task(PythonOperator): processing_tasks.training_model_b> on 2021-08-12T15:10:54.252782+00:00
[2021-08-12 17:11:03,446] {standard_task_runner.py:52} INFO - Started process 136795 to run task
[2021-08-12 17:11:03,449] {standard_task_runner.py:76} INFO - Running: ['airflow', 'tasks', 'run', 'xcom_dag', 'processing_tasks.training_model_b', '2021-08-12T15:10:54.252782+00:00', '--job-id', '190', '--pool', 'default_pool', '--raw', '--subdir', 'DAGS_FOLDER/xcomss.py', '--cfg-path', '/tmp/tmpi4z6ngfy', '--error-file', '/tmp/tmpun0x8v9r']
[2021-08-12 17:11:03,450] {standard_task_runner.py:77} INFO - Job 190: Subtask processing_tasks.training_model_b
[2021-08-12 17:11:03,468] {logging_mixin.py:104} INFO - Running <TaskInstance: xcom_dag.processing_tasks.training_model_b 2021-08-12T15:10:54.252782+00:00 [running]> on host adam
[2021-08-12 17:11:03,488] {taskinstance.py:1300} INFO - Exporting the following env vars:
AIRFLOW_CTX_DAG_OWNER=airflow
AIRFLOW_CTX_DAG_ID=xcom_dag
AIRFLOW_CTX_TASK_ID=processing_tasks.training_model_b
AIRFLOW_CTX_EXECUTION_DATE=2021-08-12T15:10:54.252782+00:00
AIRFLOW_CTX_DAG_RUN_ID=manual__2021-08-12T15:10:54.252782+00:00
[2021-08-12 17:11:03,489] {logging_mixin.py:104} INFO - model's accuracy: 1.5423855904435844
[2021-08-12 17:11:03,494] {python.py:151} INFO - Done. Returned value was: None
[2021-08-12 17:11:03,496] {taskinstance.py:1204} INFO - Marking task as SUCCESS. dag_id=xcom_dag, task_id=processing_tasks.training_model_b, execution_date=20210812T151054, start_date=20210812T151103, end_date=20210812T151103
[2021-08-12 17:11:03,509] {taskinstance.py:1265} INFO - 0 downstream tasks scheduled from follow-on schedule check
[2021-08-12 17:11:03,540] {local_task_job.py:149} INFO - Task exited with return code 0
