[2021-08-12 10:52:26,599] {taskinstance.py:896} INFO - Dependencies all met for <TaskInstance: parallel_dag.task_4 2021-08-12T08:52:22.699553+00:00 [queued]>
[2021-08-12 10:52:26,610] {taskinstance.py:896} INFO - Dependencies all met for <TaskInstance: parallel_dag.task_4 2021-08-12T08:52:22.699553+00:00 [queued]>
[2021-08-12 10:52:26,610] {taskinstance.py:1087} INFO - 
--------------------------------------------------------------------------------
[2021-08-12 10:52:26,610] {taskinstance.py:1088} INFO - Starting attempt 1 of 1
[2021-08-12 10:52:26,610] {taskinstance.py:1089} INFO - 
--------------------------------------------------------------------------------
[2021-08-12 10:52:26,618] {taskinstance.py:1107} INFO - Executing <Task(BashOperator): task_4> on 2021-08-12T08:52:22.699553+00:00
[2021-08-12 10:52:26,621] {standard_task_runner.py:52} INFO - Started process 153824 to run task
[2021-08-12 10:52:26,628] {standard_task_runner.py:76} INFO - Running: ['airflow', 'tasks', 'run', 'parallel_dag', 'task_4', '2021-08-12T08:52:22.699553+00:00', '--job-id', '43', '--pool', 'default_pool', '--raw', '--subdir', 'DAGS_FOLDER/subdag_example.py', '--cfg-path', '/tmp/tmpxtj8n9rx', '--error-file', '/tmp/tmpapltpia5']
[2021-08-12 10:52:26,628] {standard_task_runner.py:77} INFO - Job 43: Subtask task_4
[2021-08-12 10:52:26,657] {logging_mixin.py:104} INFO - Running <TaskInstance: parallel_dag.task_4 2021-08-12T08:52:22.699553+00:00 [running]> on host adam
[2021-08-12 10:52:26,682] {taskinstance.py:1300} INFO - Exporting the following env vars:
AIRFLOW_CTX_DAG_OWNER=airflow
AIRFLOW_CTX_DAG_ID=parallel_dag
AIRFLOW_CTX_TASK_ID=task_4
AIRFLOW_CTX_EXECUTION_DATE=2021-08-12T08:52:22.699553+00:00
AIRFLOW_CTX_DAG_RUN_ID=manual__2021-08-12T08:52:22.699553+00:00
[2021-08-12 10:52:26,683] {subprocess.py:52} INFO - Tmp dir root location: 
 /tmp
[2021-08-12 10:52:26,683] {subprocess.py:63} INFO - Running command: ['bash', '-c', 'pwd']
[2021-08-12 10:52:26,690] {subprocess.py:74} INFO - Output:
[2021-08-12 10:52:26,691] {subprocess.py:78} INFO - /tmp/airflowtmpk1b_6wde
[2021-08-12 10:52:26,691] {subprocess.py:82} INFO - Command exited with return code 0
[2021-08-12 10:52:26,705] {taskinstance.py:1204} INFO - Marking task as SUCCESS. dag_id=parallel_dag, task_id=task_4, execution_date=20210812T085222, start_date=20210812T085226, end_date=20210812T085226
[2021-08-12 10:52:26,721] {taskinstance.py:1265} INFO - 1 downstream tasks scheduled from follow-on schedule check
[2021-08-12 10:52:26,758] {local_task_job.py:149} INFO - Task exited with return code 0
