[2021-08-12 17:22:03,043] {taskinstance.py:896} INFO - Dependencies all met for <TaskInstance: xcom_dag.processing_tasks.training_model_b 2021-08-12T15:21:53.735863+00:00 [queued]>
[2021-08-12 17:22:03,054] {taskinstance.py:896} INFO - Dependencies all met for <TaskInstance: xcom_dag.processing_tasks.training_model_b 2021-08-12T15:21:53.735863+00:00 [queued]>
[2021-08-12 17:22:03,054] {taskinstance.py:1087} INFO - 
--------------------------------------------------------------------------------
[2021-08-12 17:22:03,054] {taskinstance.py:1088} INFO - Starting attempt 1 of 1
[2021-08-12 17:22:03,055] {taskinstance.py:1089} INFO - 
--------------------------------------------------------------------------------
[2021-08-12 17:22:03,062] {taskinstance.py:1107} INFO - Executing <Task(PythonOperator): processing_tasks.training_model_b> on 2021-08-12T15:21:53.735863+00:00
[2021-08-12 17:22:03,066] {standard_task_runner.py:52} INFO - Started process 151323 to run task
[2021-08-12 17:22:03,070] {standard_task_runner.py:76} INFO - Running: ['airflow', 'tasks', 'run', 'xcom_dag', 'processing_tasks.training_model_b', '2021-08-12T15:21:53.735863+00:00', '--job-id', '205', '--pool', 'default_pool', '--raw', '--subdir', 'DAGS_FOLDER/xcomss.py', '--cfg-path', '/tmp/tmp2xbpyguf', '--error-file', '/tmp/tmpe5ym7zwo']
[2021-08-12 17:22:03,071] {standard_task_runner.py:77} INFO - Job 205: Subtask processing_tasks.training_model_b
[2021-08-12 17:22:03,096] {logging_mixin.py:104} INFO - Running <TaskInstance: xcom_dag.processing_tasks.training_model_b 2021-08-12T15:21:53.735863+00:00 [running]> on host adam
[2021-08-12 17:22:03,124] {taskinstance.py:1300} INFO - Exporting the following env vars:
AIRFLOW_CTX_DAG_OWNER=airflow
AIRFLOW_CTX_DAG_ID=xcom_dag
AIRFLOW_CTX_TASK_ID=processing_tasks.training_model_b
AIRFLOW_CTX_EXECUTION_DATE=2021-08-12T15:21:53.735863+00:00
AIRFLOW_CTX_DAG_RUN_ID=manual__2021-08-12T15:21:53.735863+00:00
[2021-08-12 17:22:03,124] {logging_mixin.py:104} INFO - model's accuracy: 6.000117165214396
[2021-08-12 17:22:03,132] {python.py:151} INFO - Done. Returned value was: None
[2021-08-12 17:22:03,136] {taskinstance.py:1204} INFO - Marking task as SUCCESS. dag_id=xcom_dag, task_id=processing_tasks.training_model_b, execution_date=20210812T152153, start_date=20210812T152203, end_date=20210812T152203
[2021-08-12 17:22:03,153] {taskinstance.py:1265} INFO - 0 downstream tasks scheduled from follow-on schedule check
[2021-08-12 17:22:03,161] {local_task_job.py:149} INFO - Task exited with return code 0
