[2021-08-12 15:01:49,288] {taskinstance.py:896} INFO - Dependencies all met for <TaskInstance: parallel_dag_03.processing_tasks.task_3 2021-08-11T00:00:00+00:00 [queued]>
[2021-08-12 15:01:49,298] {taskinstance.py:896} INFO - Dependencies all met for <TaskInstance: parallel_dag_03.processing_tasks.task_3 2021-08-11T00:00:00+00:00 [queued]>
[2021-08-12 15:01:49,298] {taskinstance.py:1087} INFO - 
--------------------------------------------------------------------------------
[2021-08-12 15:01:49,298] {taskinstance.py:1088} INFO - Starting attempt 1 of 1
[2021-08-12 15:01:49,298] {taskinstance.py:1089} INFO - 
--------------------------------------------------------------------------------
[2021-08-12 15:01:49,305] {taskinstance.py:1107} INFO - Executing <Task(BashOperator): processing_tasks.task_3> on 2021-08-11T00:00:00+00:00
[2021-08-12 15:01:49,307] {standard_task_runner.py:52} INFO - Started process 467424 to run task
[2021-08-12 15:01:49,310] {standard_task_runner.py:76} INFO - Running: ['airflow', 'tasks', 'run', 'parallel_dag_03', 'processing_tasks.task_3', '2021-08-11T00:00:00+00:00', '--job-id', '82', '--pool', 'default_pool', '--raw', '--subdir', 'DAGS_FOLDER/task_example.py', '--cfg-path', '/tmp/tmpcbbplsqt', '--error-file', '/tmp/tmp6n6288f2']
[2021-08-12 15:01:49,311] {standard_task_runner.py:77} INFO - Job 82: Subtask processing_tasks.task_3
[2021-08-12 15:01:49,330] {logging_mixin.py:104} INFO - Running <TaskInstance: parallel_dag_03.processing_tasks.task_3 2021-08-11T00:00:00+00:00 [running]> on host adam
[2021-08-12 15:01:49,357] {taskinstance.py:1300} INFO - Exporting the following env vars:
AIRFLOW_CTX_DAG_OWNER=airflow
AIRFLOW_CTX_DAG_ID=parallel_dag_03
AIRFLOW_CTX_TASK_ID=processing_tasks.task_3
AIRFLOW_CTX_EXECUTION_DATE=2021-08-11T00:00:00+00:00
AIRFLOW_CTX_DAG_RUN_ID=scheduled__2021-08-11T00:00:00+00:00
[2021-08-12 15:01:49,358] {subprocess.py:52} INFO - Tmp dir root location: 
 /tmp
[2021-08-12 15:01:49,359] {subprocess.py:63} INFO - Running command: ['bash', '-c', 'echo task 3']
[2021-08-12 15:01:49,367] {subprocess.py:74} INFO - Output:
[2021-08-12 15:01:49,368] {subprocess.py:78} INFO - task 3
[2021-08-12 15:01:49,368] {subprocess.py:82} INFO - Command exited with return code 0
[2021-08-12 15:01:49,381] {taskinstance.py:1204} INFO - Marking task as SUCCESS. dag_id=parallel_dag_03, task_id=processing_tasks.task_3, execution_date=20210811T000000, start_date=20210812T130149, end_date=20210812T130149
[2021-08-12 15:01:49,397] {taskinstance.py:1265} INFO - 1 downstream tasks scheduled from follow-on schedule check
[2021-08-12 15:01:49,401] {local_task_job.py:149} INFO - Task exited with return code 0
[2021-08-12 15:35:55,635] {taskinstance.py:896} INFO - Dependencies all met for <TaskInstance: parallel_dag_03.processing_tasks.task_3 2021-08-11T00:00:00+00:00 [queued]>
[2021-08-12 15:35:55,646] {taskinstance.py:896} INFO - Dependencies all met for <TaskInstance: parallel_dag_03.processing_tasks.task_3 2021-08-11T00:00:00+00:00 [queued]>
[2021-08-12 15:35:55,646] {taskinstance.py:1087} INFO - 
--------------------------------------------------------------------------------
[2021-08-12 15:35:55,647] {taskinstance.py:1088} INFO - Starting attempt 1 of 1
[2021-08-12 15:35:55,647] {taskinstance.py:1089} INFO - 
--------------------------------------------------------------------------------
[2021-08-12 15:35:55,658] {taskinstance.py:1107} INFO - Executing <Task(BashOperator): processing_tasks.task_3> on 2021-08-11T00:00:00+00:00
[2021-08-12 15:35:55,662] {standard_task_runner.py:52} INFO - Started process 11007 to run task
[2021-08-12 15:35:55,668] {standard_task_runner.py:76} INFO - Running: ['airflow', 'tasks', 'run', 'parallel_dag_03', 'processing_tasks.task_3', '2021-08-11T00:00:00+00:00', '--job-id', '141', '--pool', 'default_pool', '--raw', '--subdir', 'DAGS_FOLDER/task_example.py', '--cfg-path', '/tmp/tmp1xf80i55', '--error-file', '/tmp/tmp4kc7gmou']
[2021-08-12 15:35:55,669] {standard_task_runner.py:77} INFO - Job 141: Subtask processing_tasks.task_3
[2021-08-12 15:35:55,702] {logging_mixin.py:104} INFO - Running <TaskInstance: parallel_dag_03.processing_tasks.task_3 2021-08-11T00:00:00+00:00 [running]> on host adam
[2021-08-12 15:35:55,739] {taskinstance.py:1300} INFO - Exporting the following env vars:
AIRFLOW_CTX_DAG_OWNER=airflow
AIRFLOW_CTX_DAG_ID=parallel_dag_03
AIRFLOW_CTX_TASK_ID=processing_tasks.task_3
AIRFLOW_CTX_EXECUTION_DATE=2021-08-11T00:00:00+00:00
AIRFLOW_CTX_DAG_RUN_ID=scheduled__2021-08-11T00:00:00+00:00
[2021-08-12 15:35:55,740] {subprocess.py:52} INFO - Tmp dir root location: 
 /tmp
[2021-08-12 15:35:55,740] {subprocess.py:63} INFO - Running command: ['bash', '-c', 'echo task 3']
[2021-08-12 15:35:55,748] {subprocess.py:74} INFO - Output:
[2021-08-12 15:35:55,749] {subprocess.py:78} INFO - task 3
[2021-08-12 15:35:55,749] {subprocess.py:82} INFO - Command exited with return code 0
[2021-08-12 15:35:55,764] {taskinstance.py:1204} INFO - Marking task as SUCCESS. dag_id=parallel_dag_03, task_id=processing_tasks.task_3, execution_date=20210811T000000, start_date=20210812T133555, end_date=20210812T133555
[2021-08-12 15:35:55,784] {taskinstance.py:1265} INFO - 1 downstream tasks scheduled from follow-on schedule check
[2021-08-12 15:35:55,801] {local_task_job.py:149} INFO - Task exited with return code 0
