[2021-08-12 15:42:43,425] {taskinstance.py:896} INFO - Dependencies all met for <TaskInstance: xcom_dag.downloading_data 2021-08-12T13:42:41.306126+00:00 [queued]>
[2021-08-12 15:42:43,430] {taskinstance.py:896} INFO - Dependencies all met for <TaskInstance: xcom_dag.downloading_data 2021-08-12T13:42:41.306126+00:00 [queued]>
[2021-08-12 15:42:43,430] {taskinstance.py:1087} INFO - 
--------------------------------------------------------------------------------
[2021-08-12 15:42:43,430] {taskinstance.py:1088} INFO - Starting attempt 1 of 1
[2021-08-12 15:42:43,430] {taskinstance.py:1089} INFO - 
--------------------------------------------------------------------------------
[2021-08-12 15:42:43,436] {taskinstance.py:1107} INFO - Executing <Task(BashOperator): downloading_data> on 2021-08-12T13:42:41.306126+00:00
[2021-08-12 15:42:43,439] {standard_task_runner.py:52} INFO - Started process 20900 to run task
[2021-08-12 15:42:43,442] {standard_task_runner.py:76} INFO - Running: ['airflow', 'tasks', 'run', 'xcom_dag', 'downloading_data', '2021-08-12T13:42:41.306126+00:00', '--job-id', '157', '--pool', 'default_pool', '--raw', '--subdir', 'DAGS_FOLDER/xcomss.py', '--cfg-path', '/tmp/tmp96wx20_b', '--error-file', '/tmp/tmpsmjwib4g']
[2021-08-12 15:42:43,443] {standard_task_runner.py:77} INFO - Job 157: Subtask downloading_data
[2021-08-12 15:42:43,464] {logging_mixin.py:104} INFO - Running <TaskInstance: xcom_dag.downloading_data 2021-08-12T13:42:41.306126+00:00 [running]> on host adam
[2021-08-12 15:42:43,491] {taskinstance.py:1300} INFO - Exporting the following env vars:
AIRFLOW_CTX_DAG_OWNER=airflow
AIRFLOW_CTX_DAG_ID=xcom_dag
AIRFLOW_CTX_TASK_ID=downloading_data
AIRFLOW_CTX_EXECUTION_DATE=2021-08-12T13:42:41.306126+00:00
AIRFLOW_CTX_DAG_RUN_ID=manual__2021-08-12T13:42:41.306126+00:00
[2021-08-12 15:42:43,492] {subprocess.py:52} INFO - Tmp dir root location: 
 /tmp
[2021-08-12 15:42:43,492] {subprocess.py:63} INFO - Running command: ['bash', '-c', 'sleep 3']
[2021-08-12 15:42:43,498] {subprocess.py:74} INFO - Output:
[2021-08-12 15:42:46,501] {subprocess.py:82} INFO - Command exited with return code 0
[2021-08-12 15:42:46,538] {taskinstance.py:1204} INFO - Marking task as SUCCESS. dag_id=xcom_dag, task_id=downloading_data, execution_date=20210812T134241, start_date=20210812T134243, end_date=20210812T134246
[2021-08-12 15:42:46,559] {taskinstance.py:1265} INFO - 3 downstream tasks scheduled from follow-on schedule check
[2021-08-12 15:42:46,589] {local_task_job.py:149} INFO - Task exited with return code 0
