[2021-08-12 17:11:01,792] {taskinstance.py:896} INFO - Dependencies all met for <TaskInstance: xcom_dag.processing_tasks.training_model_a 2021-08-12T15:10:54.252782+00:00 [queued]>
[2021-08-12 17:11:01,798] {taskinstance.py:896} INFO - Dependencies all met for <TaskInstance: xcom_dag.processing_tasks.training_model_a 2021-08-12T15:10:54.252782+00:00 [queued]>
[2021-08-12 17:11:01,798] {taskinstance.py:1087} INFO - 
--------------------------------------------------------------------------------
[2021-08-12 17:11:01,799] {taskinstance.py:1088} INFO - Starting attempt 1 of 1
[2021-08-12 17:11:01,799] {taskinstance.py:1089} INFO - 
--------------------------------------------------------------------------------
[2021-08-12 17:11:01,806] {taskinstance.py:1107} INFO - Executing <Task(PythonOperator): processing_tasks.training_model_a> on 2021-08-12T15:10:54.252782+00:00
[2021-08-12 17:11:01,808] {standard_task_runner.py:52} INFO - Started process 136707 to run task
[2021-08-12 17:11:01,812] {standard_task_runner.py:76} INFO - Running: ['airflow', 'tasks', 'run', 'xcom_dag', 'processing_tasks.training_model_a', '2021-08-12T15:10:54.252782+00:00', '--job-id', '189', '--pool', 'default_pool', '--raw', '--subdir', 'DAGS_FOLDER/xcomss.py', '--cfg-path', '/tmp/tmppo08k_uj', '--error-file', '/tmp/tmp8zyxu9xc']
[2021-08-12 17:11:01,812] {standard_task_runner.py:77} INFO - Job 189: Subtask processing_tasks.training_model_a
[2021-08-12 17:11:01,834] {logging_mixin.py:104} INFO - Running <TaskInstance: xcom_dag.processing_tasks.training_model_a 2021-08-12T15:10:54.252782+00:00 [running]> on host adam
[2021-08-12 17:11:01,858] {taskinstance.py:1300} INFO - Exporting the following env vars:
AIRFLOW_CTX_DAG_OWNER=airflow
AIRFLOW_CTX_DAG_ID=xcom_dag
AIRFLOW_CTX_TASK_ID=processing_tasks.training_model_a
AIRFLOW_CTX_EXECUTION_DATE=2021-08-12T15:10:54.252782+00:00
AIRFLOW_CTX_DAG_RUN_ID=manual__2021-08-12T15:10:54.252782+00:00
[2021-08-12 17:11:01,858] {logging_mixin.py:104} INFO - model's accuracy: 2.0259804071564718
[2021-08-12 17:11:01,865] {python.py:151} INFO - Done. Returned value was: None
[2021-08-12 17:11:01,868] {taskinstance.py:1204} INFO - Marking task as SUCCESS. dag_id=xcom_dag, task_id=processing_tasks.training_model_a, execution_date=20210812T151054, start_date=20210812T151101, end_date=20210812T151101
[2021-08-12 17:11:01,880] {taskinstance.py:1265} INFO - 0 downstream tasks scheduled from follow-on schedule check
[2021-08-12 17:11:01,903] {local_task_job.py:149} INFO - Task exited with return code 0
