[2021-08-12 15:26:31,274] {taskinstance.py:896} INFO - Dependencies all met for <TaskInstance: parallel_dag_03.task_5 2021-08-12T13:26:27.572738+00:00 [queued]>
[2021-08-12 15:26:31,282] {taskinstance.py:896} INFO - Dependencies all met for <TaskInstance: parallel_dag_03.task_5 2021-08-12T13:26:27.572738+00:00 [queued]>
[2021-08-12 15:26:31,282] {taskinstance.py:1087} INFO - 
--------------------------------------------------------------------------------
[2021-08-12 15:26:31,282] {taskinstance.py:1088} INFO - Starting attempt 1 of 1
[2021-08-12 15:26:31,282] {taskinstance.py:1089} INFO - 
--------------------------------------------------------------------------------
[2021-08-12 15:26:31,289] {taskinstance.py:1107} INFO - Executing <Task(BashOperator): task_5> on 2021-08-12T13:26:27.572738+00:00
[2021-08-12 15:26:31,293] {standard_task_runner.py:52} INFO - Started process 499392 to run task
[2021-08-12 15:26:31,296] {standard_task_runner.py:76} INFO - Running: ['airflow', 'tasks', 'run', 'parallel_dag_03', 'task_5', '2021-08-12T13:26:27.572738+00:00', '--job-id', '124', '--pool', 'default_pool', '--raw', '--subdir', 'DAGS_FOLDER/task_example.py', '--cfg-path', '/tmp/tmpz5qpk6w0', '--error-file', '/tmp/tmpgpcyzixj']
[2021-08-12 15:26:31,297] {standard_task_runner.py:77} INFO - Job 124: Subtask task_5
[2021-08-12 15:26:31,316] {logging_mixin.py:104} INFO - Running <TaskInstance: parallel_dag_03.task_5 2021-08-12T13:26:27.572738+00:00 [running]> on host adam
[2021-08-12 15:26:31,339] {taskinstance.py:1300} INFO - Exporting the following env vars:
AIRFLOW_CTX_DAG_OWNER=airflow
AIRFLOW_CTX_DAG_ID=parallel_dag_03
AIRFLOW_CTX_TASK_ID=task_5
AIRFLOW_CTX_EXECUTION_DATE=2021-08-12T13:26:27.572738+00:00
AIRFLOW_CTX_DAG_RUN_ID=manual__2021-08-12T13:26:27.572738+00:00
[2021-08-12 15:26:31,339] {subprocess.py:52} INFO - Tmp dir root location: 
 /tmp
[2021-08-12 15:26:31,340] {subprocess.py:63} INFO - Running command: ['bash', '-c', 'echo hello from airflow > ~/Documents/hello_airflow.txt']
[2021-08-12 15:26:31,347] {subprocess.py:74} INFO - Output:
[2021-08-12 15:26:31,348] {subprocess.py:82} INFO - Command exited with return code 0
[2021-08-12 15:26:31,361] {taskinstance.py:1204} INFO - Marking task as SUCCESS. dag_id=parallel_dag_03, task_id=task_5, execution_date=20210812T132627, start_date=20210812T132631, end_date=20210812T132631
[2021-08-12 15:26:31,372] {taskinstance.py:1265} INFO - 0 downstream tasks scheduled from follow-on schedule check
[2021-08-12 15:26:31,387] {local_task_job.py:149} INFO - Task exited with return code 0
