[2021-08-12 15:50:50,662] {taskinstance.py:896} INFO - Dependencies all met for <TaskInstance: xcom_dag.choose_model 2021-08-12T13:50:38.046676+00:00 [queued]>
[2021-08-12 15:50:50,674] {taskinstance.py:896} INFO - Dependencies all met for <TaskInstance: xcom_dag.choose_model 2021-08-12T13:50:38.046676+00:00 [queued]>
[2021-08-12 15:50:50,674] {taskinstance.py:1087} INFO - 
--------------------------------------------------------------------------------
[2021-08-12 15:50:50,675] {taskinstance.py:1088} INFO - Starting attempt 1 of 1
[2021-08-12 15:50:50,675] {taskinstance.py:1089} INFO - 
--------------------------------------------------------------------------------
[2021-08-12 15:50:50,687] {taskinstance.py:1107} INFO - Executing <Task(PythonOperator): choose_model> on 2021-08-12T13:50:38.046676+00:00
[2021-08-12 15:50:50,691] {standard_task_runner.py:52} INFO - Started process 31565 to run task
[2021-08-12 15:50:50,700] {standard_task_runner.py:76} INFO - Running: ['airflow', 'tasks', 'run', 'xcom_dag', 'choose_model', '2021-08-12T13:50:38.046676+00:00', '--job-id', '176', '--pool', 'default_pool', '--raw', '--subdir', 'DAGS_FOLDER/xcomss.py', '--cfg-path', '/tmp/tmpf0tr_0co', '--error-file', '/tmp/tmp0hjw1mtt']
[2021-08-12 15:50:50,701] {standard_task_runner.py:77} INFO - Job 176: Subtask choose_model
[2021-08-12 15:50:50,739] {logging_mixin.py:104} INFO - Running <TaskInstance: xcom_dag.choose_model 2021-08-12T13:50:38.046676+00:00 [running]> on host adam
[2021-08-12 15:50:50,781] {taskinstance.py:1300} INFO - Exporting the following env vars:
AIRFLOW_CTX_DAG_OWNER=airflow
AIRFLOW_CTX_DAG_ID=xcom_dag
AIRFLOW_CTX_TASK_ID=choose_model
AIRFLOW_CTX_EXECUTION_DATE=2021-08-12T13:50:38.046676+00:00
AIRFLOW_CTX_DAG_RUN_ID=manual__2021-08-12T13:50:38.046676+00:00
[2021-08-12 15:50:50,782] {logging_mixin.py:104} INFO - choose best model
[2021-08-12 15:50:50,785] {logging_mixin.py:104} INFO - [5.921039943598886, 5.81969010087578, 3.2550616248331146]
[2021-08-12 15:50:50,785] {python.py:151} INFO - Done. Returned value was: None
[2021-08-12 15:50:50,790] {taskinstance.py:1204} INFO - Marking task as SUCCESS. dag_id=xcom_dag, task_id=choose_model, execution_date=20210812T135038, start_date=20210812T135050, end_date=20210812T135050
[2021-08-12 15:50:50,807] {taskinstance.py:1265} INFO - 0 downstream tasks scheduled from follow-on schedule check
[2021-08-12 15:50:50,831] {local_task_job.py:149} INFO - Task exited with return code 0
