[2021-08-12 17:11:54,705] {taskinstance.py:896} INFO - Dependencies all met for <TaskInstance: xcom_dag.choose_model 2021-08-12T15:11:42.386563+00:00 [queued]>
[2021-08-12 17:11:54,715] {taskinstance.py:896} INFO - Dependencies all met for <TaskInstance: xcom_dag.choose_model 2021-08-12T15:11:42.386563+00:00 [queued]>
[2021-08-12 17:11:54,716] {taskinstance.py:1087} INFO - 
--------------------------------------------------------------------------------
[2021-08-12 17:11:54,716] {taskinstance.py:1088} INFO - Starting attempt 1 of 1
[2021-08-12 17:11:54,716] {taskinstance.py:1089} INFO - 
--------------------------------------------------------------------------------
[2021-08-12 17:11:54,724] {taskinstance.py:1107} INFO - Executing <Task(BranchPythonOperator): choose_model> on 2021-08-12T15:11:42.386563+00:00
[2021-08-12 17:11:54,728] {standard_task_runner.py:52} INFO - Started process 137866 to run task
[2021-08-12 17:11:54,735] {standard_task_runner.py:76} INFO - Running: ['airflow', 'tasks', 'run', 'xcom_dag', 'choose_model', '2021-08-12T15:11:42.386563+00:00', '--job-id', '197', '--pool', 'default_pool', '--raw', '--subdir', 'DAGS_FOLDER/xcomss.py', '--cfg-path', '/tmp/tmpb0hlpiia', '--error-file', '/tmp/tmpxwtob2w_']
[2021-08-12 17:11:54,736] {standard_task_runner.py:77} INFO - Job 197: Subtask choose_model
[2021-08-12 17:11:54,763] {logging_mixin.py:104} INFO - Running <TaskInstance: xcom_dag.choose_model 2021-08-12T15:11:42.386563+00:00 [running]> on host adam
[2021-08-12 17:11:54,790] {taskinstance.py:1300} INFO - Exporting the following env vars:
AIRFLOW_CTX_DAG_OWNER=airflow
AIRFLOW_CTX_DAG_ID=xcom_dag
AIRFLOW_CTX_TASK_ID=choose_model
AIRFLOW_CTX_EXECUTION_DATE=2021-08-12T15:11:42.386563+00:00
AIRFLOW_CTX_DAG_RUN_ID=manual__2021-08-12T15:11:42.386563+00:00
[2021-08-12 17:11:54,791] {logging_mixin.py:104} INFO - choose best model
[2021-08-12 17:11:54,796] {logging_mixin.py:104} INFO - [4.444935488099684, 3.1168176393312312, 7.555717966255304]
[2021-08-12 17:11:54,796] {python.py:151} INFO - Done. Returned value was: inaccurate
[2021-08-12 17:11:54,796] {skipmixin.py:124} INFO - Following branch inaccurate
[2021-08-12 17:11:54,798] {skipmixin.py:155} INFO - Skipping tasks ['accurate']
[2021-08-12 17:11:54,819] {taskinstance.py:1204} INFO - Marking task as SUCCESS. dag_id=xcom_dag, task_id=choose_model, execution_date=20210812T151142, start_date=20210812T151154, end_date=20210812T151154
[2021-08-12 17:11:54,836] {taskinstance.py:1265} INFO - 1 downstream tasks scheduled from follow-on schedule check
[2021-08-12 17:11:54,866] {local_task_job.py:149} INFO - Task exited with return code 0
