[2021-08-12 15:24:51,021] {taskinstance.py:896} INFO - Dependencies all met for <TaskInstance: parallel_dag_03.processing_tasks.task_3 2021-08-12T13:10:11.156723+00:00 [queued]>
[2021-08-12 15:24:51,026] {taskinstance.py:896} INFO - Dependencies all met for <TaskInstance: parallel_dag_03.processing_tasks.task_3 2021-08-12T13:10:11.156723+00:00 [queued]>
[2021-08-12 15:24:51,026] {taskinstance.py:1087} INFO - 
--------------------------------------------------------------------------------
[2021-08-12 15:24:51,026] {taskinstance.py:1088} INFO - Starting attempt 1 of 1
[2021-08-12 15:24:51,026] {taskinstance.py:1089} INFO - 
--------------------------------------------------------------------------------
[2021-08-12 15:24:51,032] {taskinstance.py:1107} INFO - Executing <Task(BashOperator): processing_tasks.task_3> on 2021-08-12T13:10:11.156723+00:00
[2021-08-12 15:24:51,034] {standard_task_runner.py:52} INFO - Started process 497035 to run task
[2021-08-12 15:24:51,037] {standard_task_runner.py:76} INFO - Running: ['airflow', 'tasks', 'run', 'parallel_dag_03', 'processing_tasks.task_3', '2021-08-12T13:10:11.156723+00:00', '--job-id', '106', '--pool', 'default_pool', '--raw', '--subdir', 'DAGS_FOLDER/task_example.py', '--cfg-path', '/tmp/tmp7kbqgys5', '--error-file', '/tmp/tmppguj6mnt']
[2021-08-12 15:24:51,038] {standard_task_runner.py:77} INFO - Job 106: Subtask processing_tasks.task_3
[2021-08-12 15:24:51,056] {logging_mixin.py:104} INFO - Running <TaskInstance: parallel_dag_03.processing_tasks.task_3 2021-08-12T13:10:11.156723+00:00 [running]> on host adam
[2021-08-12 15:24:51,080] {taskinstance.py:1300} INFO - Exporting the following env vars:
AIRFLOW_CTX_DAG_OWNER=airflow
AIRFLOW_CTX_DAG_ID=parallel_dag_03
AIRFLOW_CTX_TASK_ID=processing_tasks.task_3
AIRFLOW_CTX_EXECUTION_DATE=2021-08-12T13:10:11.156723+00:00
AIRFLOW_CTX_DAG_RUN_ID=manual__2021-08-12T13:10:11.156723+00:00
[2021-08-12 15:24:51,081] {subprocess.py:52} INFO - Tmp dir root location: 
 /tmp
[2021-08-12 15:24:51,081] {subprocess.py:63} INFO - Running command: ['bash', '-c', 'echo task 3']
[2021-08-12 15:24:51,115] {subprocess.py:74} INFO - Output:
[2021-08-12 15:24:51,116] {subprocess.py:78} INFO - task 3
[2021-08-12 15:24:51,116] {subprocess.py:82} INFO - Command exited with return code 0
[2021-08-12 15:24:51,127] {taskinstance.py:1204} INFO - Marking task as SUCCESS. dag_id=parallel_dag_03, task_id=processing_tasks.task_3, execution_date=20210812T131011, start_date=20210812T132451, end_date=20210812T132451
[2021-08-12 15:24:51,144] {taskinstance.py:1265} INFO - 0 downstream tasks scheduled from follow-on schedule check
[2021-08-12 15:24:51,168] {local_task_job.py:149} INFO - Task exited with return code 0
