[2021-08-12 17:07:06,359] {taskinstance.py:896} INFO - Dependencies all met for <TaskInstance: xcom_dag.choose_model 2021-08-12T15:06:54.122286+00:00 [queued]>
[2021-08-12 17:07:06,368] {taskinstance.py:896} INFO - Dependencies all met for <TaskInstance: xcom_dag.choose_model 2021-08-12T15:06:54.122286+00:00 [queued]>
[2021-08-12 17:07:06,368] {taskinstance.py:1087} INFO - 
--------------------------------------------------------------------------------
[2021-08-12 17:07:06,368] {taskinstance.py:1088} INFO - Starting attempt 1 of 1
[2021-08-12 17:07:06,368] {taskinstance.py:1089} INFO - 
--------------------------------------------------------------------------------
[2021-08-12 17:07:06,379] {taskinstance.py:1107} INFO - Executing <Task(PythonOperator): choose_model> on 2021-08-12T15:06:54.122286+00:00
[2021-08-12 17:07:06,381] {standard_task_runner.py:52} INFO - Started process 131491 to run task
[2021-08-12 17:07:06,386] {standard_task_runner.py:76} INFO - Running: ['airflow', 'tasks', 'run', 'xcom_dag', 'choose_model', '2021-08-12T15:06:54.122286+00:00', '--job-id', '186', '--pool', 'default_pool', '--raw', '--subdir', 'DAGS_FOLDER/xcomss.py', '--cfg-path', '/tmp/tmpm4_lsib3', '--error-file', '/tmp/tmpbehtkdav']
[2021-08-12 17:07:06,386] {standard_task_runner.py:77} INFO - Job 186: Subtask choose_model
[2021-08-12 17:07:06,419] {logging_mixin.py:104} INFO - Running <TaskInstance: xcom_dag.choose_model 2021-08-12T15:06:54.122286+00:00 [running]> on host adam
[2021-08-12 17:07:06,452] {taskinstance.py:1300} INFO - Exporting the following env vars:
AIRFLOW_CTX_DAG_OWNER=airflow
AIRFLOW_CTX_DAG_ID=xcom_dag
AIRFLOW_CTX_TASK_ID=choose_model
AIRFLOW_CTX_EXECUTION_DATE=2021-08-12T15:06:54.122286+00:00
AIRFLOW_CTX_DAG_RUN_ID=manual__2021-08-12T15:06:54.122286+00:00
[2021-08-12 17:07:06,453] {logging_mixin.py:104} INFO - choose best model
[2021-08-12 17:07:06,459] {logging_mixin.py:104} INFO - [1.0647693607349673, 7.4734735382990705, 1.5287086105916574]
[2021-08-12 17:07:06,460] {python.py:151} INFO - Done. Returned value was: None
[2021-08-12 17:07:06,463] {taskinstance.py:1204} INFO - Marking task as SUCCESS. dag_id=xcom_dag, task_id=choose_model, execution_date=20210812T150654, start_date=20210812T150706, end_date=20210812T150706
[2021-08-12 17:07:06,480] {taskinstance.py:1265} INFO - 1 downstream tasks scheduled from follow-on schedule check
[2021-08-12 17:07:06,516] {local_task_job.py:149} INFO - Task exited with return code 0
