[2021-08-12 15:48:44,235] {taskinstance.py:896} INFO - Dependencies all met for <TaskInstance: xcom_dag.processing_tasks.training_model_b 2021-08-12T13:48:35.406685+00:00 [queued]>
[2021-08-12 15:48:44,239] {taskinstance.py:896} INFO - Dependencies all met for <TaskInstance: xcom_dag.processing_tasks.training_model_b 2021-08-12T13:48:35.406685+00:00 [queued]>
[2021-08-12 15:48:44,239] {taskinstance.py:1087} INFO - 
--------------------------------------------------------------------------------
[2021-08-12 15:48:44,239] {taskinstance.py:1088} INFO - Starting attempt 1 of 1
[2021-08-12 15:48:44,239] {taskinstance.py:1089} INFO - 
--------------------------------------------------------------------------------
[2021-08-12 15:48:44,245] {taskinstance.py:1107} INFO - Executing <Task(PythonOperator): processing_tasks.training_model_b> on 2021-08-12T13:48:35.406685+00:00
[2021-08-12 15:48:44,247] {standard_task_runner.py:52} INFO - Started process 28826 to run task
[2021-08-12 15:48:44,251] {standard_task_runner.py:76} INFO - Running: ['airflow', 'tasks', 'run', 'xcom_dag', 'processing_tasks.training_model_b', '2021-08-12T13:48:35.406685+00:00', '--job-id', '169', '--pool', 'default_pool', '--raw', '--subdir', 'DAGS_FOLDER/xcomss.py', '--cfg-path', '/tmp/tmpr0q0xj7y', '--error-file', '/tmp/tmpwkkmtqzk']
[2021-08-12 15:48:44,251] {standard_task_runner.py:77} INFO - Job 169: Subtask processing_tasks.training_model_b
[2021-08-12 15:48:44,269] {logging_mixin.py:104} INFO - Running <TaskInstance: xcom_dag.processing_tasks.training_model_b 2021-08-12T13:48:35.406685+00:00 [running]> on host adam
[2021-08-12 15:48:44,291] {taskinstance.py:1300} INFO - Exporting the following env vars:
AIRFLOW_CTX_DAG_OWNER=airflow
AIRFLOW_CTX_DAG_ID=xcom_dag
AIRFLOW_CTX_TASK_ID=processing_tasks.training_model_b
AIRFLOW_CTX_EXECUTION_DATE=2021-08-12T13:48:35.406685+00:00
AIRFLOW_CTX_DAG_RUN_ID=manual__2021-08-12T13:48:35.406685+00:00
[2021-08-12 15:48:44,292] {logging_mixin.py:104} INFO - model's accuracy: 8.214205841964198
[2021-08-12 15:48:44,297] {python.py:151} INFO - Done. Returned value was: None
[2021-08-12 15:48:44,301] {taskinstance.py:1204} INFO - Marking task as SUCCESS. dag_id=xcom_dag, task_id=processing_tasks.training_model_b, execution_date=20210812T134835, start_date=20210812T134844, end_date=20210812T134844
[2021-08-12 15:48:44,314] {taskinstance.py:1265} INFO - 0 downstream tasks scheduled from follow-on schedule check
[2021-08-12 15:48:44,342] {local_task_job.py:149} INFO - Task exited with return code 0
