[2021-08-12 15:41:47,198] {taskinstance.py:896} INFO - Dependencies all met for <TaskInstance: xcom_dag.processing_tasks.training_model_a 2021-08-11T00:00:00+00:00 [queued]>
[2021-08-12 15:41:47,203] {taskinstance.py:896} INFO - Dependencies all met for <TaskInstance: xcom_dag.processing_tasks.training_model_a 2021-08-11T00:00:00+00:00 [queued]>
[2021-08-12 15:41:47,203] {taskinstance.py:1087} INFO - 
--------------------------------------------------------------------------------
[2021-08-12 15:41:47,203] {taskinstance.py:1088} INFO - Starting attempt 1 of 1
[2021-08-12 15:41:47,203] {taskinstance.py:1089} INFO - 
--------------------------------------------------------------------------------
[2021-08-12 15:41:47,211] {taskinstance.py:1107} INFO - Executing <Task(PythonOperator): processing_tasks.training_model_a> on 2021-08-11T00:00:00+00:00
[2021-08-12 15:41:47,216] {standard_task_runner.py:52} INFO - Started process 19690 to run task
[2021-08-12 15:41:47,222] {standard_task_runner.py:76} INFO - Running: ['airflow', 'tasks', 'run', 'xcom_dag', 'processing_tasks.training_model_a', '2021-08-11T00:00:00+00:00', '--job-id', '153', '--pool', 'default_pool', '--raw', '--subdir', 'DAGS_FOLDER/xcomss.py', '--cfg-path', '/tmp/tmp97sw2akr', '--error-file', '/tmp/tmp90thf0bs']
[2021-08-12 15:41:47,223] {standard_task_runner.py:77} INFO - Job 153: Subtask processing_tasks.training_model_a
[2021-08-12 15:41:47,247] {logging_mixin.py:104} INFO - Running <TaskInstance: xcom_dag.processing_tasks.training_model_a 2021-08-11T00:00:00+00:00 [running]> on host adam
[2021-08-12 15:41:47,272] {taskinstance.py:1300} INFO - Exporting the following env vars:
AIRFLOW_CTX_DAG_OWNER=airflow
AIRFLOW_CTX_DAG_ID=xcom_dag
AIRFLOW_CTX_TASK_ID=processing_tasks.training_model_a
AIRFLOW_CTX_EXECUTION_DATE=2021-08-11T00:00:00+00:00
AIRFLOW_CTX_DAG_RUN_ID=scheduled__2021-08-11T00:00:00+00:00
[2021-08-12 15:41:47,272] {logging_mixin.py:104} INFO - model's accuracy: 6.280400556504576
[2021-08-12 15:41:47,280] {python.py:151} INFO - Done. Returned value was: None
[2021-08-12 15:41:47,284] {taskinstance.py:1204} INFO - Marking task as SUCCESS. dag_id=xcom_dag, task_id=processing_tasks.training_model_a, execution_date=20210811T000000, start_date=20210812T134147, end_date=20210812T134147
[2021-08-12 15:41:47,297] {taskinstance.py:1265} INFO - 0 downstream tasks scheduled from follow-on schedule check
[2021-08-12 15:41:47,312] {local_task_job.py:149} INFO - Task exited with return code 0
