[2021-08-12 15:36:17,568] {taskinstance.py:896} INFO - Dependencies all met for <TaskInstance: parallel_dag_03.task_5 2021-08-12T13:29:34.600217+00:00 [queued]>
[2021-08-12 15:36:17,578] {taskinstance.py:896} INFO - Dependencies all met for <TaskInstance: parallel_dag_03.task_5 2021-08-12T13:29:34.600217+00:00 [queued]>
[2021-08-12 15:36:17,579] {taskinstance.py:1087} INFO - 
--------------------------------------------------------------------------------
[2021-08-12 15:36:17,579] {taskinstance.py:1088} INFO - Starting attempt 1 of 1
[2021-08-12 15:36:17,579] {taskinstance.py:1089} INFO - 
--------------------------------------------------------------------------------
[2021-08-12 15:36:17,598] {taskinstance.py:1107} INFO - Executing <Task(BashOperator): task_5> on 2021-08-12T13:29:34.600217+00:00
[2021-08-12 15:36:17,602] {standard_task_runner.py:52} INFO - Started process 12105 to run task
[2021-08-12 15:36:17,626] {standard_task_runner.py:76} INFO - Running: ['airflow', 'tasks', 'run', 'parallel_dag_03', 'task_5', '2021-08-12T13:29:34.600217+00:00', '--job-id', '146', '--pool', 'default_pool', '--raw', '--subdir', 'DAGS_FOLDER/task_example.py', '--cfg-path', '/tmp/tmpo0ham87g', '--error-file', '/tmp/tmpnecst91e']
[2021-08-12 15:36:17,627] {standard_task_runner.py:77} INFO - Job 146: Subtask task_5
[2021-08-12 15:36:17,693] {logging_mixin.py:104} INFO - Running <TaskInstance: parallel_dag_03.task_5 2021-08-12T13:29:34.600217+00:00 [running]> on host adam
[2021-08-12 15:36:17,753] {taskinstance.py:1300} INFO - Exporting the following env vars:
AIRFLOW_CTX_DAG_OWNER=airflow
AIRFLOW_CTX_DAG_ID=parallel_dag_03
AIRFLOW_CTX_TASK_ID=task_5
AIRFLOW_CTX_EXECUTION_DATE=2021-08-12T13:29:34.600217+00:00
AIRFLOW_CTX_DAG_RUN_ID=manual__2021-08-12T13:29:34.600217+00:00
[2021-08-12 15:36:17,754] {subprocess.py:52} INFO - Tmp dir root location: 
 /tmp
[2021-08-12 15:36:17,754] {subprocess.py:63} INFO - Running command: ['bash', '-c', 'echo hello from airflow > ~/Documents/hello_airflow.txt']
[2021-08-12 15:36:17,765] {subprocess.py:74} INFO - Output:
[2021-08-12 15:36:17,769] {subprocess.py:82} INFO - Command exited with return code 0
[2021-08-12 15:36:17,791] {taskinstance.py:1204} INFO - Marking task as SUCCESS. dag_id=parallel_dag_03, task_id=task_5, execution_date=20210812T132934, start_date=20210812T133617, end_date=20210812T133617
[2021-08-12 15:36:17,813] {taskinstance.py:1265} INFO - 0 downstream tasks scheduled from follow-on schedule check
[2021-08-12 15:36:17,833] {local_task_job.py:149} INFO - Task exited with return code 0
