[2021-08-12 17:17:47,879] {taskinstance.py:896} INFO - Dependencies all met for <TaskInstance: trigger_rule.task_1 2021-08-12T15:17:45.307406+00:00 [queued]>
[2021-08-12 17:17:47,889] {taskinstance.py:896} INFO - Dependencies all met for <TaskInstance: trigger_rule.task_1 2021-08-12T15:17:45.307406+00:00 [queued]>
[2021-08-12 17:17:47,889] {taskinstance.py:1087} INFO - 
--------------------------------------------------------------------------------
[2021-08-12 17:17:47,889] {taskinstance.py:1088} INFO - Starting attempt 1 of 1
[2021-08-12 17:17:47,889] {taskinstance.py:1089} INFO - 
--------------------------------------------------------------------------------
[2021-08-12 17:17:47,904] {taskinstance.py:1107} INFO - Executing <Task(BashOperator): task_1> on 2021-08-12T15:17:45.307406+00:00
[2021-08-12 17:17:47,909] {standard_task_runner.py:52} INFO - Started process 145688 to run task
[2021-08-12 17:17:47,914] {standard_task_runner.py:76} INFO - Running: ['airflow', 'tasks', 'run', 'trigger_rule', 'task_1', '2021-08-12T15:17:45.307406+00:00', '--job-id', '198', '--pool', 'default_pool', '--raw', '--subdir', 'DAGS_FOLDER/trigger_dag.py', '--cfg-path', '/tmp/tmpabziy4l7', '--error-file', '/tmp/tmpyvb5mhtw']
[2021-08-12 17:17:47,915] {standard_task_runner.py:77} INFO - Job 198: Subtask task_1
[2021-08-12 17:17:47,948] {logging_mixin.py:104} INFO - Running <TaskInstance: trigger_rule.task_1 2021-08-12T15:17:45.307406+00:00 [running]> on host adam
[2021-08-12 17:17:47,985] {taskinstance.py:1300} INFO - Exporting the following env vars:
AIRFLOW_CTX_DAG_OWNER=airflow
AIRFLOW_CTX_DAG_ID=trigger_rule
AIRFLOW_CTX_TASK_ID=task_1
AIRFLOW_CTX_EXECUTION_DATE=2021-08-12T15:17:45.307406+00:00
AIRFLOW_CTX_DAG_RUN_ID=manual__2021-08-12T15:17:45.307406+00:00
[2021-08-12 17:17:47,986] {subprocess.py:52} INFO - Tmp dir root location: 
 /tmp
[2021-08-12 17:17:47,986] {subprocess.py:63} INFO - Running command: ['bash', '-c', 'exit 1']
[2021-08-12 17:17:47,996] {subprocess.py:74} INFO - Output:
[2021-08-12 17:17:47,998] {subprocess.py:82} INFO - Command exited with return code 1
[2021-08-12 17:17:48,007] {taskinstance.py:1501} ERROR - Task failed with exception
Traceback (most recent call last):
  File "/home/adam/.virtualenvs/airflow_telia/lib/python3.9/site-packages/airflow/models/taskinstance.py", line 1157, in _run_raw_task
    self._prepare_and_execute_task_with_callbacks(context, task)
  File "/home/adam/.virtualenvs/airflow_telia/lib/python3.9/site-packages/airflow/models/taskinstance.py", line 1331, in _prepare_and_execute_task_with_callbacks
    result = self._execute_task(context, task_copy)
  File "/home/adam/.virtualenvs/airflow_telia/lib/python3.9/site-packages/airflow/models/taskinstance.py", line 1361, in _execute_task
    result = task_copy.execute(context=context)
  File "/home/adam/.virtualenvs/airflow_telia/lib/python3.9/site-packages/airflow/operators/bash.py", line 176, in execute
    raise AirflowException('Bash command failed. The command returned a non-zero exit code.')
airflow.exceptions.AirflowException: Bash command failed. The command returned a non-zero exit code.
[2021-08-12 17:17:48,010] {taskinstance.py:1544} INFO - Marking task as FAILED. dag_id=trigger_rule, task_id=task_1, execution_date=20210812T151745, start_date=20210812T151747, end_date=20210812T151748
[2021-08-12 17:17:48,045] {local_task_job.py:149} INFO - Task exited with return code 1
