[2021-08-12 17:22:01,274] {taskinstance.py:896} INFO - Dependencies all met for <TaskInstance: xcom_dag.processing_tasks.training_model_a 2021-08-12T15:21:53.735863+00:00 [queued]>
[2021-08-12 17:22:01,281] {taskinstance.py:896} INFO - Dependencies all met for <TaskInstance: xcom_dag.processing_tasks.training_model_a 2021-08-12T15:21:53.735863+00:00 [queued]>
[2021-08-12 17:22:01,282] {taskinstance.py:1087} INFO - 
--------------------------------------------------------------------------------
[2021-08-12 17:22:01,282] {taskinstance.py:1088} INFO - Starting attempt 1 of 1
[2021-08-12 17:22:01,282] {taskinstance.py:1089} INFO - 
--------------------------------------------------------------------------------
[2021-08-12 17:22:01,294] {taskinstance.py:1107} INFO - Executing <Task(PythonOperator): processing_tasks.training_model_a> on 2021-08-12T15:21:53.735863+00:00
[2021-08-12 17:22:01,299] {standard_task_runner.py:52} INFO - Started process 151261 to run task
[2021-08-12 17:22:01,306] {standard_task_runner.py:76} INFO - Running: ['airflow', 'tasks', 'run', 'xcom_dag', 'processing_tasks.training_model_a', '2021-08-12T15:21:53.735863+00:00', '--job-id', '204', '--pool', 'default_pool', '--raw', '--subdir', 'DAGS_FOLDER/xcomss.py', '--cfg-path', '/tmp/tmpet2ojlj_', '--error-file', '/tmp/tmpc35sp7rb']
[2021-08-12 17:22:01,307] {standard_task_runner.py:77} INFO - Job 204: Subtask processing_tasks.training_model_a
[2021-08-12 17:22:01,350] {logging_mixin.py:104} INFO - Running <TaskInstance: xcom_dag.processing_tasks.training_model_a 2021-08-12T15:21:53.735863+00:00 [running]> on host adam
[2021-08-12 17:22:01,386] {taskinstance.py:1300} INFO - Exporting the following env vars:
AIRFLOW_CTX_DAG_OWNER=airflow
AIRFLOW_CTX_DAG_ID=xcom_dag
AIRFLOW_CTX_TASK_ID=processing_tasks.training_model_a
AIRFLOW_CTX_EXECUTION_DATE=2021-08-12T15:21:53.735863+00:00
AIRFLOW_CTX_DAG_RUN_ID=manual__2021-08-12T15:21:53.735863+00:00
[2021-08-12 17:22:01,387] {logging_mixin.py:104} INFO - model's accuracy: 2.7722901223094425
[2021-08-12 17:22:01,396] {python.py:151} INFO - Done. Returned value was: None
[2021-08-12 17:22:01,401] {taskinstance.py:1204} INFO - Marking task as SUCCESS. dag_id=xcom_dag, task_id=processing_tasks.training_model_a, execution_date=20210812T152153, start_date=20210812T152201, end_date=20210812T152201
[2021-08-12 17:22:01,427] {taskinstance.py:1265} INFO - 0 downstream tasks scheduled from follow-on schedule check
[2021-08-12 17:22:01,443] {local_task_job.py:149} INFO - Task exited with return code 0
