[2021-08-03 21:44:41,207] {taskinstance.py:896} INFO - Dependencies all met for <TaskInstance: example_bash_operator.run_after_loop 2021-08-01T00:00:00+00:00 [queued]>
[2021-08-03 21:44:41,214] {taskinstance.py:896} INFO - Dependencies all met for <TaskInstance: example_bash_operator.run_after_loop 2021-08-01T00:00:00+00:00 [queued]>
[2021-08-03 21:44:41,214] {taskinstance.py:1087} INFO - 
--------------------------------------------------------------------------------
[2021-08-03 21:44:41,214] {taskinstance.py:1088} INFO - Starting attempt 1 of 1
[2021-08-03 21:44:41,214] {taskinstance.py:1089} INFO - 
--------------------------------------------------------------------------------
[2021-08-03 21:44:41,224] {taskinstance.py:1107} INFO - Executing <Task(BashOperator): run_after_loop> on 2021-08-01T00:00:00+00:00
[2021-08-03 21:44:41,226] {standard_task_runner.py:52} INFO - Started process 41301 to run task
[2021-08-03 21:44:41,230] {standard_task_runner.py:76} INFO - Running: ['airflow', 'tasks', 'run', 'example_bash_operator', 'run_after_loop', '2021-08-01T00:00:00+00:00', '--job-id', '11', '--pool', 'default_pool', '--raw', '--subdir', '/home/adam/.local/lib/python3.9/site-packages/airflow/example_dags/example_bash_operator.py', '--cfg-path', '/tmp/tmpi1q053qx', '--error-file', '/tmp/tmp1fa0l75y']
[2021-08-03 21:44:41,230] {standard_task_runner.py:77} INFO - Job 11: Subtask run_after_loop
[2021-08-03 21:44:41,260] {logging_mixin.py:104} INFO - Running <TaskInstance: example_bash_operator.run_after_loop 2021-08-01T00:00:00+00:00 [running]> on host adam
[2021-08-03 21:44:41,294] {taskinstance.py:1300} INFO - Exporting the following env vars:
AIRFLOW_CTX_DAG_OWNER=airflow
AIRFLOW_CTX_DAG_ID=example_bash_operator
AIRFLOW_CTX_TASK_ID=run_after_loop
AIRFLOW_CTX_EXECUTION_DATE=2021-08-01T00:00:00+00:00
AIRFLOW_CTX_DAG_RUN_ID=scheduled__2021-08-01T00:00:00+00:00
[2021-08-03 21:44:41,295] {subprocess.py:52} INFO - Tmp dir root location: 
 /tmp
[2021-08-03 21:44:41,295] {subprocess.py:63} INFO - Running command: ['bash', '-c', 'echo 1']
[2021-08-03 21:44:41,301] {subprocess.py:75} INFO - Output:
[2021-08-03 21:44:41,302] {subprocess.py:79} INFO - 1
[2021-08-03 21:44:41,302] {subprocess.py:83} INFO - Command exited with return code 0
[2021-08-03 21:44:41,315] {taskinstance.py:1204} INFO - Marking task as SUCCESS. dag_id=example_bash_operator, task_id=run_after_loop, execution_date=20210801T000000, start_date=20210803T194441, end_date=20210803T194441
[2021-08-03 21:44:41,328] {taskinstance.py:1265} INFO - 0 downstream tasks scheduled from follow-on schedule check
[2021-08-03 21:44:41,360] {local_task_job.py:151} INFO - Task exited with return code 0
[2021-08-03 21:44:41,374] {dagrun.py:444} INFO - Marking run <DagRun example_bash_operator @ 2021-08-01 00:00:00+00:00: scheduled__2021-08-01T00:00:00+00:00, externally triggered: False> successful
