[2021-08-12 15:01:43,712] {taskinstance.py:896} INFO - Dependencies all met for <TaskInstance: parallel_dag_03.processing_tasks.task_3 2021-08-10T00:00:00+00:00 [queued]>
[2021-08-12 15:01:43,727] {taskinstance.py:896} INFO - Dependencies all met for <TaskInstance: parallel_dag_03.processing_tasks.task_3 2021-08-10T00:00:00+00:00 [queued]>
[2021-08-12 15:01:43,727] {taskinstance.py:1087} INFO - 
--------------------------------------------------------------------------------
[2021-08-12 15:01:43,728] {taskinstance.py:1088} INFO - Starting attempt 1 of 1
[2021-08-12 15:01:43,728] {taskinstance.py:1089} INFO - 
--------------------------------------------------------------------------------
[2021-08-12 15:01:43,737] {taskinstance.py:1107} INFO - Executing <Task(BashOperator): processing_tasks.task_3> on 2021-08-10T00:00:00+00:00
[2021-08-12 15:01:43,742] {standard_task_runner.py:52} INFO - Started process 467255 to run task
[2021-08-12 15:01:43,747] {standard_task_runner.py:76} INFO - Running: ['airflow', 'tasks', 'run', 'parallel_dag_03', 'processing_tasks.task_3', '2021-08-10T00:00:00+00:00', '--job-id', '79', '--pool', 'default_pool', '--raw', '--subdir', 'DAGS_FOLDER/task_example.py', '--cfg-path', '/tmp/tmpnpk_mz5o', '--error-file', '/tmp/tmpinjqmxzx']
[2021-08-12 15:01:43,748] {standard_task_runner.py:77} INFO - Job 79: Subtask processing_tasks.task_3
[2021-08-12 15:01:43,773] {logging_mixin.py:104} INFO - Running <TaskInstance: parallel_dag_03.processing_tasks.task_3 2021-08-10T00:00:00+00:00 [running]> on host adam
[2021-08-12 15:01:43,801] {taskinstance.py:1300} INFO - Exporting the following env vars:
AIRFLOW_CTX_DAG_OWNER=airflow
AIRFLOW_CTX_DAG_ID=parallel_dag_03
AIRFLOW_CTX_TASK_ID=processing_tasks.task_3
AIRFLOW_CTX_EXECUTION_DATE=2021-08-10T00:00:00+00:00
AIRFLOW_CTX_DAG_RUN_ID=scheduled__2021-08-10T00:00:00+00:00
[2021-08-12 15:01:43,802] {subprocess.py:52} INFO - Tmp dir root location: 
 /tmp
[2021-08-12 15:01:43,802] {subprocess.py:63} INFO - Running command: ['bash', '-c', 'echo task 3']
[2021-08-12 15:01:43,810] {subprocess.py:74} INFO - Output:
[2021-08-12 15:01:43,811] {subprocess.py:78} INFO - task 3
[2021-08-12 15:01:43,811] {subprocess.py:82} INFO - Command exited with return code 0
[2021-08-12 15:01:43,825] {taskinstance.py:1204} INFO - Marking task as SUCCESS. dag_id=parallel_dag_03, task_id=processing_tasks.task_3, execution_date=20210810T000000, start_date=20210812T130143, end_date=20210812T130143
[2021-08-12 15:01:43,842] {taskinstance.py:1265} INFO - 1 downstream tasks scheduled from follow-on schedule check
[2021-08-12 15:01:43,878] {local_task_job.py:149} INFO - Task exited with return code 0
[2021-08-12 15:35:48,482] {taskinstance.py:896} INFO - Dependencies all met for <TaskInstance: parallel_dag_03.processing_tasks.task_3 2021-08-10T00:00:00+00:00 [queued]>
[2021-08-12 15:35:48,491] {taskinstance.py:896} INFO - Dependencies all met for <TaskInstance: parallel_dag_03.processing_tasks.task_3 2021-08-10T00:00:00+00:00 [queued]>
[2021-08-12 15:35:48,491] {taskinstance.py:1087} INFO - 
--------------------------------------------------------------------------------
[2021-08-12 15:35:48,491] {taskinstance.py:1088} INFO - Starting attempt 1 of 1
[2021-08-12 15:35:48,491] {taskinstance.py:1089} INFO - 
--------------------------------------------------------------------------------
[2021-08-12 15:35:48,498] {taskinstance.py:1107} INFO - Executing <Task(BashOperator): processing_tasks.task_3> on 2021-08-10T00:00:00+00:00
[2021-08-12 15:35:48,501] {standard_task_runner.py:52} INFO - Started process 10783 to run task
[2021-08-12 15:35:48,507] {standard_task_runner.py:76} INFO - Running: ['airflow', 'tasks', 'run', 'parallel_dag_03', 'processing_tasks.task_3', '2021-08-10T00:00:00+00:00', '--job-id', '138', '--pool', 'default_pool', '--raw', '--subdir', 'DAGS_FOLDER/task_example.py', '--cfg-path', '/tmp/tmpjvkt390j', '--error-file', '/tmp/tmpno7w1soe']
[2021-08-12 15:35:48,508] {standard_task_runner.py:77} INFO - Job 138: Subtask processing_tasks.task_3
[2021-08-12 15:35:48,541] {logging_mixin.py:104} INFO - Running <TaskInstance: parallel_dag_03.processing_tasks.task_3 2021-08-10T00:00:00+00:00 [running]> on host adam
[2021-08-12 15:35:48,578] {taskinstance.py:1300} INFO - Exporting the following env vars:
AIRFLOW_CTX_DAG_OWNER=airflow
AIRFLOW_CTX_DAG_ID=parallel_dag_03
AIRFLOW_CTX_TASK_ID=processing_tasks.task_3
AIRFLOW_CTX_EXECUTION_DATE=2021-08-10T00:00:00+00:00
AIRFLOW_CTX_DAG_RUN_ID=scheduled__2021-08-10T00:00:00+00:00
[2021-08-12 15:35:48,580] {subprocess.py:52} INFO - Tmp dir root location: 
 /tmp
[2021-08-12 15:35:48,580] {subprocess.py:63} INFO - Running command: ['bash', '-c', 'echo task 3']
[2021-08-12 15:35:48,588] {subprocess.py:74} INFO - Output:
[2021-08-12 15:35:48,589] {subprocess.py:78} INFO - task 3
[2021-08-12 15:35:48,590] {subprocess.py:82} INFO - Command exited with return code 0
[2021-08-12 15:35:48,608] {taskinstance.py:1204} INFO - Marking task as SUCCESS. dag_id=parallel_dag_03, task_id=processing_tasks.task_3, execution_date=20210810T000000, start_date=20210812T133548, end_date=20210812T133548
[2021-08-12 15:35:48,630] {taskinstance.py:1265} INFO - 1 downstream tasks scheduled from follow-on schedule check
[2021-08-12 15:35:48,636] {local_task_job.py:149} INFO - Task exited with return code 0
