[2021-08-12 17:07:04,442] {taskinstance.py:896} INFO - Dependencies all met for <TaskInstance: xcom_dag.processing_tasks.training_model_c 2021-08-12T15:06:54.122286+00:00 [queued]>
[2021-08-12 17:07:04,447] {taskinstance.py:896} INFO - Dependencies all met for <TaskInstance: xcom_dag.processing_tasks.training_model_c 2021-08-12T15:06:54.122286+00:00 [queued]>
[2021-08-12 17:07:04,447] {taskinstance.py:1087} INFO - 
--------------------------------------------------------------------------------
[2021-08-12 17:07:04,447] {taskinstance.py:1088} INFO - Starting attempt 1 of 1
[2021-08-12 17:07:04,447] {taskinstance.py:1089} INFO - 
--------------------------------------------------------------------------------
[2021-08-12 17:07:04,459] {taskinstance.py:1107} INFO - Executing <Task(PythonOperator): processing_tasks.training_model_c> on 2021-08-12T15:06:54.122286+00:00
[2021-08-12 17:07:04,463] {standard_task_runner.py:52} INFO - Started process 131447 to run task
[2021-08-12 17:07:04,479] {standard_task_runner.py:76} INFO - Running: ['airflow', 'tasks', 'run', 'xcom_dag', 'processing_tasks.training_model_c', '2021-08-12T15:06:54.122286+00:00', '--job-id', '185', '--pool', 'default_pool', '--raw', '--subdir', 'DAGS_FOLDER/xcomss.py', '--cfg-path', '/tmp/tmp0ns44ak3', '--error-file', '/tmp/tmpmszos5_i']
[2021-08-12 17:07:04,479] {standard_task_runner.py:77} INFO - Job 185: Subtask processing_tasks.training_model_c
[2021-08-12 17:07:04,509] {logging_mixin.py:104} INFO - Running <TaskInstance: xcom_dag.processing_tasks.training_model_c 2021-08-12T15:06:54.122286+00:00 [running]> on host adam
[2021-08-12 17:07:04,542] {taskinstance.py:1300} INFO - Exporting the following env vars:
AIRFLOW_CTX_DAG_OWNER=airflow
AIRFLOW_CTX_DAG_ID=xcom_dag
AIRFLOW_CTX_TASK_ID=processing_tasks.training_model_c
AIRFLOW_CTX_EXECUTION_DATE=2021-08-12T15:06:54.122286+00:00
AIRFLOW_CTX_DAG_RUN_ID=manual__2021-08-12T15:06:54.122286+00:00
[2021-08-12 17:07:04,542] {logging_mixin.py:104} INFO - model's accuracy: 1.5287086105916574
[2021-08-12 17:07:04,549] {python.py:151} INFO - Done. Returned value was: None
[2021-08-12 17:07:04,554] {taskinstance.py:1204} INFO - Marking task as SUCCESS. dag_id=xcom_dag, task_id=processing_tasks.training_model_c, execution_date=20210812T150654, start_date=20210812T150704, end_date=20210812T150704
[2021-08-12 17:07:04,572] {taskinstance.py:1265} INFO - 1 downstream tasks scheduled from follow-on schedule check
[2021-08-12 17:07:04,603] {local_task_job.py:149} INFO - Task exited with return code 0
