[2021-08-12 15:50:48,561] {taskinstance.py:896} INFO - Dependencies all met for <TaskInstance: xcom_dag.processing_tasks.training_model_c 2021-08-12T13:50:38.046676+00:00 [queued]>
[2021-08-12 15:50:48,566] {taskinstance.py:896} INFO - Dependencies all met for <TaskInstance: xcom_dag.processing_tasks.training_model_c 2021-08-12T13:50:38.046676+00:00 [queued]>
[2021-08-12 15:50:48,566] {taskinstance.py:1087} INFO - 
--------------------------------------------------------------------------------
[2021-08-12 15:50:48,566] {taskinstance.py:1088} INFO - Starting attempt 1 of 1
[2021-08-12 15:50:48,566] {taskinstance.py:1089} INFO - 
--------------------------------------------------------------------------------
[2021-08-12 15:50:48,575] {taskinstance.py:1107} INFO - Executing <Task(PythonOperator): processing_tasks.training_model_c> on 2021-08-12T13:50:38.046676+00:00
[2021-08-12 15:50:48,578] {standard_task_runner.py:52} INFO - Started process 31515 to run task
[2021-08-12 15:50:48,582] {standard_task_runner.py:76} INFO - Running: ['airflow', 'tasks', 'run', 'xcom_dag', 'processing_tasks.training_model_c', '2021-08-12T13:50:38.046676+00:00', '--job-id', '175', '--pool', 'default_pool', '--raw', '--subdir', 'DAGS_FOLDER/xcomss.py', '--cfg-path', '/tmp/tmpweb5w8t6', '--error-file', '/tmp/tmp_god2xoh']
[2021-08-12 15:50:48,582] {standard_task_runner.py:77} INFO - Job 175: Subtask processing_tasks.training_model_c
[2021-08-12 15:50:48,610] {logging_mixin.py:104} INFO - Running <TaskInstance: xcom_dag.processing_tasks.training_model_c 2021-08-12T13:50:38.046676+00:00 [running]> on host adam
[2021-08-12 15:50:48,638] {taskinstance.py:1300} INFO - Exporting the following env vars:
AIRFLOW_CTX_DAG_OWNER=airflow
AIRFLOW_CTX_DAG_ID=xcom_dag
AIRFLOW_CTX_TASK_ID=processing_tasks.training_model_c
AIRFLOW_CTX_EXECUTION_DATE=2021-08-12T13:50:38.046676+00:00
AIRFLOW_CTX_DAG_RUN_ID=manual__2021-08-12T13:50:38.046676+00:00
[2021-08-12 15:50:48,639] {logging_mixin.py:104} INFO - model's accuracy: 3.2550616248331146
[2021-08-12 15:50:48,648] {python.py:151} INFO - Done. Returned value was: None
[2021-08-12 15:50:48,651] {taskinstance.py:1204} INFO - Marking task as SUCCESS. dag_id=xcom_dag, task_id=processing_tasks.training_model_c, execution_date=20210812T135038, start_date=20210812T135048, end_date=20210812T135048
[2021-08-12 15:50:48,669] {taskinstance.py:1265} INFO - 1 downstream tasks scheduled from follow-on schedule check
[2021-08-12 15:50:48,713] {local_task_job.py:149} INFO - Task exited with return code 0
