[2021-08-12 10:36:18,389] {taskinstance.py:896} INFO - Dependencies all met for <TaskInstance: parallel_dag.task_1 2021-08-11T00:00:00+00:00 [queued]>
[2021-08-12 10:36:18,393] {taskinstance.py:896} INFO - Dependencies all met for <TaskInstance: parallel_dag.task_1 2021-08-11T00:00:00+00:00 [queued]>
[2021-08-12 10:36:18,393] {taskinstance.py:1087} INFO - 
--------------------------------------------------------------------------------
[2021-08-12 10:36:18,393] {taskinstance.py:1088} INFO - Starting attempt 1 of 1
[2021-08-12 10:36:18,393] {taskinstance.py:1089} INFO - 
--------------------------------------------------------------------------------
[2021-08-12 10:36:18,400] {taskinstance.py:1107} INFO - Executing <Task(BashOperator): task_1> on 2021-08-11T00:00:00+00:00
[2021-08-12 10:36:18,401] {standard_task_runner.py:52} INFO - Started process 132284 to run task
[2021-08-12 10:36:18,405] {standard_task_runner.py:76} INFO - Running: ['airflow', 'tasks', 'run', 'parallel_dag', 'task_1', '2021-08-11T00:00:00+00:00', '--job-id', '30', '--pool', 'default_pool', '--raw', '--subdir', 'DAGS_FOLDER/subdag_example.py', '--cfg-path', '/tmp/tmpi2fqr40f', '--error-file', '/tmp/tmpbpr0ogw1']
[2021-08-12 10:36:18,405] {standard_task_runner.py:77} INFO - Job 30: Subtask task_1
[2021-08-12 10:36:18,425] {logging_mixin.py:104} INFO - Running <TaskInstance: parallel_dag.task_1 2021-08-11T00:00:00+00:00 [running]> on host adam
[2021-08-12 10:36:18,447] {taskinstance.py:1300} INFO - Exporting the following env vars:
AIRFLOW_CTX_DAG_OWNER=airflow
AIRFLOW_CTX_DAG_ID=parallel_dag
AIRFLOW_CTX_TASK_ID=task_1
AIRFLOW_CTX_EXECUTION_DATE=2021-08-11T00:00:00+00:00
AIRFLOW_CTX_DAG_RUN_ID=scheduled__2021-08-11T00:00:00+00:00
[2021-08-12 10:36:18,448] {subprocess.py:52} INFO - Tmp dir root location: 
 /tmp
[2021-08-12 10:36:18,448] {subprocess.py:63} INFO - Running command: ['bash', '-c', 'echo task 1']
[2021-08-12 10:36:18,452] {subprocess.py:74} INFO - Output:
[2021-08-12 10:36:18,453] {subprocess.py:78} INFO - task 1
[2021-08-12 10:36:18,453] {subprocess.py:82} INFO - Command exited with return code 0
[2021-08-12 10:36:18,464] {taskinstance.py:1204} INFO - Marking task as SUCCESS. dag_id=parallel_dag, task_id=task_1, execution_date=20210811T000000, start_date=20210812T083618, end_date=20210812T083618
[2021-08-12 10:36:18,478] {taskinstance.py:1265} INFO - 1 downstream tasks scheduled from follow-on schedule check
[2021-08-12 10:36:18,496] {local_task_job.py:149} INFO - Task exited with return code 0
[2021-08-12 10:37:40,190] {taskinstance.py:896} INFO - Dependencies all met for <TaskInstance: parallel_dag.task_1 2021-08-11T00:00:00+00:00 [queued]>
[2021-08-12 10:37:40,195] {taskinstance.py:896} INFO - Dependencies all met for <TaskInstance: parallel_dag.task_1 2021-08-11T00:00:00+00:00 [queued]>
[2021-08-12 10:37:40,195] {taskinstance.py:1087} INFO - 
--------------------------------------------------------------------------------
[2021-08-12 10:37:40,195] {taskinstance.py:1088} INFO - Starting attempt 1 of 1
[2021-08-12 10:37:40,195] {taskinstance.py:1089} INFO - 
--------------------------------------------------------------------------------
[2021-08-12 10:37:40,203] {taskinstance.py:1107} INFO - Executing <Task(BashOperator): task_1> on 2021-08-11T00:00:00+00:00
[2021-08-12 10:37:40,205] {standard_task_runner.py:52} INFO - Started process 134114 to run task
[2021-08-12 10:37:40,209] {standard_task_runner.py:76} INFO - Running: ['airflow', 'tasks', 'run', 'parallel_dag', 'task_1', '2021-08-11T00:00:00+00:00', '--job-id', '30', '--pool', 'default_pool', '--raw', '--subdir', 'DAGS_FOLDER/subdag_example.py', '--cfg-path', '/tmp/tmpwq_4wnl0', '--error-file', '/tmp/tmppb99vml1']
[2021-08-12 10:37:40,209] {standard_task_runner.py:77} INFO - Job 30: Subtask task_1
[2021-08-12 10:37:40,236] {logging_mixin.py:104} INFO - Running <TaskInstance: parallel_dag.task_1 2021-08-11T00:00:00+00:00 [running]> on host adam
[2021-08-12 10:37:40,263] {taskinstance.py:1300} INFO - Exporting the following env vars:
AIRFLOW_CTX_DAG_OWNER=airflow
AIRFLOW_CTX_DAG_ID=parallel_dag
AIRFLOW_CTX_TASK_ID=task_1
AIRFLOW_CTX_EXECUTION_DATE=2021-08-11T00:00:00+00:00
AIRFLOW_CTX_DAG_RUN_ID=scheduled__2021-08-11T00:00:00+00:00
[2021-08-12 10:37:40,263] {subprocess.py:52} INFO - Tmp dir root location: 
 /tmp
[2021-08-12 10:37:40,264] {subprocess.py:63} INFO - Running command: ['bash', '-c', 'echo task 1']
[2021-08-12 10:37:40,269] {subprocess.py:74} INFO - Output:
[2021-08-12 10:37:40,270] {subprocess.py:78} INFO - task 1
[2021-08-12 10:37:40,271] {subprocess.py:82} INFO - Command exited with return code 0
[2021-08-12 10:37:40,285] {taskinstance.py:1204} INFO - Marking task as SUCCESS. dag_id=parallel_dag, task_id=task_1, execution_date=20210811T000000, start_date=20210812T083740, end_date=20210812T083740
[2021-08-12 10:37:40,305] {taskinstance.py:1265} INFO - 2 downstream tasks scheduled from follow-on schedule check
[2021-08-12 10:37:40,340] {local_task_job.py:149} INFO - Task exited with return code 0
[2021-08-12 10:38:35,815] {taskinstance.py:896} INFO - Dependencies all met for <TaskInstance: parallel_dag.task_1 2021-08-11T00:00:00+00:00 [queued]>
[2021-08-12 10:38:35,819] {taskinstance.py:896} INFO - Dependencies all met for <TaskInstance: parallel_dag.task_1 2021-08-11T00:00:00+00:00 [queued]>
[2021-08-12 10:38:35,819] {taskinstance.py:1087} INFO - 
--------------------------------------------------------------------------------
[2021-08-12 10:38:35,819] {taskinstance.py:1088} INFO - Starting attempt 1 of 1
[2021-08-12 10:38:35,819] {taskinstance.py:1089} INFO - 
--------------------------------------------------------------------------------
[2021-08-12 10:38:35,825] {taskinstance.py:1107} INFO - Executing <Task(BashOperator): task_1> on 2021-08-11T00:00:00+00:00
[2021-08-12 10:38:35,827] {standard_task_runner.py:52} INFO - Started process 135493 to run task
[2021-08-12 10:38:35,831] {standard_task_runner.py:76} INFO - Running: ['airflow', 'tasks', 'run', 'parallel_dag', 'task_1', '2021-08-11T00:00:00+00:00', '--job-id', '30', '--pool', 'default_pool', '--raw', '--subdir', 'DAGS_FOLDER/subdag_example.py', '--cfg-path', '/tmp/tmply6j11io', '--error-file', '/tmp/tmpy4gv0hwr']
[2021-08-12 10:38:35,831] {standard_task_runner.py:77} INFO - Job 30: Subtask task_1
[2021-08-12 10:38:35,851] {logging_mixin.py:104} INFO - Running <TaskInstance: parallel_dag.task_1 2021-08-11T00:00:00+00:00 [running]> on host adam
[2021-08-12 10:38:35,871] {taskinstance.py:1300} INFO - Exporting the following env vars:
AIRFLOW_CTX_DAG_OWNER=airflow
AIRFLOW_CTX_DAG_ID=parallel_dag
AIRFLOW_CTX_TASK_ID=task_1
AIRFLOW_CTX_EXECUTION_DATE=2021-08-11T00:00:00+00:00
AIRFLOW_CTX_DAG_RUN_ID=scheduled__2021-08-11T00:00:00+00:00
[2021-08-12 10:38:35,872] {subprocess.py:52} INFO - Tmp dir root location: 
 /tmp
[2021-08-12 10:38:35,872] {subprocess.py:63} INFO - Running command: ['bash', '-c', 'echo task 1']
[2021-08-12 10:38:35,876] {subprocess.py:74} INFO - Output:
[2021-08-12 10:38:35,877] {subprocess.py:78} INFO - task 1
[2021-08-12 10:38:35,877] {subprocess.py:82} INFO - Command exited with return code 0
[2021-08-12 10:38:35,888] {taskinstance.py:1204} INFO - Marking task as SUCCESS. dag_id=parallel_dag, task_id=task_1, execution_date=20210811T000000, start_date=20210812T083835, end_date=20210812T083835
[2021-08-12 10:38:35,903] {taskinstance.py:1265} INFO - 2 downstream tasks scheduled from follow-on schedule check
[2021-08-12 10:38:35,922] {local_task_job.py:149} INFO - Task exited with return code 0
