[2021-08-12 15:48:37,996] {taskinstance.py:896} INFO - Dependencies all met for <TaskInstance: xcom_dag.downloading_data 2021-08-12T13:48:35.406685+00:00 [queued]>
[2021-08-12 15:48:38,001] {taskinstance.py:896} INFO - Dependencies all met for <TaskInstance: xcom_dag.downloading_data 2021-08-12T13:48:35.406685+00:00 [queued]>
[2021-08-12 15:48:38,001] {taskinstance.py:1087} INFO - 
--------------------------------------------------------------------------------
[2021-08-12 15:48:38,001] {taskinstance.py:1088} INFO - Starting attempt 1 of 1
[2021-08-12 15:48:38,001] {taskinstance.py:1089} INFO - 
--------------------------------------------------------------------------------
[2021-08-12 15:48:38,007] {taskinstance.py:1107} INFO - Executing <Task(BashOperator): downloading_data> on 2021-08-12T13:48:35.406685+00:00
[2021-08-12 15:48:38,009] {standard_task_runner.py:52} INFO - Started process 28681 to run task
[2021-08-12 15:48:38,012] {standard_task_runner.py:76} INFO - Running: ['airflow', 'tasks', 'run', 'xcom_dag', 'downloading_data', '2021-08-12T13:48:35.406685+00:00', '--job-id', '167', '--pool', 'default_pool', '--raw', '--subdir', 'DAGS_FOLDER/xcomss.py', '--cfg-path', '/tmp/tmpj1jfrv_x', '--error-file', '/tmp/tmpgoqq6mzw']
[2021-08-12 15:48:38,013] {standard_task_runner.py:77} INFO - Job 167: Subtask downloading_data
[2021-08-12 15:48:38,031] {logging_mixin.py:104} INFO - Running <TaskInstance: xcom_dag.downloading_data 2021-08-12T13:48:35.406685+00:00 [running]> on host adam
[2021-08-12 15:48:38,053] {taskinstance.py:1300} INFO - Exporting the following env vars:
AIRFLOW_CTX_DAG_OWNER=airflow
AIRFLOW_CTX_DAG_ID=xcom_dag
AIRFLOW_CTX_TASK_ID=downloading_data
AIRFLOW_CTX_EXECUTION_DATE=2021-08-12T13:48:35.406685+00:00
AIRFLOW_CTX_DAG_RUN_ID=manual__2021-08-12T13:48:35.406685+00:00
[2021-08-12 15:48:38,053] {subprocess.py:52} INFO - Tmp dir root location: 
 /tmp
[2021-08-12 15:48:38,054] {subprocess.py:63} INFO - Running command: ['bash', '-c', 'sleep 3']
[2021-08-12 15:48:38,059] {subprocess.py:74} INFO - Output:
[2021-08-12 15:48:41,061] {subprocess.py:82} INFO - Command exited with return code 0
[2021-08-12 15:48:41,080] {taskinstance.py:1204} INFO - Marking task as SUCCESS. dag_id=xcom_dag, task_id=downloading_data, execution_date=20210812T134835, start_date=20210812T134837, end_date=20210812T134841
[2021-08-12 15:48:41,108] {taskinstance.py:1265} INFO - 3 downstream tasks scheduled from follow-on schedule check
[2021-08-12 15:48:41,116] {local_task_job.py:149} INFO - Task exited with return code 0
