[2021-08-12 15:01:35,287] {taskinstance.py:896} INFO - Dependencies all met for <TaskInstance: parallel_dag_03.processing_tasks.task_2 2021-08-09T00:00:00+00:00 [queued]>
[2021-08-12 15:01:35,295] {taskinstance.py:896} INFO - Dependencies all met for <TaskInstance: parallel_dag_03.processing_tasks.task_2 2021-08-09T00:00:00+00:00 [queued]>
[2021-08-12 15:01:35,295] {taskinstance.py:1087} INFO - 
--------------------------------------------------------------------------------
[2021-08-12 15:01:35,295] {taskinstance.py:1088} INFO - Starting attempt 1 of 1
[2021-08-12 15:01:35,295] {taskinstance.py:1089} INFO - 
--------------------------------------------------------------------------------
[2021-08-12 15:01:35,301] {taskinstance.py:1107} INFO - Executing <Task(BashOperator): processing_tasks.task_2> on 2021-08-09T00:00:00+00:00
[2021-08-12 15:01:35,303] {standard_task_runner.py:52} INFO - Started process 467001 to run task
[2021-08-12 15:01:35,307] {standard_task_runner.py:76} INFO - Running: ['airflow', 'tasks', 'run', 'parallel_dag_03', 'processing_tasks.task_2', '2021-08-09T00:00:00+00:00', '--job-id', '74', '--pool', 'default_pool', '--raw', '--subdir', 'DAGS_FOLDER/task_example.py', '--cfg-path', '/tmp/tmpcxwinsxq', '--error-file', '/tmp/tmpkinjul4g']
[2021-08-12 15:01:35,308] {standard_task_runner.py:77} INFO - Job 74: Subtask processing_tasks.task_2
[2021-08-12 15:01:35,328] {logging_mixin.py:104} INFO - Running <TaskInstance: parallel_dag_03.processing_tasks.task_2 2021-08-09T00:00:00+00:00 [running]> on host adam
[2021-08-12 15:01:35,350] {taskinstance.py:1300} INFO - Exporting the following env vars:
AIRFLOW_CTX_DAG_OWNER=airflow
AIRFLOW_CTX_DAG_ID=parallel_dag_03
AIRFLOW_CTX_TASK_ID=processing_tasks.task_2
AIRFLOW_CTX_EXECUTION_DATE=2021-08-09T00:00:00+00:00
AIRFLOW_CTX_DAG_RUN_ID=scheduled__2021-08-09T00:00:00+00:00
[2021-08-12 15:01:35,350] {subprocess.py:52} INFO - Tmp dir root location: 
 /tmp
[2021-08-12 15:01:35,350] {subprocess.py:63} INFO - Running command: ['bash', '-c', 'echo task 2']
[2021-08-12 15:01:35,356] {subprocess.py:74} INFO - Output:
[2021-08-12 15:01:35,357] {subprocess.py:78} INFO - task 2
[2021-08-12 15:01:35,357] {subprocess.py:82} INFO - Command exited with return code 0
[2021-08-12 15:01:35,368] {taskinstance.py:1204} INFO - Marking task as SUCCESS. dag_id=parallel_dag_03, task_id=processing_tasks.task_2, execution_date=20210809T000000, start_date=20210812T130135, end_date=20210812T130135
[2021-08-12 15:01:35,380] {taskinstance.py:1265} INFO - 0 downstream tasks scheduled from follow-on schedule check
[2021-08-12 15:01:35,397] {local_task_job.py:149} INFO - Task exited with return code 0
[2021-08-12 15:30:33,949] {taskinstance.py:896} INFO - Dependencies all met for <TaskInstance: parallel_dag_03.processing_tasks.task_2 2021-08-09T00:00:00+00:00 [queued]>
[2021-08-12 15:30:33,954] {taskinstance.py:896} INFO - Dependencies all met for <TaskInstance: parallel_dag_03.processing_tasks.task_2 2021-08-09T00:00:00+00:00 [queued]>
[2021-08-12 15:30:33,954] {taskinstance.py:1087} INFO - 
--------------------------------------------------------------------------------
[2021-08-12 15:30:33,954] {taskinstance.py:1088} INFO - Starting attempt 1 of 1
[2021-08-12 15:30:33,955] {taskinstance.py:1089} INFO - 
--------------------------------------------------------------------------------
[2021-08-12 15:30:33,965] {taskinstance.py:1107} INFO - Executing <Task(BashOperator): processing_tasks.task_2> on 2021-08-09T00:00:00+00:00
[2021-08-12 15:30:33,970] {standard_task_runner.py:52} INFO - Started process 504795 to run task
[2021-08-12 15:30:33,976] {standard_task_runner.py:76} INFO - Running: ['airflow', 'tasks', 'run', 'parallel_dag_03', 'processing_tasks.task_2', '2021-08-09T00:00:00+00:00', '--job-id', '127', '--pool', 'default_pool', '--raw', '--subdir', 'DAGS_FOLDER/task_example.py', '--cfg-path', '/tmp/tmpn4anwss2', '--error-file', '/tmp/tmpf6utfggx']
[2021-08-12 15:30:33,977] {standard_task_runner.py:77} INFO - Job 127: Subtask processing_tasks.task_2
[2021-08-12 15:30:34,005] {logging_mixin.py:104} INFO - Running <TaskInstance: parallel_dag_03.processing_tasks.task_2 2021-08-09T00:00:00+00:00 [running]> on host adam
[2021-08-12 15:30:34,033] {taskinstance.py:1300} INFO - Exporting the following env vars:
AIRFLOW_CTX_DAG_OWNER=airflow
AIRFLOW_CTX_DAG_ID=parallel_dag_03
AIRFLOW_CTX_TASK_ID=processing_tasks.task_2
AIRFLOW_CTX_EXECUTION_DATE=2021-08-09T00:00:00+00:00
AIRFLOW_CTX_DAG_RUN_ID=scheduled__2021-08-09T00:00:00+00:00
[2021-08-12 15:30:34,034] {subprocess.py:52} INFO - Tmp dir root location: 
 /tmp
[2021-08-12 15:30:34,034] {subprocess.py:63} INFO - Running command: ['bash', '-c', 'echo task 2']
[2021-08-12 15:30:34,042] {subprocess.py:74} INFO - Output:
[2021-08-12 15:30:34,042] {subprocess.py:78} INFO - task 2
[2021-08-12 15:30:34,043] {subprocess.py:82} INFO - Command exited with return code 0
[2021-08-12 15:30:34,054] {taskinstance.py:1204} INFO - Marking task as SUCCESS. dag_id=parallel_dag_03, task_id=processing_tasks.task_2, execution_date=20210809T000000, start_date=20210812T133033, end_date=20210812T133034
[2021-08-12 15:30:34,068] {taskinstance.py:1265} INFO - 0 downstream tasks scheduled from follow-on schedule check
[2021-08-12 15:30:34,105] {local_task_job.py:149} INFO - Task exited with return code 0
