[2021-08-12 10:57:21,559] {taskinstance.py:896} INFO - Dependencies all met for <TaskInstance: parallel_dag_02.processing_tasks.task_2 2021-08-10T00:00:00+00:00 [queued]>
[2021-08-12 10:57:21,570] {taskinstance.py:896} INFO - Dependencies all met for <TaskInstance: parallel_dag_02.processing_tasks.task_2 2021-08-10T00:00:00+00:00 [queued]>
[2021-08-12 10:57:21,570] {taskinstance.py:1087} INFO - 
--------------------------------------------------------------------------------
[2021-08-12 10:57:21,571] {taskinstance.py:1088} INFO - Starting attempt 1 of 1
[2021-08-12 10:57:21,571] {taskinstance.py:1089} INFO - 
--------------------------------------------------------------------------------
[2021-08-12 10:57:21,581] {taskinstance.py:1107} INFO - Executing <Task(BashOperator): task_2> on 2021-08-10T00:00:00+00:00
[2021-08-12 10:57:21,583] {standard_task_runner.py:52} INFO - Started process 160058 to run task
[2021-08-12 10:57:21,587] {standard_task_runner.py:76} INFO - Running: ['airflow', 'tasks', 'run', 'parallel_dag_02.processing_tasks', 'task_2', '2021-08-10T00:00:00+00:00', '--job-id', '53', '--pool', 'default_pool', '--raw', '--subdir', 'DAGS_FOLDER/subdag_example_02.py', '--cfg-path', '/tmp/tmpg_z4kug5', '--error-file', '/tmp/tmpcgk72yb1']
[2021-08-12 10:57:21,588] {standard_task_runner.py:77} INFO - Job 53: Subtask task_2
[2021-08-12 10:57:21,613] {logging_mixin.py:104} INFO - Running <TaskInstance: parallel_dag_02.processing_tasks.task_2 2021-08-10T00:00:00+00:00 [running]> on host adam
[2021-08-12 10:57:21,643] {taskinstance.py:1300} INFO - Exporting the following env vars:
AIRFLOW_CTX_DAG_OWNER=airflow
AIRFLOW_CTX_DAG_ID=parallel_dag_02.processing_tasks
AIRFLOW_CTX_TASK_ID=task_2
AIRFLOW_CTX_EXECUTION_DATE=2021-08-10T00:00:00+00:00
AIRFLOW_CTX_DAG_RUN_ID=scheduled__2021-08-10T00:00:00+00:00
[2021-08-12 10:57:21,644] {subprocess.py:52} INFO - Tmp dir root location: 
 /tmp
[2021-08-12 10:57:21,645] {subprocess.py:63} INFO - Running command: ['bash', '-c', 'echo task 2']
[2021-08-12 10:57:21,654] {subprocess.py:74} INFO - Output:
[2021-08-12 10:57:21,654] {subprocess.py:78} INFO - task 2
[2021-08-12 10:57:21,655] {subprocess.py:82} INFO - Command exited with return code 0
[2021-08-12 10:57:21,670] {taskinstance.py:1204} INFO - Marking task as SUCCESS. dag_id=parallel_dag_02.processing_tasks, task_id=task_2, execution_date=20210810T000000, start_date=20210812T085721, end_date=20210812T085721
[2021-08-12 10:57:21,686] {taskinstance.py:1265} INFO - 0 downstream tasks scheduled from follow-on schedule check
[2021-08-12 10:57:21,718] {local_task_job.py:149} INFO - Task exited with return code 0
[2021-08-12 11:05:45,226] {taskinstance.py:896} INFO - Dependencies all met for <TaskInstance: parallel_dag_02.processing_tasks.task_2 2021-08-10T00:00:00+00:00 [None]>
[2021-08-12 11:05:45,233] {taskinstance.py:896} INFO - Dependencies all met for <TaskInstance: parallel_dag_02.processing_tasks.task_2 2021-08-10T00:00:00+00:00 [None]>
[2021-08-12 11:05:45,234] {taskinstance.py:1087} INFO - 
--------------------------------------------------------------------------------
[2021-08-12 11:05:45,234] {taskinstance.py:1088} INFO - Starting attempt 1 of 1
[2021-08-12 11:05:45,234] {taskinstance.py:1089} INFO - 
--------------------------------------------------------------------------------
[2021-08-12 11:05:45,244] {taskinstance.py:1107} INFO - Executing <Task(BashOperator): task_2> on 2021-08-10T00:00:00+00:00
[2021-08-12 11:05:45,248] {standard_task_runner.py:52} INFO - Started process 170999 to run task
[2021-08-12 11:05:45,255] {standard_task_runner.py:76} INFO - Running: ['airflow', 'tasks', 'run', 'parallel_dag_02.processing_tasks', 'task_2', '2021-08-10T00:00:00+00:00', '--job-id', '63', '--pool', 'default_pool', '--raw', '--subdir', 'DAGS_FOLDER/subdag_example_02.py', '--cfg-path', '/tmp/tmpwxdh5uj7', '--error-file', '/tmp/tmpoap4wpz_']
[2021-08-12 11:05:45,257] {standard_task_runner.py:77} INFO - Job 63: Subtask task_2
[2021-08-12 11:05:45,297] {logging_mixin.py:104} INFO - Running <TaskInstance: parallel_dag_02.processing_tasks.task_2 2021-08-10T00:00:00+00:00 [running]> on host adam
[2021-08-12 11:05:45,324] {taskinstance.py:1300} INFO - Exporting the following env vars:
AIRFLOW_CTX_DAG_OWNER=airflow
AIRFLOW_CTX_DAG_ID=parallel_dag_02.processing_tasks
AIRFLOW_CTX_TASK_ID=task_2
AIRFLOW_CTX_EXECUTION_DATE=2021-08-10T00:00:00+00:00
[2021-08-12 11:05:45,325] {subprocess.py:52} INFO - Tmp dir root location: 
 /tmp
[2021-08-12 11:05:45,325] {subprocess.py:63} INFO - Running command: ['bash', '-c', 'echo task 2']
[2021-08-12 11:05:45,334] {subprocess.py:74} INFO - Output:
[2021-08-12 11:05:45,335] {subprocess.py:78} INFO - task 2
[2021-08-12 11:05:45,336] {subprocess.py:82} INFO - Command exited with return code 0
[2021-08-12 11:05:45,351] {taskinstance.py:1204} INFO - Marking task as SUCCESS. dag_id=parallel_dag_02.processing_tasks, task_id=task_2, execution_date=20210810T000000, start_date=20210812T090545, end_date=20210812T090545
[2021-08-12 11:05:45,385] {local_task_job.py:149} INFO - Task exited with return code 1
