[2021-08-12 15:03:13,915] {taskinstance.py:896} INFO - Dependencies all met for <TaskInstance: parallel_dag_03.processing_tasks.task_2 2021-08-12T13:03:09.484650+00:00 [queued]>
[2021-08-12 15:03:13,923] {taskinstance.py:896} INFO - Dependencies all met for <TaskInstance: parallel_dag_03.processing_tasks.task_2 2021-08-12T13:03:09.484650+00:00 [queued]>
[2021-08-12 15:03:13,923] {taskinstance.py:1087} INFO - 
--------------------------------------------------------------------------------
[2021-08-12 15:03:13,923] {taskinstance.py:1088} INFO - Starting attempt 1 of 1
[2021-08-12 15:03:13,923] {taskinstance.py:1089} INFO - 
--------------------------------------------------------------------------------
[2021-08-12 15:03:13,929] {taskinstance.py:1107} INFO - Executing <Task(BashOperator): processing_tasks.task_2> on 2021-08-12T13:03:09.484650+00:00
[2021-08-12 15:03:13,932] {standard_task_runner.py:52} INFO - Started process 469262 to run task
[2021-08-12 15:03:13,935] {standard_task_runner.py:76} INFO - Running: ['airflow', 'tasks', 'run', 'parallel_dag_03', 'processing_tasks.task_2', '2021-08-12T13:03:09.484650+00:00', '--job-id', '86', '--pool', 'default_pool', '--raw', '--subdir', 'DAGS_FOLDER/task_example.py', '--cfg-path', '/tmp/tmpx2eap6f8', '--error-file', '/tmp/tmpsf79btd6']
[2021-08-12 15:03:13,936] {standard_task_runner.py:77} INFO - Job 86: Subtask processing_tasks.task_2
[2021-08-12 15:03:13,955] {logging_mixin.py:104} INFO - Running <TaskInstance: parallel_dag_03.processing_tasks.task_2 2021-08-12T13:03:09.484650+00:00 [running]> on host adam
[2021-08-12 15:03:13,979] {taskinstance.py:1300} INFO - Exporting the following env vars:
AIRFLOW_CTX_DAG_OWNER=airflow
AIRFLOW_CTX_DAG_ID=parallel_dag_03
AIRFLOW_CTX_TASK_ID=processing_tasks.task_2
AIRFLOW_CTX_EXECUTION_DATE=2021-08-12T13:03:09.484650+00:00
AIRFLOW_CTX_DAG_RUN_ID=manual__2021-08-12T13:03:09.484650+00:00
[2021-08-12 15:03:13,980] {subprocess.py:52} INFO - Tmp dir root location: 
 /tmp
[2021-08-12 15:03:13,980] {subprocess.py:63} INFO - Running command: ['bash', '-c', 'echo task 2']
[2021-08-12 15:03:13,988] {subprocess.py:74} INFO - Output:
[2021-08-12 15:03:13,989] {subprocess.py:78} INFO - task 2
[2021-08-12 15:03:13,989] {subprocess.py:82} INFO - Command exited with return code 0
[2021-08-12 15:03:14,002] {taskinstance.py:1204} INFO - Marking task as SUCCESS. dag_id=parallel_dag_03, task_id=processing_tasks.task_2, execution_date=20210812T130309, start_date=20210812T130313, end_date=20210812T130314
[2021-08-12 15:03:14,015] {taskinstance.py:1265} INFO - 0 downstream tasks scheduled from follow-on schedule check
[2021-08-12 15:03:14,026] {local_task_job.py:149} INFO - Task exited with return code 0
