[2021-08-12 10:52:24,227] {taskinstance.py:896} INFO - Dependencies all met for <TaskInstance: parallel_dag.task_1 2021-08-12T08:52:22.699553+00:00 [queued]>
[2021-08-12 10:52:24,233] {taskinstance.py:896} INFO - Dependencies all met for <TaskInstance: parallel_dag.task_1 2021-08-12T08:52:22.699553+00:00 [queued]>
[2021-08-12 10:52:24,233] {taskinstance.py:1087} INFO - 
--------------------------------------------------------------------------------
[2021-08-12 10:52:24,233] {taskinstance.py:1088} INFO - Starting attempt 1 of 1
[2021-08-12 10:52:24,233] {taskinstance.py:1089} INFO - 
--------------------------------------------------------------------------------
[2021-08-12 10:52:24,242] {taskinstance.py:1107} INFO - Executing <Task(BashOperator): task_1> on 2021-08-12T08:52:22.699553+00:00
[2021-08-12 10:52:24,244] {standard_task_runner.py:52} INFO - Started process 153760 to run task
[2021-08-12 10:52:24,248] {standard_task_runner.py:76} INFO - Running: ['airflow', 'tasks', 'run', 'parallel_dag', 'task_1', '2021-08-12T08:52:22.699553+00:00', '--job-id', '41', '--pool', 'default_pool', '--raw', '--subdir', 'DAGS_FOLDER/subdag_example.py', '--cfg-path', '/tmp/tmpx0ottd35', '--error-file', '/tmp/tmp_498et11']
[2021-08-12 10:52:24,249] {standard_task_runner.py:77} INFO - Job 41: Subtask task_1
[2021-08-12 10:52:24,277] {logging_mixin.py:104} INFO - Running <TaskInstance: parallel_dag.task_1 2021-08-12T08:52:22.699553+00:00 [running]> on host adam
[2021-08-12 10:52:24,310] {taskinstance.py:1300} INFO - Exporting the following env vars:
AIRFLOW_CTX_DAG_OWNER=airflow
AIRFLOW_CTX_DAG_ID=parallel_dag
AIRFLOW_CTX_TASK_ID=task_1
AIRFLOW_CTX_EXECUTION_DATE=2021-08-12T08:52:22.699553+00:00
AIRFLOW_CTX_DAG_RUN_ID=manual__2021-08-12T08:52:22.699553+00:00
[2021-08-12 10:52:24,310] {subprocess.py:52} INFO - Tmp dir root location: 
 /tmp
[2021-08-12 10:52:24,311] {subprocess.py:63} INFO - Running command: ['bash', '-c', 'echo task 1']
[2021-08-12 10:52:24,318] {subprocess.py:74} INFO - Output:
[2021-08-12 10:52:24,319] {subprocess.py:78} INFO - task 1
[2021-08-12 10:52:24,320] {subprocess.py:82} INFO - Command exited with return code 0
[2021-08-12 10:52:24,335] {taskinstance.py:1204} INFO - Marking task as SUCCESS. dag_id=parallel_dag, task_id=task_1, execution_date=20210812T085222, start_date=20210812T085224, end_date=20210812T085224
[2021-08-12 10:52:24,354] {taskinstance.py:1265} INFO - 2 downstream tasks scheduled from follow-on schedule check
[2021-08-12 10:52:24,378] {local_task_job.py:149} INFO - Task exited with return code 0
