[2021-08-12 15:01:36,663] {taskinstance.py:896} INFO - Dependencies all met for <TaskInstance: parallel_dag_03.processing_tasks.task_3 2021-08-09T00:00:00+00:00 [queued]>
[2021-08-12 15:01:36,670] {taskinstance.py:896} INFO - Dependencies all met for <TaskInstance: parallel_dag_03.processing_tasks.task_3 2021-08-09T00:00:00+00:00 [queued]>
[2021-08-12 15:01:36,670] {taskinstance.py:1087} INFO - 
--------------------------------------------------------------------------------
[2021-08-12 15:01:36,670] {taskinstance.py:1088} INFO - Starting attempt 1 of 1
[2021-08-12 15:01:36,670] {taskinstance.py:1089} INFO - 
--------------------------------------------------------------------------------
[2021-08-12 15:01:36,678] {taskinstance.py:1107} INFO - Executing <Task(BashOperator): processing_tasks.task_3> on 2021-08-09T00:00:00+00:00
[2021-08-12 15:01:36,681] {standard_task_runner.py:52} INFO - Started process 467127 to run task
[2021-08-12 15:01:36,686] {standard_task_runner.py:76} INFO - Running: ['airflow', 'tasks', 'run', 'parallel_dag_03', 'processing_tasks.task_3', '2021-08-09T00:00:00+00:00', '--job-id', '75', '--pool', 'default_pool', '--raw', '--subdir', 'DAGS_FOLDER/task_example.py', '--cfg-path', '/tmp/tmp9s3m4su5', '--error-file', '/tmp/tmpe0e4m2lt']
[2021-08-12 15:01:36,687] {standard_task_runner.py:77} INFO - Job 75: Subtask processing_tasks.task_3
[2021-08-12 15:01:36,719] {logging_mixin.py:104} INFO - Running <TaskInstance: parallel_dag_03.processing_tasks.task_3 2021-08-09T00:00:00+00:00 [running]> on host adam
[2021-08-12 15:01:36,762] {taskinstance.py:1300} INFO - Exporting the following env vars:
AIRFLOW_CTX_DAG_OWNER=airflow
AIRFLOW_CTX_DAG_ID=parallel_dag_03
AIRFLOW_CTX_TASK_ID=processing_tasks.task_3
AIRFLOW_CTX_EXECUTION_DATE=2021-08-09T00:00:00+00:00
AIRFLOW_CTX_DAG_RUN_ID=scheduled__2021-08-09T00:00:00+00:00
[2021-08-12 15:01:36,763] {subprocess.py:52} INFO - Tmp dir root location: 
 /tmp
[2021-08-12 15:01:36,763] {subprocess.py:63} INFO - Running command: ['bash', '-c', 'echo task 3']
[2021-08-12 15:01:36,772] {subprocess.py:74} INFO - Output:
[2021-08-12 15:01:36,773] {subprocess.py:78} INFO - task 3
[2021-08-12 15:01:36,773] {subprocess.py:82} INFO - Command exited with return code 0
[2021-08-12 15:01:36,793] {taskinstance.py:1204} INFO - Marking task as SUCCESS. dag_id=parallel_dag_03, task_id=processing_tasks.task_3, execution_date=20210809T000000, start_date=20210812T130136, end_date=20210812T130136
[2021-08-12 15:01:36,814] {taskinstance.py:1265} INFO - 1 downstream tasks scheduled from follow-on schedule check
[2021-08-12 15:01:36,822] {local_task_job.py:149} INFO - Task exited with return code 0
[2021-08-12 15:30:37,058] {taskinstance.py:896} INFO - Dependencies all met for <TaskInstance: parallel_dag_03.processing_tasks.task_3 2021-08-09T00:00:00+00:00 [queued]>
[2021-08-12 15:30:37,065] {taskinstance.py:896} INFO - Dependencies all met for <TaskInstance: parallel_dag_03.processing_tasks.task_3 2021-08-09T00:00:00+00:00 [queued]>
[2021-08-12 15:30:37,065] {taskinstance.py:1087} INFO - 
--------------------------------------------------------------------------------
[2021-08-12 15:30:37,065] {taskinstance.py:1088} INFO - Starting attempt 1 of 1
[2021-08-12 15:30:37,065] {taskinstance.py:1089} INFO - 
--------------------------------------------------------------------------------
[2021-08-12 15:30:37,072] {taskinstance.py:1107} INFO - Executing <Task(BashOperator): processing_tasks.task_3> on 2021-08-09T00:00:00+00:00
[2021-08-12 15:30:37,075] {standard_task_runner.py:52} INFO - Started process 504892 to run task
[2021-08-12 15:30:37,082] {standard_task_runner.py:76} INFO - Running: ['airflow', 'tasks', 'run', 'parallel_dag_03', 'processing_tasks.task_3', '2021-08-09T00:00:00+00:00', '--job-id', '129', '--pool', 'default_pool', '--raw', '--subdir', 'DAGS_FOLDER/task_example.py', '--cfg-path', '/tmp/tmprunshpte', '--error-file', '/tmp/tmpk4ydi3bk']
[2021-08-12 15:30:37,084] {standard_task_runner.py:77} INFO - Job 129: Subtask processing_tasks.task_3
[2021-08-12 15:30:37,112] {logging_mixin.py:104} INFO - Running <TaskInstance: parallel_dag_03.processing_tasks.task_3 2021-08-09T00:00:00+00:00 [running]> on host adam
[2021-08-12 15:30:37,142] {taskinstance.py:1300} INFO - Exporting the following env vars:
AIRFLOW_CTX_DAG_OWNER=airflow
AIRFLOW_CTX_DAG_ID=parallel_dag_03
AIRFLOW_CTX_TASK_ID=processing_tasks.task_3
AIRFLOW_CTX_EXECUTION_DATE=2021-08-09T00:00:00+00:00
AIRFLOW_CTX_DAG_RUN_ID=scheduled__2021-08-09T00:00:00+00:00
[2021-08-12 15:30:37,143] {subprocess.py:52} INFO - Tmp dir root location: 
 /tmp
[2021-08-12 15:30:37,143] {subprocess.py:63} INFO - Running command: ['bash', '-c', 'echo task 3']
[2021-08-12 15:30:37,154] {subprocess.py:74} INFO - Output:
[2021-08-12 15:30:37,155] {subprocess.py:78} INFO - task 3
[2021-08-12 15:30:37,155] {subprocess.py:82} INFO - Command exited with return code 0
[2021-08-12 15:30:37,170] {taskinstance.py:1204} INFO - Marking task as SUCCESS. dag_id=parallel_dag_03, task_id=processing_tasks.task_3, execution_date=20210809T000000, start_date=20210812T133037, end_date=20210812T133037
[2021-08-12 15:30:37,187] {taskinstance.py:1265} INFO - 1 downstream tasks scheduled from follow-on schedule check
[2021-08-12 15:30:37,212] {local_task_job.py:149} INFO - Task exited with return code 0
