[2021-08-12 15:30:25,240] {taskinstance.py:896} INFO - Dependencies all met for <TaskInstance: parallel_dag_03.processing_tasks.task_3 2021-08-12T13:29:08.614696+00:00 [queued]>
[2021-08-12 15:30:25,245] {taskinstance.py:896} INFO - Dependencies all met for <TaskInstance: parallel_dag_03.processing_tasks.task_3 2021-08-12T13:29:08.614696+00:00 [queued]>
[2021-08-12 15:30:25,245] {taskinstance.py:1087} INFO - 
--------------------------------------------------------------------------------
[2021-08-12 15:30:25,245] {taskinstance.py:1088} INFO - Starting attempt 1 of 1
[2021-08-12 15:30:25,245] {taskinstance.py:1089} INFO - 
--------------------------------------------------------------------------------
[2021-08-12 15:30:25,251] {taskinstance.py:1107} INFO - Executing <Task(BashOperator): processing_tasks.task_3> on 2021-08-12T13:29:08.614696+00:00
[2021-08-12 15:30:25,253] {standard_task_runner.py:52} INFO - Started process 504647 to run task
[2021-08-12 15:30:25,257] {standard_task_runner.py:76} INFO - Running: ['airflow', 'tasks', 'run', 'parallel_dag_03', 'processing_tasks.task_3', '2021-08-12T13:29:08.614696+00:00', '--job-id', '122', '--pool', 'default_pool', '--raw', '--subdir', 'DAGS_FOLDER/task_example.py', '--cfg-path', '/tmp/tmpbwkvf5ei', '--error-file', '/tmp/tmp55s7r_g3']
[2021-08-12 15:30:25,258] {standard_task_runner.py:77} INFO - Job 122: Subtask processing_tasks.task_3
[2021-08-12 15:30:25,276] {logging_mixin.py:104} INFO - Running <TaskInstance: parallel_dag_03.processing_tasks.task_3 2021-08-12T13:29:08.614696+00:00 [running]> on host adam
[2021-08-12 15:30:25,298] {taskinstance.py:1300} INFO - Exporting the following env vars:
AIRFLOW_CTX_DAG_OWNER=airflow
AIRFLOW_CTX_DAG_ID=parallel_dag_03
AIRFLOW_CTX_TASK_ID=processing_tasks.task_3
AIRFLOW_CTX_EXECUTION_DATE=2021-08-12T13:29:08.614696+00:00
AIRFLOW_CTX_DAG_RUN_ID=manual__2021-08-12T13:29:08.614696+00:00
[2021-08-12 15:30:25,299] {subprocess.py:52} INFO - Tmp dir root location: 
 /tmp
[2021-08-12 15:30:25,299] {subprocess.py:63} INFO - Running command: ['bash', '-c', 'echo task 3']
[2021-08-12 15:30:25,306] {subprocess.py:74} INFO - Output:
[2021-08-12 15:30:25,307] {subprocess.py:78} INFO - task 3
[2021-08-12 15:30:25,307] {subprocess.py:82} INFO - Command exited with return code 0
[2021-08-12 15:30:25,325] {taskinstance.py:1204} INFO - Marking task as SUCCESS. dag_id=parallel_dag_03, task_id=processing_tasks.task_3, execution_date=20210812T132908, start_date=20210812T133025, end_date=20210812T133025
[2021-08-12 15:30:25,344] {taskinstance.py:1265} INFO - 1 downstream tasks scheduled from follow-on schedule check
[2021-08-12 15:30:25,388] {local_task_job.py:149} INFO - Task exited with return code 0
