[2021-08-12 15:01:45,240] {taskinstance.py:896} INFO - Dependencies all met for <TaskInstance: parallel_dag_03.task_4 2021-08-09T00:00:00+00:00 [queued]>
[2021-08-12 15:01:45,244] {taskinstance.py:896} INFO - Dependencies all met for <TaskInstance: parallel_dag_03.task_4 2021-08-09T00:00:00+00:00 [queued]>
[2021-08-12 15:01:45,244] {taskinstance.py:1087} INFO - 
--------------------------------------------------------------------------------
[2021-08-12 15:01:45,244] {taskinstance.py:1088} INFO - Starting attempt 1 of 1
[2021-08-12 15:01:45,244] {taskinstance.py:1089} INFO - 
--------------------------------------------------------------------------------
[2021-08-12 15:01:45,268] {taskinstance.py:1107} INFO - Executing <Task(BashOperator): task_4> on 2021-08-09T00:00:00+00:00
[2021-08-12 15:01:45,270] {standard_task_runner.py:52} INFO - Started process 467283 to run task
[2021-08-12 15:01:45,273] {standard_task_runner.py:76} INFO - Running: ['airflow', 'tasks', 'run', 'parallel_dag_03', 'task_4', '2021-08-09T00:00:00+00:00', '--job-id', '80', '--pool', 'default_pool', '--raw', '--subdir', 'DAGS_FOLDER/task_example.py', '--cfg-path', '/tmp/tmp1u852tdm', '--error-file', '/tmp/tmpvcu6l2cr']
[2021-08-12 15:01:45,274] {standard_task_runner.py:77} INFO - Job 80: Subtask task_4
[2021-08-12 15:01:45,326] {logging_mixin.py:104} INFO - Running <TaskInstance: parallel_dag_03.task_4 2021-08-09T00:00:00+00:00 [running]> on host adam
[2021-08-12 15:01:45,419] {taskinstance.py:1300} INFO - Exporting the following env vars:
AIRFLOW_CTX_DAG_OWNER=airflow
AIRFLOW_CTX_DAG_ID=parallel_dag_03
AIRFLOW_CTX_TASK_ID=task_4
AIRFLOW_CTX_EXECUTION_DATE=2021-08-09T00:00:00+00:00
AIRFLOW_CTX_DAG_RUN_ID=scheduled__2021-08-09T00:00:00+00:00
[2021-08-12 15:01:45,419] {subprocess.py:52} INFO - Tmp dir root location: 
 /tmp
[2021-08-12 15:01:45,420] {subprocess.py:63} INFO - Running command: ['bash', '-c', 'echo pwd']
[2021-08-12 15:01:45,428] {subprocess.py:74} INFO - Output:
[2021-08-12 15:01:45,429] {subprocess.py:78} INFO - pwd
[2021-08-12 15:01:45,429] {subprocess.py:82} INFO - Command exited with return code 0
[2021-08-12 15:01:45,468] {taskinstance.py:1204} INFO - Marking task as SUCCESS. dag_id=parallel_dag_03, task_id=task_4, execution_date=20210809T000000, start_date=20210812T130145, end_date=20210812T130145
[2021-08-12 15:01:45,512] {taskinstance.py:1265} INFO - 0 downstream tasks scheduled from follow-on schedule check
[2021-08-12 15:01:45,526] {local_task_job.py:149} INFO - Task exited with return code 0
[2021-08-12 15:35:58,389] {taskinstance.py:896} INFO - Dependencies all met for <TaskInstance: parallel_dag_03.task_4 2021-08-09T00:00:00+00:00 [queued]>
[2021-08-12 15:35:58,397] {taskinstance.py:896} INFO - Dependencies all met for <TaskInstance: parallel_dag_03.task_4 2021-08-09T00:00:00+00:00 [queued]>
[2021-08-12 15:35:58,397] {taskinstance.py:1087} INFO - 
--------------------------------------------------------------------------------
[2021-08-12 15:35:58,397] {taskinstance.py:1088} INFO - Starting attempt 1 of 1
[2021-08-12 15:35:58,397] {taskinstance.py:1089} INFO - 
--------------------------------------------------------------------------------
[2021-08-12 15:35:58,417] {taskinstance.py:1107} INFO - Executing <Task(BashOperator): task_4> on 2021-08-09T00:00:00+00:00
[2021-08-12 15:35:58,420] {standard_task_runner.py:52} INFO - Started process 11111 to run task
[2021-08-12 15:35:58,441] {standard_task_runner.py:76} INFO - Running: ['airflow', 'tasks', 'run', 'parallel_dag_03', 'task_4', '2021-08-09T00:00:00+00:00', '--job-id', '142', '--pool', 'default_pool', '--raw', '--subdir', 'DAGS_FOLDER/task_example.py', '--cfg-path', '/tmp/tmp94n6i46q', '--error-file', '/tmp/tmpf8i395bv']
[2021-08-12 15:35:58,442] {standard_task_runner.py:77} INFO - Job 142: Subtask task_4
[2021-08-12 15:35:58,506] {logging_mixin.py:104} INFO - Running <TaskInstance: parallel_dag_03.task_4 2021-08-09T00:00:00+00:00 [running]> on host adam
[2021-08-12 15:35:58,591] {taskinstance.py:1300} INFO - Exporting the following env vars:
AIRFLOW_CTX_DAG_OWNER=airflow
AIRFLOW_CTX_DAG_ID=parallel_dag_03
AIRFLOW_CTX_TASK_ID=task_4
AIRFLOW_CTX_EXECUTION_DATE=2021-08-09T00:00:00+00:00
AIRFLOW_CTX_DAG_RUN_ID=scheduled__2021-08-09T00:00:00+00:00
[2021-08-12 15:35:58,592] {subprocess.py:52} INFO - Tmp dir root location: 
 /tmp
[2021-08-12 15:35:58,593] {subprocess.py:63} INFO - Running command: ['bash', '-c', 'firefox gmail.com']
[2021-08-12 15:35:58,630] {subprocess.py:74} INFO - Output:
[2021-08-12 15:36:04,221] {subprocess.py:82} INFO - Command exited with return code 0
[2021-08-12 15:36:04,287] {taskinstance.py:1204} INFO - Marking task as SUCCESS. dag_id=parallel_dag_03, task_id=task_4, execution_date=20210809T000000, start_date=20210812T133558, end_date=20210812T133604
[2021-08-12 15:36:04,332] {taskinstance.py:1265} INFO - 1 downstream tasks scheduled from follow-on schedule check
[2021-08-12 15:36:04,353] {local_task_job.py:149} INFO - Task exited with return code 0
