[2021-08-04 14:30:18,767] {taskinstance.py:896} INFO - Dependencies all met for <TaskInstance: trigger_rule.task_2 2021-08-03T00:00:00+00:00 [queued]>
[2021-08-04 14:30:18,771] {taskinstance.py:896} INFO - Dependencies all met for <TaskInstance: trigger_rule.task_2 2021-08-03T00:00:00+00:00 [queued]>
[2021-08-04 14:30:18,771] {taskinstance.py:1087} INFO - 
--------------------------------------------------------------------------------
[2021-08-04 14:30:18,771] {taskinstance.py:1088} INFO - Starting attempt 1 of 1
[2021-08-04 14:30:18,771] {taskinstance.py:1089} INFO - 
--------------------------------------------------------------------------------
[2021-08-04 14:30:18,776] {taskinstance.py:1107} INFO - Executing <Task(BashOperator): task_2> on 2021-08-03T00:00:00+00:00
[2021-08-04 14:30:18,778] {standard_task_runner.py:52} INFO - Started process 1344150 to run task
[2021-08-04 14:30:18,781] {standard_task_runner.py:76} INFO - Running: ['airflow', 'tasks', 'run', 'trigger_rule', 'task_2', '2021-08-03T00:00:00+00:00', '--job-id', '16', '--pool', 'default_pool', '--raw', '--subdir', 'DAGS_FOLDER/trigger_dag.py', '--cfg-path', '/tmp/tmprt51yx6t', '--error-file', '/tmp/tmpdqa_4kzt']
[2021-08-04 14:30:18,781] {standard_task_runner.py:77} INFO - Job 16: Subtask task_2
[2021-08-04 14:30:18,800] {logging_mixin.py:104} INFO - Running <TaskInstance: trigger_rule.task_2 2021-08-03T00:00:00+00:00 [running]> on host adam
[2021-08-04 14:30:18,820] {taskinstance.py:1300} INFO - Exporting the following env vars:
AIRFLOW_CTX_DAG_OWNER=airflow
AIRFLOW_CTX_DAG_ID=trigger_rule
AIRFLOW_CTX_TASK_ID=task_2
AIRFLOW_CTX_EXECUTION_DATE=2021-08-03T00:00:00+00:00
AIRFLOW_CTX_DAG_RUN_ID=scheduled__2021-08-03T00:00:00+00:00
[2021-08-04 14:30:18,821] {subprocess.py:52} INFO - Tmp dir root location: 
 /tmp
[2021-08-04 14:30:18,821] {subprocess.py:63} INFO - Running command: ['bash', '-c', 'exit 0']
[2021-08-04 14:30:18,826] {subprocess.py:74} INFO - Output:
[2021-08-04 14:30:18,828] {subprocess.py:82} INFO - Command exited with return code 0
[2021-08-04 14:30:18,833] {taskinstance.py:1204} INFO - Marking task as SUCCESS. dag_id=trigger_rule, task_id=task_2, execution_date=20210803T000000, start_date=20210804T123018, end_date=20210804T123018
[2021-08-04 14:30:18,846] {taskinstance.py:1265} INFO - 1 downstream tasks scheduled from follow-on schedule check
[2021-08-04 14:30:18,872] {local_task_job.py:149} INFO - Task exited with return code 0
