[2021-08-12 15:25:10,353] {taskinstance.py:896} INFO - Dependencies all met for <TaskInstance: parallel_dag_03.processing_tasks.task_3 2021-08-12T13:11:55.059091+00:00 [queued]>
[2021-08-12 15:25:10,359] {taskinstance.py:896} INFO - Dependencies all met for <TaskInstance: parallel_dag_03.processing_tasks.task_3 2021-08-12T13:11:55.059091+00:00 [queued]>
[2021-08-12 15:25:10,359] {taskinstance.py:1087} INFO - 
--------------------------------------------------------------------------------
[2021-08-12 15:25:10,359] {taskinstance.py:1088} INFO - Starting attempt 1 of 1
[2021-08-12 15:25:10,359] {taskinstance.py:1089} INFO - 
--------------------------------------------------------------------------------
[2021-08-12 15:25:10,365] {taskinstance.py:1107} INFO - Executing <Task(BashOperator): processing_tasks.task_3> on 2021-08-12T13:11:55.059091+00:00
[2021-08-12 15:25:10,367] {standard_task_runner.py:52} INFO - Started process 497529 to run task
[2021-08-12 15:25:10,370] {standard_task_runner.py:76} INFO - Running: ['airflow', 'tasks', 'run', 'parallel_dag_03', 'processing_tasks.task_3', '2021-08-12T13:11:55.059091+00:00', '--job-id', '116', '--pool', 'default_pool', '--raw', '--subdir', 'DAGS_FOLDER/task_example.py', '--cfg-path', '/tmp/tmp65scc0tn', '--error-file', '/tmp/tmpw28jtbzi']
[2021-08-12 15:25:10,370] {standard_task_runner.py:77} INFO - Job 116: Subtask processing_tasks.task_3
[2021-08-12 15:25:10,390] {logging_mixin.py:104} INFO - Running <TaskInstance: parallel_dag_03.processing_tasks.task_3 2021-08-12T13:11:55.059091+00:00 [running]> on host adam
[2021-08-12 15:25:10,416] {taskinstance.py:1300} INFO - Exporting the following env vars:
AIRFLOW_CTX_DAG_OWNER=airflow
AIRFLOW_CTX_DAG_ID=parallel_dag_03
AIRFLOW_CTX_TASK_ID=processing_tasks.task_3
AIRFLOW_CTX_EXECUTION_DATE=2021-08-12T13:11:55.059091+00:00
AIRFLOW_CTX_DAG_RUN_ID=manual__2021-08-12T13:11:55.059091+00:00
[2021-08-12 15:25:10,417] {subprocess.py:52} INFO - Tmp dir root location: 
 /tmp
[2021-08-12 15:25:10,417] {subprocess.py:63} INFO - Running command: ['bash', '-c', 'echo task 3']
[2021-08-12 15:25:10,426] {subprocess.py:74} INFO - Output:
[2021-08-12 15:25:10,427] {subprocess.py:78} INFO - task 3
[2021-08-12 15:25:10,427] {subprocess.py:82} INFO - Command exited with return code 0
[2021-08-12 15:25:10,439] {taskinstance.py:1204} INFO - Marking task as SUCCESS. dag_id=parallel_dag_03, task_id=processing_tasks.task_3, execution_date=20210812T131155, start_date=20210812T132510, end_date=20210812T132510
[2021-08-12 15:25:10,454] {taskinstance.py:1265} INFO - 1 downstream tasks scheduled from follow-on schedule check
[2021-08-12 15:25:10,461] {local_task_job.py:149} INFO - Task exited with return code 0
