[2021-08-12 15:01:50,777] {taskinstance.py:896} INFO - Dependencies all met for <TaskInstance: parallel_dag_03.task_4 2021-08-10T00:00:00+00:00 [queued]>
[2021-08-12 15:01:50,786] {taskinstance.py:896} INFO - Dependencies all met for <TaskInstance: parallel_dag_03.task_4 2021-08-10T00:00:00+00:00 [queued]>
[2021-08-12 15:01:50,786] {taskinstance.py:1087} INFO - 
--------------------------------------------------------------------------------
[2021-08-12 15:01:50,786] {taskinstance.py:1088} INFO - Starting attempt 1 of 1
[2021-08-12 15:01:50,786] {taskinstance.py:1089} INFO - 
--------------------------------------------------------------------------------
[2021-08-12 15:01:50,794] {taskinstance.py:1107} INFO - Executing <Task(BashOperator): task_4> on 2021-08-10T00:00:00+00:00
[2021-08-12 15:01:50,800] {standard_task_runner.py:52} INFO - Started process 467427 to run task
[2021-08-12 15:01:50,807] {standard_task_runner.py:76} INFO - Running: ['airflow', 'tasks', 'run', 'parallel_dag_03', 'task_4', '2021-08-10T00:00:00+00:00', '--job-id', '83', '--pool', 'default_pool', '--raw', '--subdir', 'DAGS_FOLDER/task_example.py', '--cfg-path', '/tmp/tmpx_z326be', '--error-file', '/tmp/tmpi46b_pv_']
[2021-08-12 15:01:50,808] {standard_task_runner.py:77} INFO - Job 83: Subtask task_4
[2021-08-12 15:01:50,840] {logging_mixin.py:104} INFO - Running <TaskInstance: parallel_dag_03.task_4 2021-08-10T00:00:00+00:00 [running]> on host adam
[2021-08-12 15:01:50,878] {taskinstance.py:1300} INFO - Exporting the following env vars:
AIRFLOW_CTX_DAG_OWNER=airflow
AIRFLOW_CTX_DAG_ID=parallel_dag_03
AIRFLOW_CTX_TASK_ID=task_4
AIRFLOW_CTX_EXECUTION_DATE=2021-08-10T00:00:00+00:00
AIRFLOW_CTX_DAG_RUN_ID=scheduled__2021-08-10T00:00:00+00:00
[2021-08-12 15:01:50,880] {subprocess.py:52} INFO - Tmp dir root location: 
 /tmp
[2021-08-12 15:01:50,880] {subprocess.py:63} INFO - Running command: ['bash', '-c', 'echo pwd']
[2021-08-12 15:01:50,892] {subprocess.py:74} INFO - Output:
[2021-08-12 15:01:50,893] {subprocess.py:78} INFO - pwd
[2021-08-12 15:01:50,893] {subprocess.py:82} INFO - Command exited with return code 0
[2021-08-12 15:01:50,911] {taskinstance.py:1204} INFO - Marking task as SUCCESS. dag_id=parallel_dag_03, task_id=task_4, execution_date=20210810T000000, start_date=20210812T130150, end_date=20210812T130150
[2021-08-12 15:01:50,929] {taskinstance.py:1265} INFO - 0 downstream tasks scheduled from follow-on schedule check
[2021-08-12 15:01:50,978] {local_task_job.py:149} INFO - Task exited with return code 0
[2021-08-12 15:36:20,876] {taskinstance.py:896} INFO - Dependencies all met for <TaskInstance: parallel_dag_03.task_4 2021-08-10T00:00:00+00:00 [queued]>
[2021-08-12 15:36:20,900] {taskinstance.py:896} INFO - Dependencies all met for <TaskInstance: parallel_dag_03.task_4 2021-08-10T00:00:00+00:00 [queued]>
[2021-08-12 15:36:20,901] {taskinstance.py:1087} INFO - 
--------------------------------------------------------------------------------
[2021-08-12 15:36:20,901] {taskinstance.py:1088} INFO - Starting attempt 1 of 1
[2021-08-12 15:36:20,901] {taskinstance.py:1089} INFO - 
--------------------------------------------------------------------------------
[2021-08-12 15:36:20,929] {taskinstance.py:1107} INFO - Executing <Task(BashOperator): task_4> on 2021-08-10T00:00:00+00:00
[2021-08-12 15:36:20,933] {standard_task_runner.py:52} INFO - Started process 12168 to run task
[2021-08-12 15:36:20,946] {standard_task_runner.py:76} INFO - Running: ['airflow', 'tasks', 'run', 'parallel_dag_03', 'task_4', '2021-08-10T00:00:00+00:00', '--job-id', '147', '--pool', 'default_pool', '--raw', '--subdir', 'DAGS_FOLDER/task_example.py', '--cfg-path', '/tmp/tmp5weqagnd', '--error-file', '/tmp/tmpdyp4wys0']
[2021-08-12 15:36:20,948] {standard_task_runner.py:77} INFO - Job 147: Subtask task_4
[2021-08-12 15:36:21,036] {logging_mixin.py:104} INFO - Running <TaskInstance: parallel_dag_03.task_4 2021-08-10T00:00:00+00:00 [running]> on host adam
[2021-08-12 15:36:21,111] {taskinstance.py:1300} INFO - Exporting the following env vars:
AIRFLOW_CTX_DAG_OWNER=airflow
AIRFLOW_CTX_DAG_ID=parallel_dag_03
AIRFLOW_CTX_TASK_ID=task_4
AIRFLOW_CTX_EXECUTION_DATE=2021-08-10T00:00:00+00:00
AIRFLOW_CTX_DAG_RUN_ID=scheduled__2021-08-10T00:00:00+00:00
[2021-08-12 15:36:21,120] {subprocess.py:52} INFO - Tmp dir root location: 
 /tmp
[2021-08-12 15:36:21,120] {subprocess.py:63} INFO - Running command: ['bash', '-c', 'firefox gmail.com']
[2021-08-12 15:36:21,131] {subprocess.py:74} INFO - Output:
[2021-08-12 15:36:21,498] {subprocess.py:82} INFO - Command exited with return code 0
[2021-08-12 15:36:21,528] {taskinstance.py:1204} INFO - Marking task as SUCCESS. dag_id=parallel_dag_03, task_id=task_4, execution_date=20210810T000000, start_date=20210812T133620, end_date=20210812T133621
[2021-08-12 15:36:21,602] {taskinstance.py:1265} INFO - 1 downstream tasks scheduled from follow-on schedule check
[2021-08-12 15:36:21,648] {local_task_job.py:149} INFO - Task exited with return code 0
