[2021-08-12 15:03:12,013] {taskinstance.py:896} INFO - Dependencies all met for <TaskInstance: parallel_dag_03.task_1 2021-08-12T13:03:09.484650+00:00 [queued]>
[2021-08-12 15:03:12,018] {taskinstance.py:896} INFO - Dependencies all met for <TaskInstance: parallel_dag_03.task_1 2021-08-12T13:03:09.484650+00:00 [queued]>
[2021-08-12 15:03:12,018] {taskinstance.py:1087} INFO - 
--------------------------------------------------------------------------------
[2021-08-12 15:03:12,018] {taskinstance.py:1088} INFO - Starting attempt 1 of 1
[2021-08-12 15:03:12,018] {taskinstance.py:1089} INFO - 
--------------------------------------------------------------------------------
[2021-08-12 15:03:12,024] {taskinstance.py:1107} INFO - Executing <Task(BashOperator): task_1> on 2021-08-12T13:03:09.484650+00:00
[2021-08-12 15:03:12,026] {standard_task_runner.py:52} INFO - Started process 469256 to run task
[2021-08-12 15:03:12,030] {standard_task_runner.py:76} INFO - Running: ['airflow', 'tasks', 'run', 'parallel_dag_03', 'task_1', '2021-08-12T13:03:09.484650+00:00', '--job-id', '85', '--pool', 'default_pool', '--raw', '--subdir', 'DAGS_FOLDER/task_example.py', '--cfg-path', '/tmp/tmpzg740gdm', '--error-file', '/tmp/tmpe9irl93a']
[2021-08-12 15:03:12,031] {standard_task_runner.py:77} INFO - Job 85: Subtask task_1
[2021-08-12 15:03:12,049] {logging_mixin.py:104} INFO - Running <TaskInstance: parallel_dag_03.task_1 2021-08-12T13:03:09.484650+00:00 [running]> on host adam
[2021-08-12 15:03:12,075] {taskinstance.py:1300} INFO - Exporting the following env vars:
AIRFLOW_CTX_DAG_OWNER=airflow
AIRFLOW_CTX_DAG_ID=parallel_dag_03
AIRFLOW_CTX_TASK_ID=task_1
AIRFLOW_CTX_EXECUTION_DATE=2021-08-12T13:03:09.484650+00:00
AIRFLOW_CTX_DAG_RUN_ID=manual__2021-08-12T13:03:09.484650+00:00
[2021-08-12 15:03:12,076] {subprocess.py:52} INFO - Tmp dir root location: 
 /tmp
[2021-08-12 15:03:12,077] {subprocess.py:63} INFO - Running command: ['bash', '-c', 'echo ${USER}']
[2021-08-12 15:03:12,086] {subprocess.py:74} INFO - Output:
[2021-08-12 15:03:12,087] {subprocess.py:78} INFO - adam
[2021-08-12 15:03:12,088] {subprocess.py:82} INFO - Command exited with return code 0
[2021-08-12 15:03:12,101] {taskinstance.py:1204} INFO - Marking task as SUCCESS. dag_id=parallel_dag_03, task_id=task_1, execution_date=20210812T130309, start_date=20210812T130312, end_date=20210812T130312
[2021-08-12 15:03:12,117] {taskinstance.py:1265} INFO - 2 downstream tasks scheduled from follow-on schedule check
[2021-08-12 15:03:12,161] {local_task_job.py:149} INFO - Task exited with return code 0
