[2021-08-12 10:36:20,829] {taskinstance.py:896} INFO - Dependencies all met for <TaskInstance: parallel_dag.task_2 2021-08-11T00:00:00+00:00 [queued]>
[2021-08-12 10:36:20,834] {taskinstance.py:896} INFO - Dependencies all met for <TaskInstance: parallel_dag.task_2 2021-08-11T00:00:00+00:00 [queued]>
[2021-08-12 10:36:20,834] {taskinstance.py:1087} INFO - 
--------------------------------------------------------------------------------
[2021-08-12 10:36:20,834] {taskinstance.py:1088} INFO - Starting attempt 1 of 1
[2021-08-12 10:36:20,834] {taskinstance.py:1089} INFO - 
--------------------------------------------------------------------------------
[2021-08-12 10:36:20,840] {taskinstance.py:1107} INFO - Executing <Task(BashOperator): task_2> on 2021-08-11T00:00:00+00:00
[2021-08-12 10:36:20,842] {standard_task_runner.py:52} INFO - Started process 132294 to run task
[2021-08-12 10:36:20,845] {standard_task_runner.py:76} INFO - Running: ['airflow', 'tasks', 'run', 'parallel_dag', 'task_2', '2021-08-11T00:00:00+00:00', '--job-id', '32', '--pool', 'default_pool', '--raw', '--subdir', 'DAGS_FOLDER/subdag_example.py', '--cfg-path', '/tmp/tmpin8j3srl', '--error-file', '/tmp/tmpz32nm_zn']
[2021-08-12 10:36:20,845] {standard_task_runner.py:77} INFO - Job 32: Subtask task_2
[2021-08-12 10:36:20,865] {logging_mixin.py:104} INFO - Running <TaskInstance: parallel_dag.task_2 2021-08-11T00:00:00+00:00 [running]> on host adam
[2021-08-12 10:36:20,886] {taskinstance.py:1300} INFO - Exporting the following env vars:
AIRFLOW_CTX_DAG_OWNER=airflow
AIRFLOW_CTX_DAG_ID=parallel_dag
AIRFLOW_CTX_TASK_ID=task_2
AIRFLOW_CTX_EXECUTION_DATE=2021-08-11T00:00:00+00:00
AIRFLOW_CTX_DAG_RUN_ID=scheduled__2021-08-11T00:00:00+00:00
[2021-08-12 10:36:20,886] {subprocess.py:52} INFO - Tmp dir root location: 
 /tmp
[2021-08-12 10:36:20,887] {subprocess.py:63} INFO - Running command: ['bash', '-c', 'echo task 2']
[2021-08-12 10:36:20,891] {subprocess.py:74} INFO - Output:
[2021-08-12 10:36:20,892] {subprocess.py:78} INFO - task 2
[2021-08-12 10:36:20,892] {subprocess.py:82} INFO - Command exited with return code 0
[2021-08-12 10:36:20,904] {taskinstance.py:1204} INFO - Marking task as SUCCESS. dag_id=parallel_dag, task_id=task_2, execution_date=20210811T000000, start_date=20210812T083620, end_date=20210812T083620
[2021-08-12 10:36:20,918] {taskinstance.py:1265} INFO - 1 downstream tasks scheduled from follow-on schedule check
[2021-08-12 10:36:20,936] {local_task_job.py:149} INFO - Task exited with return code 0
[2021-08-12 10:37:44,397] {taskinstance.py:896} INFO - Dependencies all met for <TaskInstance: parallel_dag.task_2 2021-08-11T00:00:00+00:00 [queued]>
[2021-08-12 10:37:44,401] {taskinstance.py:896} INFO - Dependencies all met for <TaskInstance: parallel_dag.task_2 2021-08-11T00:00:00+00:00 [queued]>
[2021-08-12 10:37:44,402] {taskinstance.py:1087} INFO - 
--------------------------------------------------------------------------------
[2021-08-12 10:37:44,402] {taskinstance.py:1088} INFO - Starting attempt 1 of 1
[2021-08-12 10:37:44,402] {taskinstance.py:1089} INFO - 
--------------------------------------------------------------------------------
[2021-08-12 10:37:44,410] {taskinstance.py:1107} INFO - Executing <Task(BashOperator): task_2> on 2021-08-11T00:00:00+00:00
[2021-08-12 10:37:44,411] {standard_task_runner.py:52} INFO - Started process 134223 to run task
[2021-08-12 10:37:44,415] {standard_task_runner.py:76} INFO - Running: ['airflow', 'tasks', 'run', 'parallel_dag', 'task_2', '2021-08-11T00:00:00+00:00', '--job-id', '33', '--pool', 'default_pool', '--raw', '--subdir', 'DAGS_FOLDER/subdag_example.py', '--cfg-path', '/tmp/tmp8h4lsuyw', '--error-file', '/tmp/tmp7mxd_9yx']
[2021-08-12 10:37:44,415] {standard_task_runner.py:77} INFO - Job 33: Subtask task_2
[2021-08-12 10:37:44,442] {logging_mixin.py:104} INFO - Running <TaskInstance: parallel_dag.task_2 2021-08-11T00:00:00+00:00 [running]> on host adam
[2021-08-12 10:37:44,470] {taskinstance.py:1300} INFO - Exporting the following env vars:
AIRFLOW_CTX_DAG_OWNER=airflow
AIRFLOW_CTX_DAG_ID=parallel_dag
AIRFLOW_CTX_TASK_ID=task_2
AIRFLOW_CTX_EXECUTION_DATE=2021-08-11T00:00:00+00:00
AIRFLOW_CTX_DAG_RUN_ID=scheduled__2021-08-11T00:00:00+00:00
[2021-08-12 10:37:44,471] {subprocess.py:52} INFO - Tmp dir root location: 
 /tmp
[2021-08-12 10:37:44,471] {subprocess.py:63} INFO - Running command: ['bash', '-c', 'echo task 2']
[2021-08-12 10:37:44,476] {subprocess.py:74} INFO - Output:
[2021-08-12 10:37:44,477] {subprocess.py:78} INFO - task 2
[2021-08-12 10:37:44,477] {subprocess.py:82} INFO - Command exited with return code 0
[2021-08-12 10:37:44,494] {taskinstance.py:1204} INFO - Marking task as SUCCESS. dag_id=parallel_dag, task_id=task_2, execution_date=20210811T000000, start_date=20210812T083744, end_date=20210812T083744
[2021-08-12 10:37:44,515] {taskinstance.py:1265} INFO - 0 downstream tasks scheduled from follow-on schedule check
[2021-08-12 10:37:44,546] {local_task_job.py:149} INFO - Task exited with return code 0
[2021-08-12 10:38:39,591] {taskinstance.py:896} INFO - Dependencies all met for <TaskInstance: parallel_dag.task_2 2021-08-11T00:00:00+00:00 [queued]>
[2021-08-12 10:38:39,595] {taskinstance.py:896} INFO - Dependencies all met for <TaskInstance: parallel_dag.task_2 2021-08-11T00:00:00+00:00 [queued]>
[2021-08-12 10:38:39,595] {taskinstance.py:1087} INFO - 
--------------------------------------------------------------------------------
[2021-08-12 10:38:39,595] {taskinstance.py:1088} INFO - Starting attempt 1 of 1
[2021-08-12 10:38:39,595] {taskinstance.py:1089} INFO - 
--------------------------------------------------------------------------------
[2021-08-12 10:38:39,603] {taskinstance.py:1107} INFO - Executing <Task(BashOperator): task_2> on 2021-08-11T00:00:00+00:00
[2021-08-12 10:38:39,604] {standard_task_runner.py:52} INFO - Started process 135541 to run task
[2021-08-12 10:38:39,607] {standard_task_runner.py:76} INFO - Running: ['airflow', 'tasks', 'run', 'parallel_dag', 'task_2', '2021-08-11T00:00:00+00:00', '--job-id', '33', '--pool', 'default_pool', '--raw', '--subdir', 'DAGS_FOLDER/subdag_example.py', '--cfg-path', '/tmp/tmpa_t0i5uw', '--error-file', '/tmp/tmptbchbcvs']
[2021-08-12 10:38:39,608] {standard_task_runner.py:77} INFO - Job 33: Subtask task_2
[2021-08-12 10:38:39,629] {logging_mixin.py:104} INFO - Running <TaskInstance: parallel_dag.task_2 2021-08-11T00:00:00+00:00 [running]> on host adam
[2021-08-12 10:38:39,654] {taskinstance.py:1300} INFO - Exporting the following env vars:
AIRFLOW_CTX_DAG_OWNER=airflow
AIRFLOW_CTX_DAG_ID=parallel_dag
AIRFLOW_CTX_TASK_ID=task_2
AIRFLOW_CTX_EXECUTION_DATE=2021-08-11T00:00:00+00:00
AIRFLOW_CTX_DAG_RUN_ID=scheduled__2021-08-11T00:00:00+00:00
[2021-08-12 10:38:39,654] {subprocess.py:52} INFO - Tmp dir root location: 
 /tmp
[2021-08-12 10:38:39,655] {subprocess.py:63} INFO - Running command: ['bash', '-c', 'echo task 2']
[2021-08-12 10:38:39,659] {subprocess.py:74} INFO - Output:
[2021-08-12 10:38:39,660] {subprocess.py:78} INFO - task 2
[2021-08-12 10:38:39,660] {subprocess.py:82} INFO - Command exited with return code 0
[2021-08-12 10:38:39,673] {taskinstance.py:1204} INFO - Marking task as SUCCESS. dag_id=parallel_dag, task_id=task_2, execution_date=20210811T000000, start_date=20210812T083839, end_date=20210812T083839
[2021-08-12 10:38:39,687] {taskinstance.py:1265} INFO - 0 downstream tasks scheduled from follow-on schedule check
[2021-08-12 10:38:39,698] {local_task_job.py:149} INFO - Task exited with return code 0
