[2021-08-12 15:08:01,228] {taskinstance.py:896} INFO - Dependencies all met for <TaskInstance: parallel_dag_03.task_1 2021-08-12T13:07:58.389732+00:00 [queued]>
[2021-08-12 15:08:01,234] {taskinstance.py:896} INFO - Dependencies all met for <TaskInstance: parallel_dag_03.task_1 2021-08-12T13:07:58.389732+00:00 [queued]>
[2021-08-12 15:08:01,234] {taskinstance.py:1087} INFO - 
--------------------------------------------------------------------------------
[2021-08-12 15:08:01,234] {taskinstance.py:1088} INFO - Starting attempt 1 of 1
[2021-08-12 15:08:01,235] {taskinstance.py:1089} INFO - 
--------------------------------------------------------------------------------
[2021-08-12 15:08:01,244] {taskinstance.py:1107} INFO - Executing <Task(BashOperator): task_1> on 2021-08-12T13:07:58.389732+00:00
[2021-08-12 15:08:01,246] {standard_task_runner.py:52} INFO - Started process 475735 to run task
[2021-08-12 15:08:01,252] {standard_task_runner.py:76} INFO - Running: ['airflow', 'tasks', 'run', 'parallel_dag_03', 'task_1', '2021-08-12T13:07:58.389732+00:00', '--job-id', '93', '--pool', 'default_pool', '--raw', '--subdir', 'DAGS_FOLDER/task_example.py', '--cfg-path', '/tmp/tmp29ry02ej', '--error-file', '/tmp/tmpmfgfkudy']
[2021-08-12 15:08:01,253] {standard_task_runner.py:77} INFO - Job 93: Subtask task_1
[2021-08-12 15:08:01,288] {logging_mixin.py:104} INFO - Running <TaskInstance: parallel_dag_03.task_1 2021-08-12T13:07:58.389732+00:00 [running]> on host adam
[2021-08-12 15:08:01,326] {taskinstance.py:1300} INFO - Exporting the following env vars:
AIRFLOW_CTX_DAG_OWNER=airflow
AIRFLOW_CTX_DAG_ID=parallel_dag_03
AIRFLOW_CTX_TASK_ID=task_1
AIRFLOW_CTX_EXECUTION_DATE=2021-08-12T13:07:58.389732+00:00
AIRFLOW_CTX_DAG_RUN_ID=manual__2021-08-12T13:07:58.389732+00:00
[2021-08-12 15:08:01,327] {subprocess.py:52} INFO - Tmp dir root location: 
 /tmp
[2021-08-12 15:08:01,328] {subprocess.py:63} INFO - Running command: ['bash', '-c', 'echo ${USER}']
[2021-08-12 15:08:01,337] {subprocess.py:74} INFO - Output:
[2021-08-12 15:08:01,339] {subprocess.py:78} INFO - adam
[2021-08-12 15:08:01,339] {subprocess.py:82} INFO - Command exited with return code 0
[2021-08-12 15:08:01,359] {taskinstance.py:1204} INFO - Marking task as SUCCESS. dag_id=parallel_dag_03, task_id=task_1, execution_date=20210812T130758, start_date=20210812T130801, end_date=20210812T130801
[2021-08-12 15:08:01,385] {taskinstance.py:1265} INFO - 3 downstream tasks scheduled from follow-on schedule check
[2021-08-12 15:08:01,422] {local_task_job.py:149} INFO - Task exited with return code 0
