[2021-08-12 17:22:06,502] {taskinstance.py:896} INFO - Dependencies all met for <TaskInstance: xcom_dag.choose_model 2021-08-12T15:21:53.735863+00:00 [queued]>
[2021-08-12 17:22:06,507] {taskinstance.py:896} INFO - Dependencies all met for <TaskInstance: xcom_dag.choose_model 2021-08-12T15:21:53.735863+00:00 [queued]>
[2021-08-12 17:22:06,507] {taskinstance.py:1087} INFO - 
--------------------------------------------------------------------------------
[2021-08-12 17:22:06,507] {taskinstance.py:1088} INFO - Starting attempt 1 of 1
[2021-08-12 17:22:06,507] {taskinstance.py:1089} INFO - 
--------------------------------------------------------------------------------
[2021-08-12 17:22:06,513] {taskinstance.py:1107} INFO - Executing <Task(BranchPythonOperator): choose_model> on 2021-08-12T15:21:53.735863+00:00
[2021-08-12 17:22:06,516] {standard_task_runner.py:52} INFO - Started process 151415 to run task
[2021-08-12 17:22:06,519] {standard_task_runner.py:76} INFO - Running: ['airflow', 'tasks', 'run', 'xcom_dag', 'choose_model', '2021-08-12T15:21:53.735863+00:00', '--job-id', '207', '--pool', 'default_pool', '--raw', '--subdir', 'DAGS_FOLDER/xcomss.py', '--cfg-path', '/tmp/tmpspxenpdu', '--error-file', '/tmp/tmps21by4v4']
[2021-08-12 17:22:06,520] {standard_task_runner.py:77} INFO - Job 207: Subtask choose_model
[2021-08-12 17:22:06,538] {logging_mixin.py:104} INFO - Running <TaskInstance: xcom_dag.choose_model 2021-08-12T15:21:53.735863+00:00 [running]> on host adam
[2021-08-12 17:22:06,558] {taskinstance.py:1300} INFO - Exporting the following env vars:
AIRFLOW_CTX_DAG_OWNER=airflow
AIRFLOW_CTX_DAG_ID=xcom_dag
AIRFLOW_CTX_TASK_ID=choose_model
AIRFLOW_CTX_EXECUTION_DATE=2021-08-12T15:21:53.735863+00:00
AIRFLOW_CTX_DAG_RUN_ID=manual__2021-08-12T15:21:53.735863+00:00
[2021-08-12 17:22:06,559] {logging_mixin.py:104} INFO - choose best model
[2021-08-12 17:22:06,561] {logging_mixin.py:104} INFO - [2.7722901223094425, 6.000117165214396, 3.428758283164008]
[2021-08-12 17:22:06,561] {python.py:151} INFO - Done. Returned value was: accurate
[2021-08-12 17:22:06,561] {skipmixin.py:124} INFO - Following branch accurate
[2021-08-12 17:22:06,563] {skipmixin.py:155} INFO - Skipping tasks ['inaccurate']
[2021-08-12 17:22:06,587] {taskinstance.py:1204} INFO - Marking task as SUCCESS. dag_id=xcom_dag, task_id=choose_model, execution_date=20210812T152153, start_date=20210812T152206, end_date=20210812T152206
[2021-08-12 17:22:06,605] {taskinstance.py:1265} INFO - 1 downstream tasks scheduled from follow-on schedule check
[2021-08-12 17:22:06,610] {local_task_job.py:149} INFO - Task exited with return code 0
