[2021-08-12 15:30:05,088] {taskinstance.py:896} INFO - Dependencies all met for <TaskInstance: parallel_dag_03.task_1 2021-08-12T13:28:32.935438+00:00 [queued]>
[2021-08-12 15:30:05,093] {taskinstance.py:896} INFO - Dependencies all met for <TaskInstance: parallel_dag_03.task_1 2021-08-12T13:28:32.935438+00:00 [queued]>
[2021-08-12 15:30:05,094] {taskinstance.py:1087} INFO - 
--------------------------------------------------------------------------------
[2021-08-12 15:30:05,094] {taskinstance.py:1088} INFO - Starting attempt 1 of 1
[2021-08-12 15:30:05,094] {taskinstance.py:1089} INFO - 
--------------------------------------------------------------------------------
[2021-08-12 15:30:05,105] {taskinstance.py:1107} INFO - Executing <Task(BashOperator): task_1> on 2021-08-12T13:28:32.935438+00:00
[2021-08-12 15:30:05,108] {standard_task_runner.py:52} INFO - Started process 504180 to run task
[2021-08-12 15:30:05,112] {standard_task_runner.py:76} INFO - Running: ['airflow', 'tasks', 'run', 'parallel_dag_03', 'task_1', '2021-08-12T13:28:32.935438+00:00', '--job-id', '110', '--pool', 'default_pool', '--raw', '--subdir', 'DAGS_FOLDER/task_example.py', '--cfg-path', '/tmp/tmpc_mlk97r', '--error-file', '/tmp/tmp8frj96mq']
[2021-08-12 15:30:05,113] {standard_task_runner.py:77} INFO - Job 110: Subtask task_1
[2021-08-12 15:30:05,139] {logging_mixin.py:104} INFO - Running <TaskInstance: parallel_dag_03.task_1 2021-08-12T13:28:32.935438+00:00 [running]> on host adam
[2021-08-12 15:30:05,177] {taskinstance.py:1300} INFO - Exporting the following env vars:
AIRFLOW_CTX_DAG_OWNER=airflow
AIRFLOW_CTX_DAG_ID=parallel_dag_03
AIRFLOW_CTX_TASK_ID=task_1
AIRFLOW_CTX_EXECUTION_DATE=2021-08-12T13:28:32.935438+00:00
AIRFLOW_CTX_DAG_RUN_ID=manual__2021-08-12T13:28:32.935438+00:00
[2021-08-12 15:30:05,178] {subprocess.py:52} INFO - Tmp dir root location: 
 /tmp
[2021-08-12 15:30:05,178] {subprocess.py:63} INFO - Running command: ['bash', '-c', 'echo ${USER}']
[2021-08-12 15:30:05,208] {subprocess.py:74} INFO - Output:
[2021-08-12 15:30:05,209] {subprocess.py:78} INFO - adam
[2021-08-12 15:30:05,209] {subprocess.py:82} INFO - Command exited with return code 0
[2021-08-12 15:30:05,220] {taskinstance.py:1204} INFO - Marking task as SUCCESS. dag_id=parallel_dag_03, task_id=task_1, execution_date=20210812T132832, start_date=20210812T133005, end_date=20210812T133005
[2021-08-12 15:30:05,235] {taskinstance.py:1265} INFO - 3 downstream tasks scheduled from follow-on schedule check
[2021-08-12 15:30:05,242] {local_task_job.py:149} INFO - Task exited with return code 0
