[2021-08-04 14:30:17,723] {taskinstance.py:896} INFO - Dependencies all met for <TaskInstance: trigger_rule.task_1 2021-08-03T00:00:00+00:00 [queued]>
[2021-08-04 14:30:17,726] {taskinstance.py:896} INFO - Dependencies all met for <TaskInstance: trigger_rule.task_1 2021-08-03T00:00:00+00:00 [queued]>
[2021-08-04 14:30:17,726] {taskinstance.py:1087} INFO - 
--------------------------------------------------------------------------------
[2021-08-04 14:30:17,726] {taskinstance.py:1088} INFO - Starting attempt 1 of 1
[2021-08-04 14:30:17,726] {taskinstance.py:1089} INFO - 
--------------------------------------------------------------------------------
[2021-08-04 14:30:17,733] {taskinstance.py:1107} INFO - Executing <Task(BashOperator): task_1> on 2021-08-03T00:00:00+00:00
[2021-08-04 14:30:17,734] {standard_task_runner.py:52} INFO - Started process 1344119 to run task
[2021-08-04 14:30:17,737] {standard_task_runner.py:76} INFO - Running: ['airflow', 'tasks', 'run', 'trigger_rule', 'task_1', '2021-08-03T00:00:00+00:00', '--job-id', '15', '--pool', 'default_pool', '--raw', '--subdir', 'DAGS_FOLDER/trigger_dag.py', '--cfg-path', '/tmp/tmp_ilch2ln', '--error-file', '/tmp/tmpp5997e7x']
[2021-08-04 14:30:17,737] {standard_task_runner.py:77} INFO - Job 15: Subtask task_1
[2021-08-04 14:30:17,757] {logging_mixin.py:104} INFO - Running <TaskInstance: trigger_rule.task_1 2021-08-03T00:00:00+00:00 [running]> on host adam
[2021-08-04 14:30:17,777] {taskinstance.py:1300} INFO - Exporting the following env vars:
AIRFLOW_CTX_DAG_OWNER=airflow
AIRFLOW_CTX_DAG_ID=trigger_rule
AIRFLOW_CTX_TASK_ID=task_1
AIRFLOW_CTX_EXECUTION_DATE=2021-08-03T00:00:00+00:00
AIRFLOW_CTX_DAG_RUN_ID=scheduled__2021-08-03T00:00:00+00:00
[2021-08-04 14:30:17,777] {subprocess.py:52} INFO - Tmp dir root location: 
 /tmp
[2021-08-04 14:30:17,778] {subprocess.py:63} INFO - Running command: ['bash', '-c', 'exit 0']
[2021-08-04 14:30:17,788] {subprocess.py:74} INFO - Output:
[2021-08-04 14:30:17,792] {subprocess.py:82} INFO - Command exited with return code 0
[2021-08-04 14:30:17,809] {taskinstance.py:1204} INFO - Marking task as SUCCESS. dag_id=trigger_rule, task_id=task_1, execution_date=20210803T000000, start_date=20210804T123017, end_date=20210804T123017
[2021-08-04 14:30:17,826] {taskinstance.py:1265} INFO - 0 downstream tasks scheduled from follow-on schedule check
[2021-08-04 14:30:17,868] {local_task_job.py:149} INFO - Task exited with return code 0
