[2021-08-12 15:01:47,533] {taskinstance.py:896} INFO - Dependencies all met for <TaskInstance: parallel_dag_03.processing_tasks.task_2 2021-08-11T00:00:00+00:00 [queued]>
[2021-08-12 15:01:47,543] {taskinstance.py:896} INFO - Dependencies all met for <TaskInstance: parallel_dag_03.processing_tasks.task_2 2021-08-11T00:00:00+00:00 [queued]>
[2021-08-12 15:01:47,543] {taskinstance.py:1087} INFO - 
--------------------------------------------------------------------------------
[2021-08-12 15:01:47,544] {taskinstance.py:1088} INFO - Starting attempt 1 of 1
[2021-08-12 15:01:47,544] {taskinstance.py:1089} INFO - 
--------------------------------------------------------------------------------
[2021-08-12 15:01:47,553] {taskinstance.py:1107} INFO - Executing <Task(BashOperator): processing_tasks.task_2> on 2021-08-11T00:00:00+00:00
[2021-08-12 15:01:47,556] {standard_task_runner.py:52} INFO - Started process 467395 to run task
[2021-08-12 15:01:47,560] {standard_task_runner.py:76} INFO - Running: ['airflow', 'tasks', 'run', 'parallel_dag_03', 'processing_tasks.task_2', '2021-08-11T00:00:00+00:00', '--job-id', '81', '--pool', 'default_pool', '--raw', '--subdir', 'DAGS_FOLDER/task_example.py', '--cfg-path', '/tmp/tmp7rgvtr63', '--error-file', '/tmp/tmpl54kpz2o']
[2021-08-12 15:01:47,561] {standard_task_runner.py:77} INFO - Job 81: Subtask processing_tasks.task_2
[2021-08-12 15:01:47,581] {logging_mixin.py:104} INFO - Running <TaskInstance: parallel_dag_03.processing_tasks.task_2 2021-08-11T00:00:00+00:00 [running]> on host adam
[2021-08-12 15:01:47,604] {taskinstance.py:1300} INFO - Exporting the following env vars:
AIRFLOW_CTX_DAG_OWNER=airflow
AIRFLOW_CTX_DAG_ID=parallel_dag_03
AIRFLOW_CTX_TASK_ID=processing_tasks.task_2
AIRFLOW_CTX_EXECUTION_DATE=2021-08-11T00:00:00+00:00
AIRFLOW_CTX_DAG_RUN_ID=scheduled__2021-08-11T00:00:00+00:00
[2021-08-12 15:01:47,605] {subprocess.py:52} INFO - Tmp dir root location: 
 /tmp
[2021-08-12 15:01:47,605] {subprocess.py:63} INFO - Running command: ['bash', '-c', 'echo task 2']
[2021-08-12 15:01:47,611] {subprocess.py:74} INFO - Output:
[2021-08-12 15:01:47,612] {subprocess.py:78} INFO - task 2
[2021-08-12 15:01:47,612] {subprocess.py:82} INFO - Command exited with return code 0
[2021-08-12 15:01:47,624] {taskinstance.py:1204} INFO - Marking task as SUCCESS. dag_id=parallel_dag_03, task_id=processing_tasks.task_2, execution_date=20210811T000000, start_date=20210812T130147, end_date=20210812T130147
[2021-08-12 15:01:47,637] {taskinstance.py:1265} INFO - 0 downstream tasks scheduled from follow-on schedule check
[2021-08-12 15:01:47,651] {local_task_job.py:149} INFO - Task exited with return code 0
[2021-08-12 15:35:50,715] {taskinstance.py:896} INFO - Dependencies all met for <TaskInstance: parallel_dag_03.processing_tasks.task_2 2021-08-11T00:00:00+00:00 [queued]>
[2021-08-12 15:35:50,722] {taskinstance.py:896} INFO - Dependencies all met for <TaskInstance: parallel_dag_03.processing_tasks.task_2 2021-08-11T00:00:00+00:00 [queued]>
[2021-08-12 15:35:50,722] {taskinstance.py:1087} INFO - 
--------------------------------------------------------------------------------
[2021-08-12 15:35:50,722] {taskinstance.py:1088} INFO - Starting attempt 1 of 1
[2021-08-12 15:35:50,722] {taskinstance.py:1089} INFO - 
--------------------------------------------------------------------------------
[2021-08-12 15:35:50,731] {taskinstance.py:1107} INFO - Executing <Task(BashOperator): processing_tasks.task_2> on 2021-08-11T00:00:00+00:00
[2021-08-12 15:35:50,751] {standard_task_runner.py:52} INFO - Started process 10853 to run task
[2021-08-12 15:35:50,770] {standard_task_runner.py:76} INFO - Running: ['airflow', 'tasks', 'run', 'parallel_dag_03', 'processing_tasks.task_2', '2021-08-11T00:00:00+00:00', '--job-id', '139', '--pool', 'default_pool', '--raw', '--subdir', 'DAGS_FOLDER/task_example.py', '--cfg-path', '/tmp/tmp_uq6k9tl', '--error-file', '/tmp/tmp4myylwn8']
[2021-08-12 15:35:50,771] {standard_task_runner.py:77} INFO - Job 139: Subtask processing_tasks.task_2
[2021-08-12 15:35:50,841] {logging_mixin.py:104} INFO - Running <TaskInstance: parallel_dag_03.processing_tasks.task_2 2021-08-11T00:00:00+00:00 [running]> on host adam
[2021-08-12 15:35:50,896] {taskinstance.py:1300} INFO - Exporting the following env vars:
AIRFLOW_CTX_DAG_OWNER=airflow
AIRFLOW_CTX_DAG_ID=parallel_dag_03
AIRFLOW_CTX_TASK_ID=processing_tasks.task_2
AIRFLOW_CTX_EXECUTION_DATE=2021-08-11T00:00:00+00:00
AIRFLOW_CTX_DAG_RUN_ID=scheduled__2021-08-11T00:00:00+00:00
[2021-08-12 15:35:50,897] {subprocess.py:52} INFO - Tmp dir root location: 
 /tmp
[2021-08-12 15:35:50,897] {subprocess.py:63} INFO - Running command: ['bash', '-c', 'echo task 2']
[2021-08-12 15:35:50,902] {subprocess.py:74} INFO - Output:
[2021-08-12 15:35:50,903] {subprocess.py:78} INFO - task 2
[2021-08-12 15:35:50,903] {subprocess.py:82} INFO - Command exited with return code 0
[2021-08-12 15:35:50,915] {taskinstance.py:1204} INFO - Marking task as SUCCESS. dag_id=parallel_dag_03, task_id=processing_tasks.task_2, execution_date=20210811T000000, start_date=20210812T133550, end_date=20210812T133550
[2021-08-12 15:35:50,928] {taskinstance.py:1265} INFO - 0 downstream tasks scheduled from follow-on schedule check
[2021-08-12 15:35:50,971] {local_task_job.py:149} INFO - Task exited with return code 0
