[2021-08-12 15:01:33,473] {taskinstance.py:896} INFO - Dependencies all met for <TaskInstance: parallel_dag_03.task_1 2021-08-10T00:00:00+00:00 [queued]>
[2021-08-12 15:01:33,478] {taskinstance.py:896} INFO - Dependencies all met for <TaskInstance: parallel_dag_03.task_1 2021-08-10T00:00:00+00:00 [queued]>
[2021-08-12 15:01:33,478] {taskinstance.py:1087} INFO - 
--------------------------------------------------------------------------------
[2021-08-12 15:01:33,478] {taskinstance.py:1088} INFO - Starting attempt 1 of 1
[2021-08-12 15:01:33,478] {taskinstance.py:1089} INFO - 
--------------------------------------------------------------------------------
[2021-08-12 15:01:33,485] {taskinstance.py:1107} INFO - Executing <Task(BashOperator): task_1> on 2021-08-10T00:00:00+00:00
[2021-08-12 15:01:33,487] {standard_task_runner.py:52} INFO - Started process 466939 to run task
[2021-08-12 15:01:33,490] {standard_task_runner.py:76} INFO - Running: ['airflow', 'tasks', 'run', 'parallel_dag_03', 'task_1', '2021-08-10T00:00:00+00:00', '--job-id', '73', '--pool', 'default_pool', '--raw', '--subdir', 'DAGS_FOLDER/task_example.py', '--cfg-path', '/tmp/tmp30i5dfsk', '--error-file', '/tmp/tmpnx45f5ql']
[2021-08-12 15:01:33,491] {standard_task_runner.py:77} INFO - Job 73: Subtask task_1
[2021-08-12 15:01:33,510] {logging_mixin.py:104} INFO - Running <TaskInstance: parallel_dag_03.task_1 2021-08-10T00:00:00+00:00 [running]> on host adam
[2021-08-12 15:01:33,532] {taskinstance.py:1300} INFO - Exporting the following env vars:
AIRFLOW_CTX_DAG_OWNER=airflow
AIRFLOW_CTX_DAG_ID=parallel_dag_03
AIRFLOW_CTX_TASK_ID=task_1
AIRFLOW_CTX_EXECUTION_DATE=2021-08-10T00:00:00+00:00
AIRFLOW_CTX_DAG_RUN_ID=scheduled__2021-08-10T00:00:00+00:00
[2021-08-12 15:01:33,532] {subprocess.py:52} INFO - Tmp dir root location: 
 /tmp
[2021-08-12 15:01:33,533] {subprocess.py:63} INFO - Running command: ['bash', '-c', 'echo ${USER}']
[2021-08-12 15:01:33,538] {subprocess.py:74} INFO - Output:
[2021-08-12 15:01:33,539] {subprocess.py:78} INFO - adam
[2021-08-12 15:01:33,539] {subprocess.py:82} INFO - Command exited with return code 0
[2021-08-12 15:01:33,551] {taskinstance.py:1204} INFO - Marking task as SUCCESS. dag_id=parallel_dag_03, task_id=task_1, execution_date=20210810T000000, start_date=20210812T130133, end_date=20210812T130133
[2021-08-12 15:01:33,566] {taskinstance.py:1265} INFO - 2 downstream tasks scheduled from follow-on schedule check
[2021-08-12 15:01:33,581] {local_task_job.py:149} INFO - Task exited with return code 0
[2021-08-12 15:30:32,030] {taskinstance.py:896} INFO - Dependencies all met for <TaskInstance: parallel_dag_03.task_1 2021-08-10T00:00:00+00:00 [queued]>
[2021-08-12 15:30:32,042] {taskinstance.py:896} INFO - Dependencies all met for <TaskInstance: parallel_dag_03.task_1 2021-08-10T00:00:00+00:00 [queued]>
[2021-08-12 15:30:32,042] {taskinstance.py:1087} INFO - 
--------------------------------------------------------------------------------
[2021-08-12 15:30:32,042] {taskinstance.py:1088} INFO - Starting attempt 1 of 1
[2021-08-12 15:30:32,042] {taskinstance.py:1089} INFO - 
--------------------------------------------------------------------------------
[2021-08-12 15:30:32,055] {taskinstance.py:1107} INFO - Executing <Task(BashOperator): task_1> on 2021-08-10T00:00:00+00:00
[2021-08-12 15:30:32,063] {standard_task_runner.py:52} INFO - Started process 504791 to run task
[2021-08-12 15:30:32,067] {standard_task_runner.py:76} INFO - Running: ['airflow', 'tasks', 'run', 'parallel_dag_03', 'task_1', '2021-08-10T00:00:00+00:00', '--job-id', '126', '--pool', 'default_pool', '--raw', '--subdir', 'DAGS_FOLDER/task_example.py', '--cfg-path', '/tmp/tmpwneyzj7z', '--error-file', '/tmp/tmpql8d6794']
[2021-08-12 15:30:32,067] {standard_task_runner.py:77} INFO - Job 126: Subtask task_1
[2021-08-12 15:30:32,105] {logging_mixin.py:104} INFO - Running <TaskInstance: parallel_dag_03.task_1 2021-08-10T00:00:00+00:00 [running]> on host adam
[2021-08-12 15:30:32,156] {taskinstance.py:1300} INFO - Exporting the following env vars:
AIRFLOW_CTX_DAG_OWNER=airflow
AIRFLOW_CTX_DAG_ID=parallel_dag_03
AIRFLOW_CTX_TASK_ID=task_1
AIRFLOW_CTX_EXECUTION_DATE=2021-08-10T00:00:00+00:00
AIRFLOW_CTX_DAG_RUN_ID=scheduled__2021-08-10T00:00:00+00:00
[2021-08-12 15:30:32,158] {subprocess.py:52} INFO - Tmp dir root location: 
 /tmp
[2021-08-12 15:30:32,159] {subprocess.py:63} INFO - Running command: ['bash', '-c', 'echo ${USER}']
[2021-08-12 15:30:32,168] {subprocess.py:74} INFO - Output:
[2021-08-12 15:30:32,169] {subprocess.py:78} INFO - adam
[2021-08-12 15:30:32,169] {subprocess.py:82} INFO - Command exited with return code 0
[2021-08-12 15:30:32,193] {taskinstance.py:1204} INFO - Marking task as SUCCESS. dag_id=parallel_dag_03, task_id=task_1, execution_date=20210810T000000, start_date=20210812T133032, end_date=20210812T133032
[2021-08-12 15:30:32,225] {taskinstance.py:1265} INFO - 3 downstream tasks scheduled from follow-on schedule check
[2021-08-12 15:30:32,238] {local_task_job.py:149} INFO - Task exited with return code 0
