[2021-08-12 15:24:57,977] {taskinstance.py:896} INFO - Dependencies all met for <TaskInstance: parallel_dag_03.task_1 2021-08-12T13:24:09.630789+00:00 [queued]>
[2021-08-12 15:24:57,985] {taskinstance.py:896} INFO - Dependencies all met for <TaskInstance: parallel_dag_03.task_1 2021-08-12T13:24:09.630789+00:00 [queued]>
[2021-08-12 15:24:57,985] {taskinstance.py:1087} INFO - 
--------------------------------------------------------------------------------
[2021-08-12 15:24:57,986] {taskinstance.py:1088} INFO - Starting attempt 1 of 1
[2021-08-12 15:24:57,986] {taskinstance.py:1089} INFO - 
--------------------------------------------------------------------------------
[2021-08-12 15:24:57,995] {taskinstance.py:1107} INFO - Executing <Task(BashOperator): task_1> on 2021-08-12T13:24:09.630789+00:00
[2021-08-12 15:24:58,001] {standard_task_runner.py:52} INFO - Started process 497247 to run task
[2021-08-12 15:24:58,006] {standard_task_runner.py:76} INFO - Running: ['airflow', 'tasks', 'run', 'parallel_dag_03', 'task_1', '2021-08-12T13:24:09.630789+00:00', '--job-id', '109', '--pool', 'default_pool', '--raw', '--subdir', 'DAGS_FOLDER/task_example.py', '--cfg-path', '/tmp/tmp7oligar0', '--error-file', '/tmp/tmpaecekzw5']
[2021-08-12 15:24:58,006] {standard_task_runner.py:77} INFO - Job 109: Subtask task_1
[2021-08-12 15:24:58,027] {logging_mixin.py:104} INFO - Running <TaskInstance: parallel_dag_03.task_1 2021-08-12T13:24:09.630789+00:00 [running]> on host adam
[2021-08-12 15:24:58,051] {taskinstance.py:1300} INFO - Exporting the following env vars:
AIRFLOW_CTX_DAG_OWNER=airflow
AIRFLOW_CTX_DAG_ID=parallel_dag_03
AIRFLOW_CTX_TASK_ID=task_1
AIRFLOW_CTX_EXECUTION_DATE=2021-08-12T13:24:09.630789+00:00
AIRFLOW_CTX_DAG_RUN_ID=manual__2021-08-12T13:24:09.630789+00:00
[2021-08-12 15:24:58,052] {subprocess.py:52} INFO - Tmp dir root location: 
 /tmp
[2021-08-12 15:24:58,053] {subprocess.py:63} INFO - Running command: ['bash', '-c', 'echo ${USER}']
[2021-08-12 15:24:58,066] {subprocess.py:74} INFO - Output:
[2021-08-12 15:24:58,068] {subprocess.py:78} INFO - adam
[2021-08-12 15:24:58,068] {subprocess.py:82} INFO - Command exited with return code 0
[2021-08-12 15:24:58,086] {taskinstance.py:1204} INFO - Marking task as SUCCESS. dag_id=parallel_dag_03, task_id=task_1, execution_date=20210812T132409, start_date=20210812T132457, end_date=20210812T132458
[2021-08-12 15:24:58,107] {taskinstance.py:1265} INFO - 3 downstream tasks scheduled from follow-on schedule check
[2021-08-12 15:24:58,137] {local_task_job.py:149} INFO - Task exited with return code 0
