[2021-08-12 15:08:59,646] {taskinstance.py:896} INFO - Dependencies all met for <TaskInstance: parallel_dag_03.processing_tasks.task_3 2021-08-12T13:08:52.365661+00:00 [queued]>
[2021-08-12 15:08:59,661] {taskinstance.py:896} INFO - Dependencies all met for <TaskInstance: parallel_dag_03.processing_tasks.task_3 2021-08-12T13:08:52.365661+00:00 [queued]>
[2021-08-12 15:08:59,661] {taskinstance.py:1087} INFO - 
--------------------------------------------------------------------------------
[2021-08-12 15:08:59,661] {taskinstance.py:1088} INFO - Starting attempt 1 of 1
[2021-08-12 15:08:59,661] {taskinstance.py:1089} INFO - 
--------------------------------------------------------------------------------
[2021-08-12 15:08:59,679] {taskinstance.py:1107} INFO - Executing <Task(BashOperator): processing_tasks.task_3> on 2021-08-12T13:08:52.365661+00:00
[2021-08-12 15:08:59,686] {standard_task_runner.py:52} INFO - Started process 476959 to run task
[2021-08-12 15:08:59,693] {standard_task_runner.py:76} INFO - Running: ['airflow', 'tasks', 'run', 'parallel_dag_03', 'processing_tasks.task_3', '2021-08-12T13:08:52.365661+00:00', '--job-id', '100', '--pool', 'default_pool', '--raw', '--subdir', 'DAGS_FOLDER/task_example.py', '--cfg-path', '/tmp/tmp7wk3_q56', '--error-file', '/tmp/tmpmzw4lmje']
[2021-08-12 15:08:59,694] {standard_task_runner.py:77} INFO - Job 100: Subtask processing_tasks.task_3
[2021-08-12 15:08:59,745] {logging_mixin.py:104} INFO - Running <TaskInstance: parallel_dag_03.processing_tasks.task_3 2021-08-12T13:08:52.365661+00:00 [running]> on host adam
[2021-08-12 15:08:59,783] {taskinstance.py:1300} INFO - Exporting the following env vars:
AIRFLOW_CTX_DAG_OWNER=airflow
AIRFLOW_CTX_DAG_ID=parallel_dag_03
AIRFLOW_CTX_TASK_ID=processing_tasks.task_3
AIRFLOW_CTX_EXECUTION_DATE=2021-08-12T13:08:52.365661+00:00
AIRFLOW_CTX_DAG_RUN_ID=manual__2021-08-12T13:08:52.365661+00:00
[2021-08-12 15:08:59,785] {subprocess.py:52} INFO - Tmp dir root location: 
 /tmp
[2021-08-12 15:08:59,785] {subprocess.py:63} INFO - Running command: ['bash', '-c', 'echo task 3']
[2021-08-12 15:08:59,793] {subprocess.py:74} INFO - Output:
[2021-08-12 15:08:59,794] {subprocess.py:78} INFO - task 3
[2021-08-12 15:08:59,795] {subprocess.py:82} INFO - Command exited with return code 0
[2021-08-12 15:08:59,812] {taskinstance.py:1204} INFO - Marking task as SUCCESS. dag_id=parallel_dag_03, task_id=processing_tasks.task_3, execution_date=20210812T130852, start_date=20210812T130859, end_date=20210812T130859
[2021-08-12 15:08:59,840] {taskinstance.py:1265} INFO - 0 downstream tasks scheduled from follow-on schedule check
[2021-08-12 15:08:59,871] {local_task_job.py:149} INFO - Task exited with return code 0
