[2021-08-12 10:40:00,171] {taskinstance.py:896} INFO - Dependencies all met for <TaskInstance: parallel_dag.task_1 2021-08-12T08:39:58.320347+00:00 [queued]>
[2021-08-12 10:40:00,175] {taskinstance.py:896} INFO - Dependencies all met for <TaskInstance: parallel_dag.task_1 2021-08-12T08:39:58.320347+00:00 [queued]>
[2021-08-12 10:40:00,175] {taskinstance.py:1087} INFO - 
--------------------------------------------------------------------------------
[2021-08-12 10:40:00,175] {taskinstance.py:1088} INFO - Starting attempt 1 of 1
[2021-08-12 10:40:00,175] {taskinstance.py:1089} INFO - 
--------------------------------------------------------------------------------
[2021-08-12 10:40:00,182] {taskinstance.py:1107} INFO - Executing <Task(BashOperator): task_1> on 2021-08-12T08:39:58.320347+00:00
[2021-08-12 10:40:00,183] {standard_task_runner.py:52} INFO - Started process 137360 to run task
[2021-08-12 10:40:00,187] {standard_task_runner.py:76} INFO - Running: ['airflow', 'tasks', 'run', 'parallel_dag', 'task_1', '2021-08-12T08:39:58.320347+00:00', '--job-id', '37', '--pool', 'default_pool', '--raw', '--subdir', 'DAGS_FOLDER/subdag_example.py', '--cfg-path', '/tmp/tmpcxt1t8h1', '--error-file', '/tmp/tmprwyy3qyz']
[2021-08-12 10:40:00,187] {standard_task_runner.py:77} INFO - Job 37: Subtask task_1
[2021-08-12 10:40:00,207] {logging_mixin.py:104} INFO - Running <TaskInstance: parallel_dag.task_1 2021-08-12T08:39:58.320347+00:00 [running]> on host adam
[2021-08-12 10:40:00,228] {taskinstance.py:1300} INFO - Exporting the following env vars:
AIRFLOW_CTX_DAG_OWNER=airflow
AIRFLOW_CTX_DAG_ID=parallel_dag
AIRFLOW_CTX_TASK_ID=task_1
AIRFLOW_CTX_EXECUTION_DATE=2021-08-12T08:39:58.320347+00:00
AIRFLOW_CTX_DAG_RUN_ID=manual__2021-08-12T08:39:58.320347+00:00
[2021-08-12 10:40:00,229] {subprocess.py:52} INFO - Tmp dir root location: 
 /tmp
[2021-08-12 10:40:00,229] {subprocess.py:63} INFO - Running command: ['bash', '-c', 'echo task 1']
[2021-08-12 10:40:00,234] {subprocess.py:74} INFO - Output:
[2021-08-12 10:40:00,235] {subprocess.py:78} INFO - task 1
[2021-08-12 10:40:00,235] {subprocess.py:82} INFO - Command exited with return code 0
[2021-08-12 10:40:00,246] {taskinstance.py:1204} INFO - Marking task as SUCCESS. dag_id=parallel_dag, task_id=task_1, execution_date=20210812T083958, start_date=20210812T084000, end_date=20210812T084000
[2021-08-12 10:40:00,261] {taskinstance.py:1265} INFO - 2 downstream tasks scheduled from follow-on schedule check
[2021-08-12 10:40:00,278] {local_task_job.py:149} INFO - Task exited with return code 0
