[2021-08-12 15:08:56,496] {taskinstance.py:896} INFO - Dependencies all met for <TaskInstance: parallel_dag_03.processing_tasks.task_2 2021-08-12T13:08:52.365661+00:00 [queued]>
[2021-08-12 15:08:56,511] {taskinstance.py:896} INFO - Dependencies all met for <TaskInstance: parallel_dag_03.processing_tasks.task_2 2021-08-12T13:08:52.365661+00:00 [queued]>
[2021-08-12 15:08:56,512] {taskinstance.py:1087} INFO - 
--------------------------------------------------------------------------------
[2021-08-12 15:08:56,512] {taskinstance.py:1088} INFO - Starting attempt 1 of 1
[2021-08-12 15:08:56,512] {taskinstance.py:1089} INFO - 
--------------------------------------------------------------------------------
[2021-08-12 15:08:56,525] {taskinstance.py:1107} INFO - Executing <Task(BashOperator): processing_tasks.task_2> on 2021-08-12T13:08:52.365661+00:00
[2021-08-12 15:08:56,528] {standard_task_runner.py:52} INFO - Started process 476887 to run task
[2021-08-12 15:08:56,534] {standard_task_runner.py:76} INFO - Running: ['airflow', 'tasks', 'run', 'parallel_dag_03', 'processing_tasks.task_2', '2021-08-12T13:08:52.365661+00:00', '--job-id', '98', '--pool', 'default_pool', '--raw', '--subdir', 'DAGS_FOLDER/task_example.py', '--cfg-path', '/tmp/tmppl_s2r6t', '--error-file', '/tmp/tmpi6xnlgsy']
[2021-08-12 15:08:56,536] {standard_task_runner.py:77} INFO - Job 98: Subtask processing_tasks.task_2
[2021-08-12 15:08:56,561] {logging_mixin.py:104} INFO - Running <TaskInstance: parallel_dag_03.processing_tasks.task_2 2021-08-12T13:08:52.365661+00:00 [running]> on host adam
[2021-08-12 15:08:56,620] {taskinstance.py:1300} INFO - Exporting the following env vars:
AIRFLOW_CTX_DAG_OWNER=airflow
AIRFLOW_CTX_DAG_ID=parallel_dag_03
AIRFLOW_CTX_TASK_ID=processing_tasks.task_2
AIRFLOW_CTX_EXECUTION_DATE=2021-08-12T13:08:52.365661+00:00
AIRFLOW_CTX_DAG_RUN_ID=manual__2021-08-12T13:08:52.365661+00:00
[2021-08-12 15:08:56,621] {subprocess.py:52} INFO - Tmp dir root location: 
 /tmp
[2021-08-12 15:08:56,622] {subprocess.py:63} INFO - Running command: ['bash', '-c', 'echo task 2']
[2021-08-12 15:08:56,628] {subprocess.py:74} INFO - Output:
[2021-08-12 15:08:56,630] {subprocess.py:78} INFO - task 2
[2021-08-12 15:08:56,630] {subprocess.py:82} INFO - Command exited with return code 0
[2021-08-12 15:08:56,645] {taskinstance.py:1204} INFO - Marking task as SUCCESS. dag_id=parallel_dag_03, task_id=processing_tasks.task_2, execution_date=20210812T130852, start_date=20210812T130856, end_date=20210812T130856
[2021-08-12 15:08:56,662] {taskinstance.py:1265} INFO - 0 downstream tasks scheduled from follow-on schedule check
[2021-08-12 15:08:56,704] {local_task_job.py:149} INFO - Task exited with return code 0
