[2021-08-12 15:35:46,337] {taskinstance.py:896} INFO - Dependencies all met for <TaskInstance: parallel_dag_03.processing_tasks.jupyter_task.task_1 2021-08-10T00:00:00+00:00 [queued]>
[2021-08-12 15:35:46,347] {taskinstance.py:896} INFO - Dependencies all met for <TaskInstance: parallel_dag_03.processing_tasks.jupyter_task.task_1 2021-08-10T00:00:00+00:00 [queued]>
[2021-08-12 15:35:46,347] {taskinstance.py:1087} INFO - 
--------------------------------------------------------------------------------
[2021-08-12 15:35:46,347] {taskinstance.py:1088} INFO - Starting attempt 1 of 1
[2021-08-12 15:35:46,348] {taskinstance.py:1089} INFO - 
--------------------------------------------------------------------------------
[2021-08-12 15:35:46,360] {taskinstance.py:1107} INFO - Executing <Task(BashOperator): processing_tasks.jupyter_task.task_1> on 2021-08-10T00:00:00+00:00
[2021-08-12 15:35:46,363] {standard_task_runner.py:52} INFO - Started process 10754 to run task
[2021-08-12 15:35:46,368] {standard_task_runner.py:76} INFO - Running: ['airflow', 'tasks', 'run', 'parallel_dag_03', 'processing_tasks.jupyter_task.task_1', '2021-08-10T00:00:00+00:00', '--job-id', '137', '--pool', 'default_pool', '--raw', '--subdir', 'DAGS_FOLDER/task_example.py', '--cfg-path', '/tmp/tmpi14umpku', '--error-file', '/tmp/tmpcs5q223c']
[2021-08-12 15:35:46,368] {standard_task_runner.py:77} INFO - Job 137: Subtask processing_tasks.jupyter_task.task_1
[2021-08-12 15:35:46,405] {logging_mixin.py:104} INFO - Running <TaskInstance: parallel_dag_03.processing_tasks.jupyter_task.task_1 2021-08-10T00:00:00+00:00 [running]> on host adam
[2021-08-12 15:35:46,438] {taskinstance.py:1300} INFO - Exporting the following env vars:
AIRFLOW_CTX_DAG_OWNER=airflow
AIRFLOW_CTX_DAG_ID=parallel_dag_03
AIRFLOW_CTX_TASK_ID=processing_tasks.jupyter_task.task_1
AIRFLOW_CTX_EXECUTION_DATE=2021-08-10T00:00:00+00:00
AIRFLOW_CTX_DAG_RUN_ID=scheduled__2021-08-10T00:00:00+00:00
[2021-08-12 15:35:46,438] {subprocess.py:52} INFO - Tmp dir root location: 
 /tmp
[2021-08-12 15:35:46,438] {subprocess.py:63} INFO - Running command: ['bash', '-c', 'echo hello']
[2021-08-12 15:35:46,452] {subprocess.py:74} INFO - Output:
[2021-08-12 15:35:46,454] {subprocess.py:78} INFO - hello
[2021-08-12 15:35:46,455] {subprocess.py:82} INFO - Command exited with return code 0
[2021-08-12 15:35:46,474] {taskinstance.py:1204} INFO - Marking task as SUCCESS. dag_id=parallel_dag_03, task_id=processing_tasks.jupyter_task.task_1, execution_date=20210810T000000, start_date=20210812T133546, end_date=20210812T133546
[2021-08-12 15:35:46,495] {taskinstance.py:1265} INFO - 0 downstream tasks scheduled from follow-on schedule check
[2021-08-12 15:35:46,500] {local_task_job.py:149} INFO - Task exited with return code 0
