[2021-08-12 15:42:52,982] {taskinstance.py:896} INFO - Dependencies all met for <TaskInstance: xcom_dag.choose_model 2021-08-12T13:42:41.306126+00:00 [queued]>
[2021-08-12 15:42:52,987] {taskinstance.py:896} INFO - Dependencies all met for <TaskInstance: xcom_dag.choose_model 2021-08-12T13:42:41.306126+00:00 [queued]>
[2021-08-12 15:42:52,987] {taskinstance.py:1087} INFO - 
--------------------------------------------------------------------------------
[2021-08-12 15:42:52,987] {taskinstance.py:1088} INFO - Starting attempt 1 of 1
[2021-08-12 15:42:52,987] {taskinstance.py:1089} INFO - 
--------------------------------------------------------------------------------
[2021-08-12 15:42:52,993] {taskinstance.py:1107} INFO - Executing <Task(PythonOperator): choose_model> on 2021-08-12T13:42:41.306126+00:00
[2021-08-12 15:42:52,995] {standard_task_runner.py:52} INFO - Started process 21106 to run task
[2021-08-12 15:42:52,998] {standard_task_runner.py:76} INFO - Running: ['airflow', 'tasks', 'run', 'xcom_dag', 'choose_model', '2021-08-12T13:42:41.306126+00:00', '--job-id', '161', '--pool', 'default_pool', '--raw', '--subdir', 'DAGS_FOLDER/xcomss.py', '--cfg-path', '/tmp/tmp6ws7s_j4', '--error-file', '/tmp/tmpd8xav9ce']
[2021-08-12 15:42:52,999] {standard_task_runner.py:77} INFO - Job 161: Subtask choose_model
[2021-08-12 15:42:53,018] {logging_mixin.py:104} INFO - Running <TaskInstance: xcom_dag.choose_model 2021-08-12T13:42:41.306126+00:00 [running]> on host adam
[2021-08-12 15:42:53,041] {taskinstance.py:1300} INFO - Exporting the following env vars:
AIRFLOW_CTX_DAG_OWNER=airflow
AIRFLOW_CTX_DAG_ID=xcom_dag
AIRFLOW_CTX_TASK_ID=choose_model
AIRFLOW_CTX_EXECUTION_DATE=2021-08-12T13:42:41.306126+00:00
AIRFLOW_CTX_DAG_RUN_ID=manual__2021-08-12T13:42:41.306126+00:00
[2021-08-12 15:42:53,041] {logging_mixin.py:104} INFO - choose best model
[2021-08-12 15:42:53,044] {python.py:151} INFO - Done. Returned value was: None
[2021-08-12 15:42:53,047] {taskinstance.py:1204} INFO - Marking task as SUCCESS. dag_id=xcom_dag, task_id=choose_model, execution_date=20210812T134241, start_date=20210812T134252, end_date=20210812T134253
[2021-08-12 15:42:53,057] {taskinstance.py:1265} INFO - 0 downstream tasks scheduled from follow-on schedule check
[2021-08-12 15:42:53,089] {local_task_job.py:149} INFO - Task exited with return code 0
