[2021-08-12 15:01:31,799] {taskinstance.py:896} INFO - Dependencies all met for <TaskInstance: parallel_dag_03.processing_tasks.task_3 2021-08-08T00:00:00+00:00 [queued]>
[2021-08-12 15:01:31,806] {taskinstance.py:896} INFO - Dependencies all met for <TaskInstance: parallel_dag_03.processing_tasks.task_3 2021-08-08T00:00:00+00:00 [queued]>
[2021-08-12 15:01:31,806] {taskinstance.py:1087} INFO - 
--------------------------------------------------------------------------------
[2021-08-12 15:01:31,806] {taskinstance.py:1088} INFO - Starting attempt 1 of 1
[2021-08-12 15:01:31,806] {taskinstance.py:1089} INFO - 
--------------------------------------------------------------------------------
[2021-08-12 15:01:31,812] {taskinstance.py:1107} INFO - Executing <Task(BashOperator): processing_tasks.task_3> on 2021-08-08T00:00:00+00:00
[2021-08-12 15:01:31,815] {standard_task_runner.py:52} INFO - Started process 466933 to run task
[2021-08-12 15:01:31,819] {standard_task_runner.py:76} INFO - Running: ['airflow', 'tasks', 'run', 'parallel_dag_03', 'processing_tasks.task_3', '2021-08-08T00:00:00+00:00', '--job-id', '72', '--pool', 'default_pool', '--raw', '--subdir', 'DAGS_FOLDER/task_example.py', '--cfg-path', '/tmp/tmp75qpy6j1', '--error-file', '/tmp/tmp2gogrogl']
[2021-08-12 15:01:31,820] {standard_task_runner.py:77} INFO - Job 72: Subtask processing_tasks.task_3
[2021-08-12 15:01:31,842] {logging_mixin.py:104} INFO - Running <TaskInstance: parallel_dag_03.processing_tasks.task_3 2021-08-08T00:00:00+00:00 [running]> on host adam
[2021-08-12 15:01:31,868] {taskinstance.py:1300} INFO - Exporting the following env vars:
AIRFLOW_CTX_DAG_OWNER=airflow
AIRFLOW_CTX_DAG_ID=parallel_dag_03
AIRFLOW_CTX_TASK_ID=processing_tasks.task_3
AIRFLOW_CTX_EXECUTION_DATE=2021-08-08T00:00:00+00:00
AIRFLOW_CTX_DAG_RUN_ID=scheduled__2021-08-08T00:00:00+00:00
[2021-08-12 15:01:31,868] {subprocess.py:52} INFO - Tmp dir root location: 
 /tmp
[2021-08-12 15:01:31,869] {subprocess.py:63} INFO - Running command: ['bash', '-c', 'echo task 3']
[2021-08-12 15:01:31,874] {subprocess.py:74} INFO - Output:
[2021-08-12 15:01:31,875] {subprocess.py:78} INFO - task 3
[2021-08-12 15:01:31,875] {subprocess.py:82} INFO - Command exited with return code 0
[2021-08-12 15:01:31,888] {taskinstance.py:1204} INFO - Marking task as SUCCESS. dag_id=parallel_dag_03, task_id=processing_tasks.task_3, execution_date=20210808T000000, start_date=20210812T130131, end_date=20210812T130131
[2021-08-12 15:01:31,903] {taskinstance.py:1265} INFO - 1 downstream tasks scheduled from follow-on schedule check
[2021-08-12 15:01:31,910] {local_task_job.py:149} INFO - Task exited with return code 0
[2021-08-12 15:30:15,315] {taskinstance.py:896} INFO - Dependencies all met for <TaskInstance: parallel_dag_03.processing_tasks.task_3 2021-08-08T00:00:00+00:00 [queued]>
[2021-08-12 15:30:15,323] {taskinstance.py:896} INFO - Dependencies all met for <TaskInstance: parallel_dag_03.processing_tasks.task_3 2021-08-08T00:00:00+00:00 [queued]>
[2021-08-12 15:30:15,323] {taskinstance.py:1087} INFO - 
--------------------------------------------------------------------------------
[2021-08-12 15:30:15,323] {taskinstance.py:1088} INFO - Starting attempt 1 of 1
[2021-08-12 15:30:15,324] {taskinstance.py:1089} INFO - 
--------------------------------------------------------------------------------
[2021-08-12 15:30:15,332] {taskinstance.py:1107} INFO - Executing <Task(BashOperator): processing_tasks.task_3> on 2021-08-08T00:00:00+00:00
[2021-08-12 15:30:15,335] {standard_task_runner.py:52} INFO - Started process 504416 to run task
[2021-08-12 15:30:15,338] {standard_task_runner.py:76} INFO - Running: ['airflow', 'tasks', 'run', 'parallel_dag_03', 'processing_tasks.task_3', '2021-08-08T00:00:00+00:00', '--job-id', '116', '--pool', 'default_pool', '--raw', '--subdir', 'DAGS_FOLDER/task_example.py', '--cfg-path', '/tmp/tmpvv0mrooq', '--error-file', '/tmp/tmprzvsrxxh']
[2021-08-12 15:30:15,339] {standard_task_runner.py:77} INFO - Job 116: Subtask processing_tasks.task_3
[2021-08-12 15:30:15,359] {logging_mixin.py:104} INFO - Running <TaskInstance: parallel_dag_03.processing_tasks.task_3 2021-08-08T00:00:00+00:00 [running]> on host adam
[2021-08-12 15:30:15,380] {taskinstance.py:1300} INFO - Exporting the following env vars:
AIRFLOW_CTX_DAG_OWNER=airflow
AIRFLOW_CTX_DAG_ID=parallel_dag_03
AIRFLOW_CTX_TASK_ID=processing_tasks.task_3
AIRFLOW_CTX_EXECUTION_DATE=2021-08-08T00:00:00+00:00
AIRFLOW_CTX_DAG_RUN_ID=scheduled__2021-08-08T00:00:00+00:00
[2021-08-12 15:30:15,381] {subprocess.py:52} INFO - Tmp dir root location: 
 /tmp
[2021-08-12 15:30:15,381] {subprocess.py:63} INFO - Running command: ['bash', '-c', 'echo task 3']
[2021-08-12 15:30:15,386] {subprocess.py:74} INFO - Output:
[2021-08-12 15:30:15,387] {subprocess.py:78} INFO - task 3
[2021-08-12 15:30:15,387] {subprocess.py:82} INFO - Command exited with return code 0
[2021-08-12 15:30:15,398] {taskinstance.py:1204} INFO - Marking task as SUCCESS. dag_id=parallel_dag_03, task_id=processing_tasks.task_3, execution_date=20210808T000000, start_date=20210812T133015, end_date=20210812T133015
[2021-08-12 15:30:15,413] {taskinstance.py:1265} INFO - 1 downstream tasks scheduled from follow-on schedule check
[2021-08-12 15:30:15,430] {local_task_job.py:149} INFO - Task exited with return code 0
