[2021-08-12 15:01:28,339] {taskinstance.py:896} INFO - Dependencies all met for <TaskInstance: parallel_dag_03.task_1 2021-08-09T00:00:00+00:00 [queued]>
[2021-08-12 15:01:28,357] {taskinstance.py:896} INFO - Dependencies all met for <TaskInstance: parallel_dag_03.task_1 2021-08-09T00:00:00+00:00 [queued]>
[2021-08-12 15:01:28,357] {taskinstance.py:1087} INFO - 
--------------------------------------------------------------------------------
[2021-08-12 15:01:28,357] {taskinstance.py:1088} INFO - Starting attempt 1 of 1
[2021-08-12 15:01:28,357] {taskinstance.py:1089} INFO - 
--------------------------------------------------------------------------------
[2021-08-12 15:01:28,369] {taskinstance.py:1107} INFO - Executing <Task(BashOperator): task_1> on 2021-08-09T00:00:00+00:00
[2021-08-12 15:01:28,374] {standard_task_runner.py:52} INFO - Started process 466873 to run task
[2021-08-12 15:01:28,380] {standard_task_runner.py:76} INFO - Running: ['airflow', 'tasks', 'run', 'parallel_dag_03', 'task_1', '2021-08-09T00:00:00+00:00', '--job-id', '70', '--pool', 'default_pool', '--raw', '--subdir', 'DAGS_FOLDER/task_example.py', '--cfg-path', '/tmp/tmpza09z0qx', '--error-file', '/tmp/tmpsaca630m']
[2021-08-12 15:01:28,381] {standard_task_runner.py:77} INFO - Job 70: Subtask task_1
[2021-08-12 15:01:28,413] {logging_mixin.py:104} INFO - Running <TaskInstance: parallel_dag_03.task_1 2021-08-09T00:00:00+00:00 [running]> on host adam
[2021-08-12 15:01:28,449] {taskinstance.py:1300} INFO - Exporting the following env vars:
AIRFLOW_CTX_DAG_OWNER=airflow
AIRFLOW_CTX_DAG_ID=parallel_dag_03
AIRFLOW_CTX_TASK_ID=task_1
AIRFLOW_CTX_EXECUTION_DATE=2021-08-09T00:00:00+00:00
AIRFLOW_CTX_DAG_RUN_ID=scheduled__2021-08-09T00:00:00+00:00
[2021-08-12 15:01:28,450] {subprocess.py:52} INFO - Tmp dir root location: 
 /tmp
[2021-08-12 15:01:28,451] {subprocess.py:63} INFO - Running command: ['bash', '-c', 'echo ${USER}']
[2021-08-12 15:01:28,457] {subprocess.py:74} INFO - Output:
[2021-08-12 15:01:28,459] {subprocess.py:78} INFO - adam
[2021-08-12 15:01:28,460] {subprocess.py:82} INFO - Command exited with return code 0
[2021-08-12 15:01:28,480] {taskinstance.py:1204} INFO - Marking task as SUCCESS. dag_id=parallel_dag_03, task_id=task_1, execution_date=20210809T000000, start_date=20210812T130128, end_date=20210812T130128
[2021-08-12 15:01:28,508] {taskinstance.py:1265} INFO - 2 downstream tasks scheduled from follow-on schedule check
[2021-08-12 15:01:28,551] {local_task_job.py:149} INFO - Task exited with return code 0
[2021-08-12 15:30:10,311] {taskinstance.py:896} INFO - Dependencies all met for <TaskInstance: parallel_dag_03.task_1 2021-08-09T00:00:00+00:00 [queued]>
[2021-08-12 15:30:10,319] {taskinstance.py:896} INFO - Dependencies all met for <TaskInstance: parallel_dag_03.task_1 2021-08-09T00:00:00+00:00 [queued]>
[2021-08-12 15:30:10,319] {taskinstance.py:1087} INFO - 
--------------------------------------------------------------------------------
[2021-08-12 15:30:10,319] {taskinstance.py:1088} INFO - Starting attempt 1 of 1
[2021-08-12 15:30:10,319] {taskinstance.py:1089} INFO - 
--------------------------------------------------------------------------------
[2021-08-12 15:30:10,329] {taskinstance.py:1107} INFO - Executing <Task(BashOperator): task_1> on 2021-08-09T00:00:00+00:00
[2021-08-12 15:30:10,331] {standard_task_runner.py:52} INFO - Started process 504318 to run task
[2021-08-12 15:30:10,336] {standard_task_runner.py:76} INFO - Running: ['airflow', 'tasks', 'run', 'parallel_dag_03', 'task_1', '2021-08-09T00:00:00+00:00', '--job-id', '113', '--pool', 'default_pool', '--raw', '--subdir', 'DAGS_FOLDER/task_example.py', '--cfg-path', '/tmp/tmppu7yp8a6', '--error-file', '/tmp/tmpge2hml08']
[2021-08-12 15:30:10,337] {standard_task_runner.py:77} INFO - Job 113: Subtask task_1
[2021-08-12 15:30:10,366] {logging_mixin.py:104} INFO - Running <TaskInstance: parallel_dag_03.task_1 2021-08-09T00:00:00+00:00 [running]> on host adam
[2021-08-12 15:30:10,391] {taskinstance.py:1300} INFO - Exporting the following env vars:
AIRFLOW_CTX_DAG_OWNER=airflow
AIRFLOW_CTX_DAG_ID=parallel_dag_03
AIRFLOW_CTX_TASK_ID=task_1
AIRFLOW_CTX_EXECUTION_DATE=2021-08-09T00:00:00+00:00
AIRFLOW_CTX_DAG_RUN_ID=scheduled__2021-08-09T00:00:00+00:00
[2021-08-12 15:30:10,391] {subprocess.py:52} INFO - Tmp dir root location: 
 /tmp
[2021-08-12 15:30:10,392] {subprocess.py:63} INFO - Running command: ['bash', '-c', 'echo ${USER}']
[2021-08-12 15:30:10,398] {subprocess.py:74} INFO - Output:
[2021-08-12 15:30:10,399] {subprocess.py:78} INFO - adam
[2021-08-12 15:30:10,399] {subprocess.py:82} INFO - Command exited with return code 0
[2021-08-12 15:30:10,414] {taskinstance.py:1204} INFO - Marking task as SUCCESS. dag_id=parallel_dag_03, task_id=task_1, execution_date=20210809T000000, start_date=20210812T133010, end_date=20210812T133010
[2021-08-12 15:30:10,432] {taskinstance.py:1265} INFO - 3 downstream tasks scheduled from follow-on schedule check
[2021-08-12 15:30:10,466] {local_task_job.py:149} INFO - Task exited with return code 0
