[2021-08-12 10:37:45,647] {taskinstance.py:896} INFO - Dependencies all met for <TaskInstance: parallel_dag.task_4 2021-08-11T00:00:00+00:00 [queued]>
[2021-08-12 10:37:45,651] {taskinstance.py:896} INFO - Dependencies all met for <TaskInstance: parallel_dag.task_4 2021-08-11T00:00:00+00:00 [queued]>
[2021-08-12 10:37:45,651] {taskinstance.py:1087} INFO - 
--------------------------------------------------------------------------------
[2021-08-12 10:37:45,651] {taskinstance.py:1088} INFO - Starting attempt 1 of 1
[2021-08-12 10:37:45,651] {taskinstance.py:1089} INFO - 
--------------------------------------------------------------------------------
[2021-08-12 10:37:45,657] {taskinstance.py:1107} INFO - Executing <Task(BashOperator): task_4> on 2021-08-11T00:00:00+00:00
[2021-08-12 10:37:45,659] {standard_task_runner.py:52} INFO - Started process 134255 to run task
[2021-08-12 10:37:45,662] {standard_task_runner.py:76} INFO - Running: ['airflow', 'tasks', 'run', 'parallel_dag', 'task_4', '2021-08-11T00:00:00+00:00', '--job-id', '34', '--pool', 'default_pool', '--raw', '--subdir', 'DAGS_FOLDER/subdag_example.py', '--cfg-path', '/tmp/tmp2tuo1mf6', '--error-file', '/tmp/tmprxfx2zuw']
[2021-08-12 10:37:45,663] {standard_task_runner.py:77} INFO - Job 34: Subtask task_4
[2021-08-12 10:37:45,682] {logging_mixin.py:104} INFO - Running <TaskInstance: parallel_dag.task_4 2021-08-11T00:00:00+00:00 [running]> on host adam
[2021-08-12 10:37:45,703] {taskinstance.py:1300} INFO - Exporting the following env vars:
AIRFLOW_CTX_DAG_OWNER=airflow
AIRFLOW_CTX_DAG_ID=parallel_dag
AIRFLOW_CTX_TASK_ID=task_4
AIRFLOW_CTX_EXECUTION_DATE=2021-08-11T00:00:00+00:00
AIRFLOW_CTX_DAG_RUN_ID=scheduled__2021-08-11T00:00:00+00:00
[2021-08-12 10:37:45,704] {subprocess.py:52} INFO - Tmp dir root location: 
 /tmp
[2021-08-12 10:37:45,704] {subprocess.py:63} INFO - Running command: ['bash', '-c', 'pwd']
[2021-08-12 10:37:45,708] {subprocess.py:74} INFO - Output:
[2021-08-12 10:37:45,709] {subprocess.py:78} INFO - /tmp/airflowtmpw9s_4_1_
[2021-08-12 10:37:45,709] {subprocess.py:82} INFO - Command exited with return code 0
[2021-08-12 10:37:45,720] {taskinstance.py:1204} INFO - Marking task as SUCCESS. dag_id=parallel_dag, task_id=task_4, execution_date=20210811T000000, start_date=20210812T083745, end_date=20210812T083745
[2021-08-12 10:37:45,734] {taskinstance.py:1265} INFO - 1 downstream tasks scheduled from follow-on schedule check
[2021-08-12 10:37:45,754] {local_task_job.py:149} INFO - Task exited with return code 0
[2021-08-12 10:38:40,984] {taskinstance.py:896} INFO - Dependencies all met for <TaskInstance: parallel_dag.task_4 2021-08-11T00:00:00+00:00 [queued]>
[2021-08-12 10:38:40,988] {taskinstance.py:896} INFO - Dependencies all met for <TaskInstance: parallel_dag.task_4 2021-08-11T00:00:00+00:00 [queued]>
[2021-08-12 10:38:40,988] {taskinstance.py:1087} INFO - 
--------------------------------------------------------------------------------
[2021-08-12 10:38:40,988] {taskinstance.py:1088} INFO - Starting attempt 1 of 1
[2021-08-12 10:38:40,988] {taskinstance.py:1089} INFO - 
--------------------------------------------------------------------------------
[2021-08-12 10:38:40,994] {taskinstance.py:1107} INFO - Executing <Task(BashOperator): task_4> on 2021-08-11T00:00:00+00:00
[2021-08-12 10:38:40,996] {standard_task_runner.py:52} INFO - Started process 135579 to run task
[2021-08-12 10:38:41,000] {standard_task_runner.py:76} INFO - Running: ['airflow', 'tasks', 'run', 'parallel_dag', 'task_4', '2021-08-11T00:00:00+00:00', '--job-id', '34', '--pool', 'default_pool', '--raw', '--subdir', 'DAGS_FOLDER/subdag_example.py', '--cfg-path', '/tmp/tmpdb0x_lt1', '--error-file', '/tmp/tmpuxd0x_pj']
[2021-08-12 10:38:41,000] {standard_task_runner.py:77} INFO - Job 34: Subtask task_4
[2021-08-12 10:38:41,023] {logging_mixin.py:104} INFO - Running <TaskInstance: parallel_dag.task_4 2021-08-11T00:00:00+00:00 [running]> on host adam
[2021-08-12 10:38:41,050] {taskinstance.py:1300} INFO - Exporting the following env vars:
AIRFLOW_CTX_DAG_OWNER=airflow
AIRFLOW_CTX_DAG_ID=parallel_dag
AIRFLOW_CTX_TASK_ID=task_4
AIRFLOW_CTX_EXECUTION_DATE=2021-08-11T00:00:00+00:00
AIRFLOW_CTX_DAG_RUN_ID=scheduled__2021-08-11T00:00:00+00:00
[2021-08-12 10:38:41,051] {subprocess.py:52} INFO - Tmp dir root location: 
 /tmp
[2021-08-12 10:38:41,051] {subprocess.py:63} INFO - Running command: ['bash', '-c', 'pwd']
[2021-08-12 10:38:41,058] {subprocess.py:74} INFO - Output:
[2021-08-12 10:38:41,059] {subprocess.py:78} INFO - /tmp/airflowtmpsjzgp9tv
[2021-08-12 10:38:41,059] {subprocess.py:82} INFO - Command exited with return code 0
[2021-08-12 10:38:41,074] {taskinstance.py:1204} INFO - Marking task as SUCCESS. dag_id=parallel_dag, task_id=task_4, execution_date=20210811T000000, start_date=20210812T083840, end_date=20210812T083841
[2021-08-12 10:38:41,095] {taskinstance.py:1265} INFO - 1 downstream tasks scheduled from follow-on schedule check
[2021-08-12 10:38:41,130] {local_task_job.py:149} INFO - Task exited with return code 0
