[2021-08-12 10:57:22,874] {taskinstance.py:896} INFO - Dependencies all met for <TaskInstance: parallel_dag_02.processing_tasks.task_3 2021-08-10T00:00:00+00:00 [queued]>
[2021-08-12 10:57:22,880] {taskinstance.py:896} INFO - Dependencies all met for <TaskInstance: parallel_dag_02.processing_tasks.task_3 2021-08-10T00:00:00+00:00 [queued]>
[2021-08-12 10:57:22,880] {taskinstance.py:1087} INFO - 
--------------------------------------------------------------------------------
[2021-08-12 10:57:22,880] {taskinstance.py:1088} INFO - Starting attempt 1 of 1
[2021-08-12 10:57:22,880] {taskinstance.py:1089} INFO - 
--------------------------------------------------------------------------------
[2021-08-12 10:57:22,888] {taskinstance.py:1107} INFO - Executing <Task(BashOperator): task_3> on 2021-08-10T00:00:00+00:00
[2021-08-12 10:57:22,889] {standard_task_runner.py:52} INFO - Started process 160130 to run task
[2021-08-12 10:57:22,893] {standard_task_runner.py:76} INFO - Running: ['airflow', 'tasks', 'run', 'parallel_dag_02.processing_tasks', 'task_3', '2021-08-10T00:00:00+00:00', '--job-id', '54', '--pool', 'default_pool', '--raw', '--subdir', 'DAGS_FOLDER/subdag_example_02.py', '--cfg-path', '/tmp/tmped7qldfe', '--error-file', '/tmp/tmpxrikdsiy']
[2021-08-12 10:57:22,893] {standard_task_runner.py:77} INFO - Job 54: Subtask task_3
[2021-08-12 10:57:22,916] {logging_mixin.py:104} INFO - Running <TaskInstance: parallel_dag_02.processing_tasks.task_3 2021-08-10T00:00:00+00:00 [running]> on host adam
[2021-08-12 10:57:22,943] {taskinstance.py:1300} INFO - Exporting the following env vars:
AIRFLOW_CTX_DAG_OWNER=airflow
AIRFLOW_CTX_DAG_ID=parallel_dag_02.processing_tasks
AIRFLOW_CTX_TASK_ID=task_3
AIRFLOW_CTX_EXECUTION_DATE=2021-08-10T00:00:00+00:00
AIRFLOW_CTX_DAG_RUN_ID=scheduled__2021-08-10T00:00:00+00:00
[2021-08-12 10:57:22,943] {subprocess.py:52} INFO - Tmp dir root location: 
 /tmp
[2021-08-12 10:57:22,943] {subprocess.py:63} INFO - Running command: ['bash', '-c', 'echo task 3333']
[2021-08-12 10:57:22,949] {subprocess.py:74} INFO - Output:
[2021-08-12 10:57:22,950] {subprocess.py:78} INFO - task 3333
[2021-08-12 10:57:22,950] {subprocess.py:82} INFO - Command exited with return code 0
[2021-08-12 10:57:22,963] {taskinstance.py:1204} INFO - Marking task as SUCCESS. dag_id=parallel_dag_02.processing_tasks, task_id=task_3, execution_date=20210810T000000, start_date=20210812T085722, end_date=20210812T085722
[2021-08-12 10:57:22,975] {taskinstance.py:1265} INFO - 0 downstream tasks scheduled from follow-on schedule check
[2021-08-12 10:57:22,984] {local_task_job.py:149} INFO - Task exited with return code 0
[2021-08-12 11:05:47,250] {taskinstance.py:896} INFO - Dependencies all met for <TaskInstance: parallel_dag_02.processing_tasks.task_3 2021-08-10T00:00:00+00:00 [None]>
[2021-08-12 11:05:47,269] {taskinstance.py:896} INFO - Dependencies all met for <TaskInstance: parallel_dag_02.processing_tasks.task_3 2021-08-10T00:00:00+00:00 [None]>
[2021-08-12 11:05:47,270] {taskinstance.py:1087} INFO - 
--------------------------------------------------------------------------------
[2021-08-12 11:05:47,270] {taskinstance.py:1088} INFO - Starting attempt 1 of 1
[2021-08-12 11:05:47,270] {taskinstance.py:1089} INFO - 
--------------------------------------------------------------------------------
[2021-08-12 11:05:47,288] {taskinstance.py:1107} INFO - Executing <Task(BashOperator): task_3> on 2021-08-10T00:00:00+00:00
[2021-08-12 11:05:47,291] {standard_task_runner.py:52} INFO - Started process 171089 to run task
[2021-08-12 11:05:47,297] {standard_task_runner.py:76} INFO - Running: ['airflow', 'tasks', 'run', 'parallel_dag_02.processing_tasks', 'task_3', '2021-08-10T00:00:00+00:00', '--job-id', '64', '--pool', 'default_pool', '--raw', '--subdir', 'DAGS_FOLDER/subdag_example_02.py', '--cfg-path', '/tmp/tmpcm4etdp5', '--error-file', '/tmp/tmpr4iaw2lv']
[2021-08-12 11:05:47,298] {standard_task_runner.py:77} INFO - Job 64: Subtask task_3
[2021-08-12 11:05:47,331] {logging_mixin.py:104} INFO - Running <TaskInstance: parallel_dag_02.processing_tasks.task_3 2021-08-10T00:00:00+00:00 [running]> on host adam
[2021-08-12 11:05:47,368] {taskinstance.py:1300} INFO - Exporting the following env vars:
AIRFLOW_CTX_DAG_OWNER=airflow
AIRFLOW_CTX_DAG_ID=parallel_dag_02.processing_tasks
AIRFLOW_CTX_TASK_ID=task_3
AIRFLOW_CTX_EXECUTION_DATE=2021-08-10T00:00:00+00:00
[2021-08-12 11:05:47,369] {subprocess.py:52} INFO - Tmp dir root location: 
 /tmp
[2021-08-12 11:05:47,369] {subprocess.py:63} INFO - Running command: ['bash', '-c', 'echo task 3333']
[2021-08-12 11:05:47,376] {subprocess.py:74} INFO - Output:
[2021-08-12 11:05:47,377] {subprocess.py:78} INFO - task 3333
[2021-08-12 11:05:47,377] {subprocess.py:82} INFO - Command exited with return code 0
[2021-08-12 11:05:47,392] {taskinstance.py:1204} INFO - Marking task as SUCCESS. dag_id=parallel_dag_02.processing_tasks, task_id=task_3, execution_date=20210810T000000, start_date=20210812T090547, end_date=20210812T090547
[2021-08-12 11:05:47,426] {local_task_job.py:149} INFO - Task exited with return code 1
