[2021-08-12 15:53:08,022] {taskinstance.py:896} INFO - Dependencies all met for <TaskInstance: xcom_dag.processing_tasks.training_model_c 2021-08-12T13:52:57.665195+00:00 [queued]>
[2021-08-12 15:53:08,030] {taskinstance.py:896} INFO - Dependencies all met for <TaskInstance: xcom_dag.processing_tasks.training_model_c 2021-08-12T13:52:57.665195+00:00 [queued]>
[2021-08-12 15:53:08,030] {taskinstance.py:1087} INFO - 
--------------------------------------------------------------------------------
[2021-08-12 15:53:08,030] {taskinstance.py:1088} INFO - Starting attempt 1 of 1
[2021-08-12 15:53:08,030] {taskinstance.py:1089} INFO - 
--------------------------------------------------------------------------------
[2021-08-12 15:53:08,038] {taskinstance.py:1107} INFO - Executing <Task(PythonOperator): processing_tasks.training_model_c> on 2021-08-12T13:52:57.665195+00:00
[2021-08-12 15:53:08,042] {standard_task_runner.py:52} INFO - Started process 34687 to run task
[2021-08-12 15:53:08,046] {standard_task_runner.py:76} INFO - Running: ['airflow', 'tasks', 'run', 'xcom_dag', 'processing_tasks.training_model_c', '2021-08-12T13:52:57.665195+00:00', '--job-id', '180', '--pool', 'default_pool', '--raw', '--subdir', 'DAGS_FOLDER/xcomss.py', '--cfg-path', '/tmp/tmpecfms79g', '--error-file', '/tmp/tmpn5deeer9']
[2021-08-12 15:53:08,047] {standard_task_runner.py:77} INFO - Job 180: Subtask processing_tasks.training_model_c
[2021-08-12 15:53:08,072] {logging_mixin.py:104} INFO - Running <TaskInstance: xcom_dag.processing_tasks.training_model_c 2021-08-12T13:52:57.665195+00:00 [running]> on host adam
[2021-08-12 15:53:08,095] {taskinstance.py:1300} INFO - Exporting the following env vars:
AIRFLOW_CTX_DAG_OWNER=airflow
AIRFLOW_CTX_DAG_ID=xcom_dag
AIRFLOW_CTX_TASK_ID=processing_tasks.training_model_c
AIRFLOW_CTX_EXECUTION_DATE=2021-08-12T13:52:57.665195+00:00
AIRFLOW_CTX_DAG_RUN_ID=manual__2021-08-12T13:52:57.665195+00:00
[2021-08-12 15:53:08,096] {logging_mixin.py:104} INFO - model's accuracy: 2.3547623041793972
[2021-08-12 15:53:08,101] {python.py:151} INFO - Done. Returned value was: None
[2021-08-12 15:53:08,104] {taskinstance.py:1204} INFO - Marking task as SUCCESS. dag_id=xcom_dag, task_id=processing_tasks.training_model_c, execution_date=20210812T135257, start_date=20210812T135308, end_date=20210812T135308
[2021-08-12 15:53:08,118] {taskinstance.py:1265} INFO - 1 downstream tasks scheduled from follow-on schedule check
[2021-08-12 15:53:08,136] {local_task_job.py:149} INFO - Task exited with return code 0
