[2021-08-12 10:36:19,314] {taskinstance.py:896} INFO - Dependencies all met for <TaskInstance: parallel_dag.task_2 2021-08-10T00:00:00+00:00 [queued]>
[2021-08-12 10:36:19,318] {taskinstance.py:896} INFO - Dependencies all met for <TaskInstance: parallel_dag.task_2 2021-08-10T00:00:00+00:00 [queued]>
[2021-08-12 10:36:19,318] {taskinstance.py:1087} INFO - 
--------------------------------------------------------------------------------
[2021-08-12 10:36:19,318] {taskinstance.py:1088} INFO - Starting attempt 1 of 1
[2021-08-12 10:36:19,318] {taskinstance.py:1089} INFO - 
--------------------------------------------------------------------------------
[2021-08-12 10:36:19,325] {taskinstance.py:1107} INFO - Executing <Task(BashOperator): task_2> on 2021-08-10T00:00:00+00:00
[2021-08-12 10:36:19,329] {standard_task_runner.py:52} INFO - Started process 132287 to run task
[2021-08-12 10:36:19,335] {standard_task_runner.py:76} INFO - Running: ['airflow', 'tasks', 'run', 'parallel_dag', 'task_2', '2021-08-10T00:00:00+00:00', '--job-id', '31', '--pool', 'default_pool', '--raw', '--subdir', 'DAGS_FOLDER/subdag_example.py', '--cfg-path', '/tmp/tmpm5p56sot', '--error-file', '/tmp/tmpnqv_rs7e']
[2021-08-12 10:36:19,336] {standard_task_runner.py:77} INFO - Job 31: Subtask task_2
[2021-08-12 10:36:19,356] {logging_mixin.py:104} INFO - Running <TaskInstance: parallel_dag.task_2 2021-08-10T00:00:00+00:00 [running]> on host adam
[2021-08-12 10:36:19,378] {taskinstance.py:1300} INFO - Exporting the following env vars:
AIRFLOW_CTX_DAG_OWNER=airflow
AIRFLOW_CTX_DAG_ID=parallel_dag
AIRFLOW_CTX_TASK_ID=task_2
AIRFLOW_CTX_EXECUTION_DATE=2021-08-10T00:00:00+00:00
AIRFLOW_CTX_DAG_RUN_ID=scheduled__2021-08-10T00:00:00+00:00
[2021-08-12 10:36:19,378] {subprocess.py:52} INFO - Tmp dir root location: 
 /tmp
[2021-08-12 10:36:19,379] {subprocess.py:63} INFO - Running command: ['bash', '-c', 'echo task 2']
[2021-08-12 10:36:19,383] {subprocess.py:74} INFO - Output:
[2021-08-12 10:36:19,384] {subprocess.py:78} INFO - task 2
[2021-08-12 10:36:19,384] {subprocess.py:82} INFO - Command exited with return code 0
[2021-08-12 10:36:19,396] {taskinstance.py:1204} INFO - Marking task as SUCCESS. dag_id=parallel_dag, task_id=task_2, execution_date=20210810T000000, start_date=20210812T083619, end_date=20210812T083619
[2021-08-12 10:36:19,409] {taskinstance.py:1265} INFO - 1 downstream tasks scheduled from follow-on schedule check
[2021-08-12 10:36:19,425] {local_task_job.py:149} INFO - Task exited with return code 0
[2021-08-12 10:37:41,470] {taskinstance.py:896} INFO - Dependencies all met for <TaskInstance: parallel_dag.task_2 2021-08-10T00:00:00+00:00 [queued]>
[2021-08-12 10:37:41,476] {taskinstance.py:896} INFO - Dependencies all met for <TaskInstance: parallel_dag.task_2 2021-08-10T00:00:00+00:00 [queued]>
[2021-08-12 10:37:41,476] {taskinstance.py:1087} INFO - 
--------------------------------------------------------------------------------
[2021-08-12 10:37:41,476] {taskinstance.py:1088} INFO - Starting attempt 1 of 1
[2021-08-12 10:37:41,477] {taskinstance.py:1089} INFO - 
--------------------------------------------------------------------------------
[2021-08-12 10:37:41,487] {taskinstance.py:1107} INFO - Executing <Task(BashOperator): task_2> on 2021-08-10T00:00:00+00:00
[2021-08-12 10:37:41,491] {standard_task_runner.py:52} INFO - Started process 134170 to run task
[2021-08-12 10:37:41,496] {standard_task_runner.py:76} INFO - Running: ['airflow', 'tasks', 'run', 'parallel_dag', 'task_2', '2021-08-10T00:00:00+00:00', '--job-id', '31', '--pool', 'default_pool', '--raw', '--subdir', 'DAGS_FOLDER/subdag_example.py', '--cfg-path', '/tmp/tmpeosd1kkt', '--error-file', '/tmp/tmpylxwb127']
[2021-08-12 10:37:41,499] {standard_task_runner.py:77} INFO - Job 31: Subtask task_2
[2021-08-12 10:37:41,540] {logging_mixin.py:104} INFO - Running <TaskInstance: parallel_dag.task_2 2021-08-10T00:00:00+00:00 [running]> on host adam
[2021-08-12 10:37:41,592] {taskinstance.py:1300} INFO - Exporting the following env vars:
AIRFLOW_CTX_DAG_OWNER=airflow
AIRFLOW_CTX_DAG_ID=parallel_dag
AIRFLOW_CTX_TASK_ID=task_2
AIRFLOW_CTX_EXECUTION_DATE=2021-08-10T00:00:00+00:00
AIRFLOW_CTX_DAG_RUN_ID=scheduled__2021-08-10T00:00:00+00:00
[2021-08-12 10:37:41,593] {subprocess.py:52} INFO - Tmp dir root location: 
 /tmp
[2021-08-12 10:37:41,594] {subprocess.py:63} INFO - Running command: ['bash', '-c', 'echo task 2']
[2021-08-12 10:37:41,602] {subprocess.py:74} INFO - Output:
[2021-08-12 10:37:41,604] {subprocess.py:78} INFO - task 2
[2021-08-12 10:37:41,604] {subprocess.py:82} INFO - Command exited with return code 0
[2021-08-12 10:37:41,626] {taskinstance.py:1204} INFO - Marking task as SUCCESS. dag_id=parallel_dag, task_id=task_2, execution_date=20210810T000000, start_date=20210812T083741, end_date=20210812T083741
[2021-08-12 10:37:41,653] {taskinstance.py:1265} INFO - 0 downstream tasks scheduled from follow-on schedule check
[2021-08-12 10:37:41,668] {local_task_job.py:149} INFO - Task exited with return code 0
[2021-08-12 10:38:37,088] {taskinstance.py:896} INFO - Dependencies all met for <TaskInstance: parallel_dag.task_2 2021-08-10T00:00:00+00:00 [queued]>
[2021-08-12 10:38:37,092] {taskinstance.py:896} INFO - Dependencies all met for <TaskInstance: parallel_dag.task_2 2021-08-10T00:00:00+00:00 [queued]>
[2021-08-12 10:38:37,092] {taskinstance.py:1087} INFO - 
--------------------------------------------------------------------------------
[2021-08-12 10:38:37,092] {taskinstance.py:1088} INFO - Starting attempt 1 of 1
[2021-08-12 10:38:37,092] {taskinstance.py:1089} INFO - 
--------------------------------------------------------------------------------
[2021-08-12 10:38:37,099] {taskinstance.py:1107} INFO - Executing <Task(BashOperator): task_2> on 2021-08-10T00:00:00+00:00
[2021-08-12 10:38:37,100] {standard_task_runner.py:52} INFO - Started process 135503 to run task
[2021-08-12 10:38:37,104] {standard_task_runner.py:76} INFO - Running: ['airflow', 'tasks', 'run', 'parallel_dag', 'task_2', '2021-08-10T00:00:00+00:00', '--job-id', '31', '--pool', 'default_pool', '--raw', '--subdir', 'DAGS_FOLDER/subdag_example.py', '--cfg-path', '/tmp/tmpb470b9xa', '--error-file', '/tmp/tmpjq5jlqwr']
[2021-08-12 10:38:37,104] {standard_task_runner.py:77} INFO - Job 31: Subtask task_2
[2021-08-12 10:38:37,123] {logging_mixin.py:104} INFO - Running <TaskInstance: parallel_dag.task_2 2021-08-10T00:00:00+00:00 [running]> on host adam
[2021-08-12 10:38:37,143] {taskinstance.py:1300} INFO - Exporting the following env vars:
AIRFLOW_CTX_DAG_OWNER=airflow
AIRFLOW_CTX_DAG_ID=parallel_dag
AIRFLOW_CTX_TASK_ID=task_2
AIRFLOW_CTX_EXECUTION_DATE=2021-08-10T00:00:00+00:00
AIRFLOW_CTX_DAG_RUN_ID=scheduled__2021-08-10T00:00:00+00:00
[2021-08-12 10:38:37,144] {subprocess.py:52} INFO - Tmp dir root location: 
 /tmp
[2021-08-12 10:38:37,144] {subprocess.py:63} INFO - Running command: ['bash', '-c', 'echo task 2']
[2021-08-12 10:38:37,148] {subprocess.py:74} INFO - Output:
[2021-08-12 10:38:37,149] {subprocess.py:78} INFO - task 2
[2021-08-12 10:38:37,149] {subprocess.py:82} INFO - Command exited with return code 0
[2021-08-12 10:38:37,160] {taskinstance.py:1204} INFO - Marking task as SUCCESS. dag_id=parallel_dag, task_id=task_2, execution_date=20210810T000000, start_date=20210812T083837, end_date=20210812T083837
[2021-08-12 10:38:37,173] {taskinstance.py:1265} INFO - 0 downstream tasks scheduled from follow-on schedule check
[2021-08-12 10:38:37,195] {local_task_job.py:149} INFO - Task exited with return code 0
