[2021-08-12 10:35:03,085] {taskinstance.py:896} INFO - Dependencies all met for <TaskInstance: parallel_dag.task_1 2021-01-11T00:00:00+00:00 [queued]>
[2021-08-12 10:35:03,094] {taskinstance.py:896} INFO - Dependencies all met for <TaskInstance: parallel_dag.task_1 2021-01-11T00:00:00+00:00 [queued]>
[2021-08-12 10:35:03,094] {taskinstance.py:1087} INFO - 
--------------------------------------------------------------------------------
[2021-08-12 10:35:03,095] {taskinstance.py:1088} INFO - Starting attempt 1 of 1
[2021-08-12 10:35:03,095] {taskinstance.py:1089} INFO - 
--------------------------------------------------------------------------------
[2021-08-12 10:35:03,102] {taskinstance.py:1107} INFO - Executing <Task(BashOperator): task_1> on 2021-01-11T00:00:00+00:00
[2021-08-12 10:35:03,106] {standard_task_runner.py:52} INFO - Started process 130571 to run task
[2021-08-12 10:35:03,110] {standard_task_runner.py:76} INFO - Running: ['airflow', 'tasks', 'run', 'parallel_dag', 'task_1', '2021-01-11T00:00:00+00:00', '--job-id', '56', '--pool', 'default_pool', '--raw', '--subdir', 'DAGS_FOLDER/subdag_example.py', '--cfg-path', '/tmp/tmp45twzsbj', '--error-file', '/tmp/tmpat2hpqur']
[2021-08-12 10:35:03,110] {standard_task_runner.py:77} INFO - Job 56: Subtask task_1
[2021-08-12 10:35:03,137] {logging_mixin.py:104} INFO - Running <TaskInstance: parallel_dag.task_1 2021-01-11T00:00:00+00:00 [running]> on host adam
[2021-08-12 10:35:03,164] {taskinstance.py:1300} INFO - Exporting the following env vars:
AIRFLOW_CTX_DAG_OWNER=airflow
AIRFLOW_CTX_DAG_ID=parallel_dag
AIRFLOW_CTX_TASK_ID=task_1
AIRFLOW_CTX_EXECUTION_DATE=2021-01-11T00:00:00+00:00
AIRFLOW_CTX_DAG_RUN_ID=scheduled__2021-01-11T00:00:00+00:00
[2021-08-12 10:35:03,164] {subprocess.py:52} INFO - Tmp dir root location: 
 /tmp
[2021-08-12 10:35:03,165] {subprocess.py:63} INFO - Running command: ['bash', '-c', 'echo task 1']
[2021-08-12 10:35:03,170] {subprocess.py:74} INFO - Output:
[2021-08-12 10:35:03,172] {subprocess.py:78} INFO - task 1
[2021-08-12 10:35:03,172] {subprocess.py:82} INFO - Command exited with return code 0
[2021-08-12 10:35:03,185] {taskinstance.py:1204} INFO - Marking task as SUCCESS. dag_id=parallel_dag, task_id=task_1, execution_date=20210111T000000, start_date=20210812T083503, end_date=20210812T083503
[2021-08-12 10:35:03,201] {taskinstance.py:1265} INFO - 1 downstream tasks scheduled from follow-on schedule check
[2021-08-12 10:35:03,241] {local_task_job.py:149} INFO - Task exited with return code 0
