[2021-08-12 10:57:26,036] {taskinstance.py:896} INFO - Dependencies all met for <TaskInstance: parallel_dag_02.processing_tasks.task_2 2021-08-11T00:00:00+00:00 [queued]>
[2021-08-12 10:57:26,040] {taskinstance.py:896} INFO - Dependencies all met for <TaskInstance: parallel_dag_02.processing_tasks.task_2 2021-08-11T00:00:00+00:00 [queued]>
[2021-08-12 10:57:26,041] {taskinstance.py:1087} INFO - 
--------------------------------------------------------------------------------
[2021-08-12 10:57:26,041] {taskinstance.py:1088} INFO - Starting attempt 1 of 1
[2021-08-12 10:57:26,041] {taskinstance.py:1089} INFO - 
--------------------------------------------------------------------------------
[2021-08-12 10:57:26,046] {taskinstance.py:1107} INFO - Executing <Task(BashOperator): task_2> on 2021-08-11T00:00:00+00:00
[2021-08-12 10:57:26,048] {standard_task_runner.py:52} INFO - Started process 160202 to run task
[2021-08-12 10:57:26,051] {standard_task_runner.py:76} INFO - Running: ['airflow', 'tasks', 'run', 'parallel_dag_02.processing_tasks', 'task_2', '2021-08-11T00:00:00+00:00', '--job-id', '56', '--pool', 'default_pool', '--raw', '--subdir', 'DAGS_FOLDER/subdag_example_02.py', '--cfg-path', '/tmp/tmpzphhbasl', '--error-file', '/tmp/tmp3auscho8']
[2021-08-12 10:57:26,052] {standard_task_runner.py:77} INFO - Job 56: Subtask task_2
[2021-08-12 10:57:26,072] {logging_mixin.py:104} INFO - Running <TaskInstance: parallel_dag_02.processing_tasks.task_2 2021-08-11T00:00:00+00:00 [running]> on host adam
[2021-08-12 10:57:26,093] {taskinstance.py:1300} INFO - Exporting the following env vars:
AIRFLOW_CTX_DAG_OWNER=airflow
AIRFLOW_CTX_DAG_ID=parallel_dag_02.processing_tasks
AIRFLOW_CTX_TASK_ID=task_2
AIRFLOW_CTX_EXECUTION_DATE=2021-08-11T00:00:00+00:00
AIRFLOW_CTX_DAG_RUN_ID=scheduled__2021-08-11T00:00:00+00:00
[2021-08-12 10:57:26,094] {subprocess.py:52} INFO - Tmp dir root location: 
 /tmp
[2021-08-12 10:57:26,094] {subprocess.py:63} INFO - Running command: ['bash', '-c', 'echo task 2']
[2021-08-12 10:57:26,099] {subprocess.py:74} INFO - Output:
[2021-08-12 10:57:26,100] {subprocess.py:78} INFO - task 2
[2021-08-12 10:57:26,100] {subprocess.py:82} INFO - Command exited with return code 0
[2021-08-12 10:57:26,111] {taskinstance.py:1204} INFO - Marking task as SUCCESS. dag_id=parallel_dag_02.processing_tasks, task_id=task_2, execution_date=20210811T000000, start_date=20210812T085726, end_date=20210812T085726
[2021-08-12 10:57:26,124] {taskinstance.py:1265} INFO - 0 downstream tasks scheduled from follow-on schedule check
[2021-08-12 10:57:26,142] {local_task_job.py:149} INFO - Task exited with return code 0
