[2021-08-12 15:46:12,044] {taskinstance.py:896} INFO - Dependencies all met for <TaskInstance: xcom_dag.processing_tasks.training_model_c 2021-08-12T13:46:02.669229+00:00 [queued]>
[2021-08-12 15:46:12,049] {taskinstance.py:896} INFO - Dependencies all met for <TaskInstance: xcom_dag.processing_tasks.training_model_c 2021-08-12T13:46:02.669229+00:00 [queued]>
[2021-08-12 15:46:12,049] {taskinstance.py:1087} INFO - 
--------------------------------------------------------------------------------
[2021-08-12 15:46:12,049] {taskinstance.py:1088} INFO - Starting attempt 1 of 1
[2021-08-12 15:46:12,049] {taskinstance.py:1089} INFO - 
--------------------------------------------------------------------------------
[2021-08-12 15:46:12,055] {taskinstance.py:1107} INFO - Executing <Task(PythonOperator): processing_tasks.training_model_c> on 2021-08-12T13:46:02.669229+00:00
[2021-08-12 15:46:12,058] {standard_task_runner.py:52} INFO - Started process 25508 to run task
[2021-08-12 15:46:12,061] {standard_task_runner.py:76} INFO - Running: ['airflow', 'tasks', 'run', 'xcom_dag', 'processing_tasks.training_model_c', '2021-08-12T13:46:02.669229+00:00', '--job-id', '165', '--pool', 'default_pool', '--raw', '--subdir', 'DAGS_FOLDER/xcomss.py', '--cfg-path', '/tmp/tmpzr8sohoy', '--error-file', '/tmp/tmp3ju18s8j']
[2021-08-12 15:46:12,062] {standard_task_runner.py:77} INFO - Job 165: Subtask processing_tasks.training_model_c
[2021-08-12 15:46:12,079] {logging_mixin.py:104} INFO - Running <TaskInstance: xcom_dag.processing_tasks.training_model_c 2021-08-12T13:46:02.669229+00:00 [running]> on host adam
[2021-08-12 15:46:12,099] {taskinstance.py:1300} INFO - Exporting the following env vars:
AIRFLOW_CTX_DAG_OWNER=airflow
AIRFLOW_CTX_DAG_ID=xcom_dag
AIRFLOW_CTX_TASK_ID=processing_tasks.training_model_c
AIRFLOW_CTX_EXECUTION_DATE=2021-08-12T13:46:02.669229+00:00
AIRFLOW_CTX_DAG_RUN_ID=manual__2021-08-12T13:46:02.669229+00:00
[2021-08-12 15:46:12,099] {logging_mixin.py:104} INFO - model's accuracy: 2.527709343275768
[2021-08-12 15:46:12,105] {python.py:151} INFO - Done. Returned value was: None
[2021-08-12 15:46:12,108] {taskinstance.py:1204} INFO - Marking task as SUCCESS. dag_id=xcom_dag, task_id=processing_tasks.training_model_c, execution_date=20210812T134602, start_date=20210812T134612, end_date=20210812T134612
[2021-08-12 15:46:12,121] {taskinstance.py:1265} INFO - 1 downstream tasks scheduled from follow-on schedule check
[2021-08-12 15:46:12,152] {local_task_job.py:149} INFO - Task exited with return code 0
