[2021-08-12 10:52:41,951] {taskinstance.py:896} INFO - Dependencies all met for <TaskInstance: parallel_dag_02.task_1 2021-08-11T00:00:00+00:00 [queued]>
[2021-08-12 10:52:41,955] {taskinstance.py:896} INFO - Dependencies all met for <TaskInstance: parallel_dag_02.task_1 2021-08-11T00:00:00+00:00 [queued]>
[2021-08-12 10:52:41,955] {taskinstance.py:1087} INFO - 
--------------------------------------------------------------------------------
[2021-08-12 10:52:41,955] {taskinstance.py:1088} INFO - Starting attempt 1 of 1
[2021-08-12 10:52:41,955] {taskinstance.py:1089} INFO - 
--------------------------------------------------------------------------------
[2021-08-12 10:52:41,961] {taskinstance.py:1107} INFO - Executing <Task(BashOperator): task_1> on 2021-08-11T00:00:00+00:00
[2021-08-12 10:52:41,963] {standard_task_runner.py:52} INFO - Started process 154132 to run task
[2021-08-12 10:52:41,966] {standard_task_runner.py:76} INFO - Running: ['airflow', 'tasks', 'run', 'parallel_dag_02', 'task_1', '2021-08-11T00:00:00+00:00', '--job-id', '46', '--pool', 'default_pool', '--raw', '--subdir', 'DAGS_FOLDER/subdag_example_02.py', '--cfg-path', '/tmp/tmp804gpk_w', '--error-file', '/tmp/tmp71leyk87']
[2021-08-12 10:52:41,967] {standard_task_runner.py:77} INFO - Job 46: Subtask task_1
[2021-08-12 10:52:41,986] {logging_mixin.py:104} INFO - Running <TaskInstance: parallel_dag_02.task_1 2021-08-11T00:00:00+00:00 [running]> on host adam
[2021-08-12 10:52:42,009] {taskinstance.py:1300} INFO - Exporting the following env vars:
AIRFLOW_CTX_DAG_OWNER=airflow
AIRFLOW_CTX_DAG_ID=parallel_dag_02
AIRFLOW_CTX_TASK_ID=task_1
AIRFLOW_CTX_EXECUTION_DATE=2021-08-11T00:00:00+00:00
AIRFLOW_CTX_DAG_RUN_ID=scheduled__2021-08-11T00:00:00+00:00
[2021-08-12 10:52:42,009] {subprocess.py:52} INFO - Tmp dir root location: 
 /tmp
[2021-08-12 10:52:42,010] {subprocess.py:63} INFO - Running command: ['bash', '-c', 'echo task 1']
[2021-08-12 10:52:42,014] {subprocess.py:74} INFO - Output:
[2021-08-12 10:52:42,015] {subprocess.py:78} INFO - task 1
[2021-08-12 10:52:42,015] {subprocess.py:82} INFO - Command exited with return code 0
[2021-08-12 10:52:42,026] {taskinstance.py:1204} INFO - Marking task as SUCCESS. dag_id=parallel_dag_02, task_id=task_1, execution_date=20210811T000000, start_date=20210812T085241, end_date=20210812T085242
[2021-08-12 10:52:42,041] {taskinstance.py:1265} INFO - 1 downstream tasks scheduled from follow-on schedule check
[2021-08-12 10:52:42,058] {local_task_job.py:149} INFO - Task exited with return code 0
[2021-08-12 10:58:18,756] {taskinstance.py:896} INFO - Dependencies all met for <TaskInstance: parallel_dag_02.task_1 2021-08-11T00:00:00+00:00 [queued]>
[2021-08-12 10:58:18,761] {taskinstance.py:896} INFO - Dependencies all met for <TaskInstance: parallel_dag_02.task_1 2021-08-11T00:00:00+00:00 [queued]>
[2021-08-12 10:58:18,761] {taskinstance.py:1087} INFO - 
--------------------------------------------------------------------------------
[2021-08-12 10:58:18,761] {taskinstance.py:1088} INFO - Starting attempt 1 of 1
[2021-08-12 10:58:18,761] {taskinstance.py:1089} INFO - 
--------------------------------------------------------------------------------
[2021-08-12 10:58:18,768] {taskinstance.py:1107} INFO - Executing <Task(BashOperator): task_1> on 2021-08-11T00:00:00+00:00
[2021-08-12 10:58:18,769] {standard_task_runner.py:52} INFO - Started process 161339 to run task
[2021-08-12 10:58:18,773] {standard_task_runner.py:76} INFO - Running: ['airflow', 'tasks', 'run', 'parallel_dag_02', 'task_1', '2021-08-11T00:00:00+00:00', '--job-id', '57', '--pool', 'default_pool', '--raw', '--subdir', 'DAGS_FOLDER/subdag_example_02.py', '--cfg-path', '/tmp/tmp_tvxagkj', '--error-file', '/tmp/tmpjx5ej23w']
[2021-08-12 10:58:18,774] {standard_task_runner.py:77} INFO - Job 57: Subtask task_1
[2021-08-12 10:58:18,798] {logging_mixin.py:104} INFO - Running <TaskInstance: parallel_dag_02.task_1 2021-08-11T00:00:00+00:00 [running]> on host adam
[2021-08-12 10:58:18,823] {taskinstance.py:1300} INFO - Exporting the following env vars:
AIRFLOW_CTX_DAG_OWNER=airflow
AIRFLOW_CTX_DAG_ID=parallel_dag_02
AIRFLOW_CTX_TASK_ID=task_1
AIRFLOW_CTX_EXECUTION_DATE=2021-08-11T00:00:00+00:00
AIRFLOW_CTX_DAG_RUN_ID=scheduled__2021-08-11T00:00:00+00:00
[2021-08-12 10:58:18,824] {subprocess.py:52} INFO - Tmp dir root location: 
 /tmp
[2021-08-12 10:58:18,824] {subprocess.py:63} INFO - Running command: ['bash', '-c', 'echo task 1']
[2021-08-12 10:58:18,829] {subprocess.py:74} INFO - Output:
[2021-08-12 10:58:18,830] {subprocess.py:78} INFO - task 1
[2021-08-12 10:58:18,830] {subprocess.py:82} INFO - Command exited with return code 0
[2021-08-12 10:58:18,843] {taskinstance.py:1204} INFO - Marking task as SUCCESS. dag_id=parallel_dag_02, task_id=task_1, execution_date=20210811T000000, start_date=20210812T085818, end_date=20210812T085818
[2021-08-12 10:58:18,859] {taskinstance.py:1265} INFO - 1 downstream tasks scheduled from follow-on schedule check
[2021-08-12 10:58:18,864] {local_task_job.py:149} INFO - Task exited with return code 0
[2021-08-12 11:06:34,606] {taskinstance.py:896} INFO - Dependencies all met for <TaskInstance: parallel_dag_02.task_1 2021-08-11T00:00:00+00:00 [queued]>
[2021-08-12 11:06:34,611] {taskinstance.py:896} INFO - Dependencies all met for <TaskInstance: parallel_dag_02.task_1 2021-08-11T00:00:00+00:00 [queued]>
[2021-08-12 11:06:34,611] {taskinstance.py:1087} INFO - 
--------------------------------------------------------------------------------
[2021-08-12 11:06:34,611] {taskinstance.py:1088} INFO - Starting attempt 1 of 1
[2021-08-12 11:06:34,611] {taskinstance.py:1089} INFO - 
--------------------------------------------------------------------------------
[2021-08-12 11:06:34,621] {taskinstance.py:1107} INFO - Executing <Task(BashOperator): task_1> on 2021-08-11T00:00:00+00:00
[2021-08-12 11:06:34,628] {standard_task_runner.py:52} INFO - Started process 172057 to run task
[2021-08-12 11:06:34,632] {standard_task_runner.py:76} INFO - Running: ['airflow', 'tasks', 'run', 'parallel_dag_02', 'task_1', '2021-08-11T00:00:00+00:00', '--job-id', '66', '--pool', 'default_pool', '--raw', '--subdir', 'DAGS_FOLDER/subdag_example_02.py', '--cfg-path', '/tmp/tmpkfq2bwgb', '--error-file', '/tmp/tmp5ca6gv09']
[2021-08-12 11:06:34,633] {standard_task_runner.py:77} INFO - Job 66: Subtask task_1
[2021-08-12 11:06:34,656] {logging_mixin.py:104} INFO - Running <TaskInstance: parallel_dag_02.task_1 2021-08-11T00:00:00+00:00 [running]> on host adam
[2021-08-12 11:06:34,679] {taskinstance.py:1300} INFO - Exporting the following env vars:
AIRFLOW_CTX_DAG_OWNER=airflow
AIRFLOW_CTX_DAG_ID=parallel_dag_02
AIRFLOW_CTX_TASK_ID=task_1
AIRFLOW_CTX_EXECUTION_DATE=2021-08-11T00:00:00+00:00
AIRFLOW_CTX_DAG_RUN_ID=scheduled__2021-08-11T00:00:00+00:00
[2021-08-12 11:06:34,680] {subprocess.py:52} INFO - Tmp dir root location: 
 /tmp
[2021-08-12 11:06:34,680] {subprocess.py:63} INFO - Running command: ['bash', '-c', 'echo task 1']
[2021-08-12 11:06:34,688] {subprocess.py:74} INFO - Output:
[2021-08-12 11:06:34,689] {subprocess.py:78} INFO - task 1
[2021-08-12 11:06:34,690] {subprocess.py:82} INFO - Command exited with return code 0
[2021-08-12 11:06:34,704] {taskinstance.py:1204} INFO - Marking task as SUCCESS. dag_id=parallel_dag_02, task_id=task_1, execution_date=20210811T000000, start_date=20210812T090634, end_date=20210812T090634
[2021-08-12 11:06:34,718] {taskinstance.py:1265} INFO - 0 downstream tasks scheduled from follow-on schedule check
[2021-08-12 11:06:34,723] {local_task_job.py:149} INFO - Task exited with return code 0
