[2021-08-12 17:22:04,477] {taskinstance.py:896} INFO - Dependencies all met for <TaskInstance: xcom_dag.processing_tasks.training_model_c 2021-08-12T15:21:53.735863+00:00 [queued]>
[2021-08-12 17:22:04,486] {taskinstance.py:896} INFO - Dependencies all met for <TaskInstance: xcom_dag.processing_tasks.training_model_c 2021-08-12T15:21:53.735863+00:00 [queued]>
[2021-08-12 17:22:04,486] {taskinstance.py:1087} INFO - 
--------------------------------------------------------------------------------
[2021-08-12 17:22:04,486] {taskinstance.py:1088} INFO - Starting attempt 1 of 1
[2021-08-12 17:22:04,486] {taskinstance.py:1089} INFO - 
--------------------------------------------------------------------------------
[2021-08-12 17:22:04,534] {taskinstance.py:1107} INFO - Executing <Task(PythonOperator): processing_tasks.training_model_c> on 2021-08-12T15:21:53.735863+00:00
[2021-08-12 17:22:04,541] {standard_task_runner.py:52} INFO - Started process 151351 to run task
[2021-08-12 17:22:04,553] {standard_task_runner.py:76} INFO - Running: ['airflow', 'tasks', 'run', 'xcom_dag', 'processing_tasks.training_model_c', '2021-08-12T15:21:53.735863+00:00', '--job-id', '206', '--pool', 'default_pool', '--raw', '--subdir', 'DAGS_FOLDER/xcomss.py', '--cfg-path', '/tmp/tmpxqz6e3ua', '--error-file', '/tmp/tmpc7nfntxm']
[2021-08-12 17:22:04,555] {standard_task_runner.py:77} INFO - Job 206: Subtask processing_tasks.training_model_c
[2021-08-12 17:22:04,712] {logging_mixin.py:104} INFO - Running <TaskInstance: xcom_dag.processing_tasks.training_model_c 2021-08-12T15:21:53.735863+00:00 [running]> on host adam
[2021-08-12 17:22:04,836] {taskinstance.py:1300} INFO - Exporting the following env vars:
AIRFLOW_CTX_DAG_OWNER=airflow
AIRFLOW_CTX_DAG_ID=xcom_dag
AIRFLOW_CTX_TASK_ID=processing_tasks.training_model_c
AIRFLOW_CTX_EXECUTION_DATE=2021-08-12T15:21:53.735863+00:00
AIRFLOW_CTX_DAG_RUN_ID=manual__2021-08-12T15:21:53.735863+00:00
[2021-08-12 17:22:04,836] {logging_mixin.py:104} INFO - model's accuracy: 3.428758283164008
[2021-08-12 17:22:04,843] {python.py:151} INFO - Done. Returned value was: None
[2021-08-12 17:22:04,848] {taskinstance.py:1204} INFO - Marking task as SUCCESS. dag_id=xcom_dag, task_id=processing_tasks.training_model_c, execution_date=20210812T152153, start_date=20210812T152204, end_date=20210812T152204
[2021-08-12 17:22:04,865] {taskinstance.py:1265} INFO - 1 downstream tasks scheduled from follow-on schedule check
[2021-08-12 17:22:04,882] {local_task_job.py:149} INFO - Task exited with return code 0
