[2021-08-12 17:06:56,219] {taskinstance.py:896} INFO - Dependencies all met for <TaskInstance: xcom_dag.downloading_data 2021-08-12T15:06:54.122286+00:00 [queued]>
[2021-08-12 17:06:56,224] {taskinstance.py:896} INFO - Dependencies all met for <TaskInstance: xcom_dag.downloading_data 2021-08-12T15:06:54.122286+00:00 [queued]>
[2021-08-12 17:06:56,224] {taskinstance.py:1087} INFO - 
--------------------------------------------------------------------------------
[2021-08-12 17:06:56,224] {taskinstance.py:1088} INFO - Starting attempt 1 of 1
[2021-08-12 17:06:56,224] {taskinstance.py:1089} INFO - 
--------------------------------------------------------------------------------
[2021-08-12 17:06:56,230] {taskinstance.py:1107} INFO - Executing <Task(BashOperator): downloading_data> on 2021-08-12T15:06:54.122286+00:00
[2021-08-12 17:06:56,232] {standard_task_runner.py:52} INFO - Started process 131303 to run task
[2021-08-12 17:06:56,235] {standard_task_runner.py:76} INFO - Running: ['airflow', 'tasks', 'run', 'xcom_dag', 'downloading_data', '2021-08-12T15:06:54.122286+00:00', '--job-id', '182', '--pool', 'default_pool', '--raw', '--subdir', 'DAGS_FOLDER/xcomss.py', '--cfg-path', '/tmp/tmpqiq0q_hh', '--error-file', '/tmp/tmpcgfnznyk']
[2021-08-12 17:06:56,236] {standard_task_runner.py:77} INFO - Job 182: Subtask downloading_data
[2021-08-12 17:06:56,254] {logging_mixin.py:104} INFO - Running <TaskInstance: xcom_dag.downloading_data 2021-08-12T15:06:54.122286+00:00 [running]> on host adam
[2021-08-12 17:06:56,277] {taskinstance.py:1300} INFO - Exporting the following env vars:
AIRFLOW_CTX_DAG_OWNER=airflow
AIRFLOW_CTX_DAG_ID=xcom_dag
AIRFLOW_CTX_TASK_ID=downloading_data
AIRFLOW_CTX_EXECUTION_DATE=2021-08-12T15:06:54.122286+00:00
AIRFLOW_CTX_DAG_RUN_ID=manual__2021-08-12T15:06:54.122286+00:00
[2021-08-12 17:06:56,278] {subprocess.py:52} INFO - Tmp dir root location: 
 /tmp
[2021-08-12 17:06:56,278] {subprocess.py:63} INFO - Running command: ['bash', '-c', 'sleep 3']
[2021-08-12 17:06:56,284] {subprocess.py:74} INFO - Output:
[2021-08-12 17:06:59,286] {subprocess.py:82} INFO - Command exited with return code 0
[2021-08-12 17:06:59,304] {taskinstance.py:1204} INFO - Marking task as SUCCESS. dag_id=xcom_dag, task_id=downloading_data, execution_date=20210812T150654, start_date=20210812T150656, end_date=20210812T150659
[2021-08-12 17:06:59,385] {taskinstance.py:1265} INFO - 3 downstream tasks scheduled from follow-on schedule check
[2021-08-12 17:06:59,424] {local_task_job.py:149} INFO - Task exited with return code 0
