[2021-08-12 10:37:43,002] {taskinstance.py:896} INFO - Dependencies all met for <TaskInstance: parallel_dag.task_4 2021-08-10T00:00:00+00:00 [queued]>
[2021-08-12 10:37:43,009] {taskinstance.py:896} INFO - Dependencies all met for <TaskInstance: parallel_dag.task_4 2021-08-10T00:00:00+00:00 [queued]>
[2021-08-12 10:37:43,009] {taskinstance.py:1087} INFO - 
--------------------------------------------------------------------------------
[2021-08-12 10:37:43,009] {taskinstance.py:1088} INFO - Starting attempt 1 of 1
[2021-08-12 10:37:43,009] {taskinstance.py:1089} INFO - 
--------------------------------------------------------------------------------
[2021-08-12 10:37:43,016] {taskinstance.py:1107} INFO - Executing <Task(BashOperator): task_4> on 2021-08-10T00:00:00+00:00
[2021-08-12 10:37:43,020] {standard_task_runner.py:52} INFO - Started process 134193 to run task
[2021-08-12 10:37:43,025] {standard_task_runner.py:76} INFO - Running: ['airflow', 'tasks', 'run', 'parallel_dag', 'task_4', '2021-08-10T00:00:00+00:00', '--job-id', '32', '--pool', 'default_pool', '--raw', '--subdir', 'DAGS_FOLDER/subdag_example.py', '--cfg-path', '/tmp/tmpi6nrr0lo', '--error-file', '/tmp/tmpbqima1or']
[2021-08-12 10:37:43,026] {standard_task_runner.py:77} INFO - Job 32: Subtask task_4
[2021-08-12 10:37:43,053] {logging_mixin.py:104} INFO - Running <TaskInstance: parallel_dag.task_4 2021-08-10T00:00:00+00:00 [running]> on host adam
[2021-08-12 10:37:43,082] {taskinstance.py:1300} INFO - Exporting the following env vars:
AIRFLOW_CTX_DAG_OWNER=airflow
AIRFLOW_CTX_DAG_ID=parallel_dag
AIRFLOW_CTX_TASK_ID=task_4
AIRFLOW_CTX_EXECUTION_DATE=2021-08-10T00:00:00+00:00
AIRFLOW_CTX_DAG_RUN_ID=scheduled__2021-08-10T00:00:00+00:00
[2021-08-12 10:37:43,083] {subprocess.py:52} INFO - Tmp dir root location: 
 /tmp
[2021-08-12 10:37:43,083] {subprocess.py:63} INFO - Running command: ['bash', '-c', 'pwd']
[2021-08-12 10:37:43,091] {subprocess.py:74} INFO - Output:
[2021-08-12 10:37:43,092] {subprocess.py:78} INFO - /tmp/airflowtmpcgxd2n56
[2021-08-12 10:37:43,092] {subprocess.py:82} INFO - Command exited with return code 0
[2021-08-12 10:37:43,106] {taskinstance.py:1204} INFO - Marking task as SUCCESS. dag_id=parallel_dag, task_id=task_4, execution_date=20210810T000000, start_date=20210812T083743, end_date=20210812T083743
[2021-08-12 10:37:43,124] {taskinstance.py:1265} INFO - 1 downstream tasks scheduled from follow-on schedule check
[2021-08-12 10:37:43,156] {local_task_job.py:149} INFO - Task exited with return code 0
[2021-08-12 10:38:38,078] {taskinstance.py:896} INFO - Dependencies all met for <TaskInstance: parallel_dag.task_4 2021-08-10T00:00:00+00:00 [queued]>
[2021-08-12 10:38:38,089] {taskinstance.py:896} INFO - Dependencies all met for <TaskInstance: parallel_dag.task_4 2021-08-10T00:00:00+00:00 [queued]>
[2021-08-12 10:38:38,090] {taskinstance.py:1087} INFO - 
--------------------------------------------------------------------------------
[2021-08-12 10:38:38,090] {taskinstance.py:1088} INFO - Starting attempt 1 of 1
[2021-08-12 10:38:38,090] {taskinstance.py:1089} INFO - 
--------------------------------------------------------------------------------
[2021-08-12 10:38:38,098] {taskinstance.py:1107} INFO - Executing <Task(BashOperator): task_4> on 2021-08-10T00:00:00+00:00
[2021-08-12 10:38:38,102] {standard_task_runner.py:52} INFO - Started process 135510 to run task
[2021-08-12 10:38:38,106] {standard_task_runner.py:76} INFO - Running: ['airflow', 'tasks', 'run', 'parallel_dag', 'task_4', '2021-08-10T00:00:00+00:00', '--job-id', '32', '--pool', 'default_pool', '--raw', '--subdir', 'DAGS_FOLDER/subdag_example.py', '--cfg-path', '/tmp/tmpgveydg68', '--error-file', '/tmp/tmp4gz_9pud']
[2021-08-12 10:38:38,107] {standard_task_runner.py:77} INFO - Job 32: Subtask task_4
[2021-08-12 10:38:38,135] {logging_mixin.py:104} INFO - Running <TaskInstance: parallel_dag.task_4 2021-08-10T00:00:00+00:00 [running]> on host adam
[2021-08-12 10:38:38,162] {taskinstance.py:1300} INFO - Exporting the following env vars:
AIRFLOW_CTX_DAG_OWNER=airflow
AIRFLOW_CTX_DAG_ID=parallel_dag
AIRFLOW_CTX_TASK_ID=task_4
AIRFLOW_CTX_EXECUTION_DATE=2021-08-10T00:00:00+00:00
AIRFLOW_CTX_DAG_RUN_ID=scheduled__2021-08-10T00:00:00+00:00
[2021-08-12 10:38:38,163] {subprocess.py:52} INFO - Tmp dir root location: 
 /tmp
[2021-08-12 10:38:38,163] {subprocess.py:63} INFO - Running command: ['bash', '-c', 'pwd']
[2021-08-12 10:38:38,168] {subprocess.py:74} INFO - Output:
[2021-08-12 10:38:38,169] {subprocess.py:78} INFO - /tmp/airflowtmpoq_yr505
[2021-08-12 10:38:38,169] {subprocess.py:82} INFO - Command exited with return code 0
[2021-08-12 10:38:38,182] {taskinstance.py:1204} INFO - Marking task as SUCCESS. dag_id=parallel_dag, task_id=task_4, execution_date=20210810T000000, start_date=20210812T083838, end_date=20210812T083838
[2021-08-12 10:38:38,197] {taskinstance.py:1265} INFO - 1 downstream tasks scheduled from follow-on schedule check
[2021-08-12 10:38:38,237] {local_task_job.py:149} INFO - Task exited with return code 0
