[2021-08-12 17:07:08,170] {taskinstance.py:896} INFO - Dependencies all met for <TaskInstance: xcom_dag.is_accurate 2021-08-12T15:06:54.122286+00:00 [queued]>
[2021-08-12 17:07:08,177] {taskinstance.py:896} INFO - Dependencies all met for <TaskInstance: xcom_dag.is_accurate 2021-08-12T15:06:54.122286+00:00 [queued]>
[2021-08-12 17:07:08,177] {taskinstance.py:1087} INFO - 
--------------------------------------------------------------------------------
[2021-08-12 17:07:08,177] {taskinstance.py:1088} INFO - Starting attempt 1 of 1
[2021-08-12 17:07:08,177] {taskinstance.py:1089} INFO - 
--------------------------------------------------------------------------------
[2021-08-12 17:07:08,184] {taskinstance.py:1107} INFO - Executing <Task(BranchPythonOperator): is_accurate> on 2021-08-12T15:06:54.122286+00:00
[2021-08-12 17:07:08,186] {standard_task_runner.py:52} INFO - Started process 131542 to run task
[2021-08-12 17:07:08,191] {standard_task_runner.py:76} INFO - Running: ['airflow', 'tasks', 'run', 'xcom_dag', 'is_accurate', '2021-08-12T15:06:54.122286+00:00', '--job-id', '187', '--pool', 'default_pool', '--raw', '--subdir', 'DAGS_FOLDER/xcomss.py', '--cfg-path', '/tmp/tmp64m0nasc', '--error-file', '/tmp/tmp3n04hen5']
[2021-08-12 17:07:08,192] {standard_task_runner.py:77} INFO - Job 187: Subtask is_accurate
[2021-08-12 17:07:08,215] {logging_mixin.py:104} INFO - Running <TaskInstance: xcom_dag.is_accurate 2021-08-12T15:06:54.122286+00:00 [running]> on host adam
[2021-08-12 17:07:08,236] {taskinstance.py:1300} INFO - Exporting the following env vars:
AIRFLOW_CTX_DAG_OWNER=airflow
AIRFLOW_CTX_DAG_ID=xcom_dag
AIRFLOW_CTX_TASK_ID=is_accurate
AIRFLOW_CTX_EXECUTION_DATE=2021-08-12T15:06:54.122286+00:00
AIRFLOW_CTX_DAG_RUN_ID=manual__2021-08-12T15:06:54.122286+00:00
[2021-08-12 17:07:08,237] {python.py:151} INFO - Done. Returned value was: accurate
[2021-08-12 17:07:08,237] {skipmixin.py:124} INFO - Following branch accurate
[2021-08-12 17:07:08,239] {skipmixin.py:155} INFO - Skipping tasks ['inaccurate']
[2021-08-12 17:07:08,258] {taskinstance.py:1204} INFO - Marking task as SUCCESS. dag_id=xcom_dag, task_id=is_accurate, execution_date=20210812T150654, start_date=20210812T150708, end_date=20210812T150708
[2021-08-12 17:07:08,273] {taskinstance.py:1265} INFO - 1 downstream tasks scheduled from follow-on schedule check
[2021-08-12 17:07:08,281] {local_task_job.py:149} INFO - Task exited with return code 0
