[2021-08-12 15:41:48,845] {taskinstance.py:896} INFO - Dependencies all met for <TaskInstance: xcom_dag.processing_tasks.training_model_b 2021-08-11T00:00:00+00:00 [queued]>
[2021-08-12 15:41:48,850] {taskinstance.py:896} INFO - Dependencies all met for <TaskInstance: xcom_dag.processing_tasks.training_model_b 2021-08-11T00:00:00+00:00 [queued]>
[2021-08-12 15:41:48,850] {taskinstance.py:1087} INFO - 
--------------------------------------------------------------------------------
[2021-08-12 15:41:48,851] {taskinstance.py:1088} INFO - Starting attempt 1 of 1
[2021-08-12 15:41:48,851] {taskinstance.py:1089} INFO - 
--------------------------------------------------------------------------------
[2021-08-12 15:41:48,856] {taskinstance.py:1107} INFO - Executing <Task(PythonOperator): processing_tasks.training_model_b> on 2021-08-11T00:00:00+00:00
[2021-08-12 15:41:48,861] {standard_task_runner.py:52} INFO - Started process 19719 to run task
[2021-08-12 15:41:48,865] {standard_task_runner.py:76} INFO - Running: ['airflow', 'tasks', 'run', 'xcom_dag', 'processing_tasks.training_model_b', '2021-08-11T00:00:00+00:00', '--job-id', '154', '--pool', 'default_pool', '--raw', '--subdir', 'DAGS_FOLDER/xcomss.py', '--cfg-path', '/tmp/tmpo_bc2kvs', '--error-file', '/tmp/tmpwyl3skea']
[2021-08-12 15:41:48,866] {standard_task_runner.py:77} INFO - Job 154: Subtask processing_tasks.training_model_b
[2021-08-12 15:41:48,887] {logging_mixin.py:104} INFO - Running <TaskInstance: xcom_dag.processing_tasks.training_model_b 2021-08-11T00:00:00+00:00 [running]> on host adam
[2021-08-12 15:41:48,910] {taskinstance.py:1300} INFO - Exporting the following env vars:
AIRFLOW_CTX_DAG_OWNER=airflow
AIRFLOW_CTX_DAG_ID=xcom_dag
AIRFLOW_CTX_TASK_ID=processing_tasks.training_model_b
AIRFLOW_CTX_EXECUTION_DATE=2021-08-11T00:00:00+00:00
AIRFLOW_CTX_DAG_RUN_ID=scheduled__2021-08-11T00:00:00+00:00
[2021-08-12 15:41:48,911] {logging_mixin.py:104} INFO - model's accuracy: 6.51716041504391
[2021-08-12 15:41:48,916] {python.py:151} INFO - Done. Returned value was: None
[2021-08-12 15:41:48,919] {taskinstance.py:1204} INFO - Marking task as SUCCESS. dag_id=xcom_dag, task_id=processing_tasks.training_model_b, execution_date=20210811T000000, start_date=20210812T134148, end_date=20210812T134148
[2021-08-12 15:41:48,932] {taskinstance.py:1265} INFO - 0 downstream tasks scheduled from follow-on schedule check
[2021-08-12 15:41:48,956] {local_task_job.py:149} INFO - Task exited with return code 0
