[2021-08-12 17:11:06,946] {taskinstance.py:896} INFO - Dependencies all met for <TaskInstance: xcom_dag.choose_model 2021-08-12T15:10:54.252782+00:00 [queued]>
[2021-08-12 17:11:06,952] {taskinstance.py:896} INFO - Dependencies all met for <TaskInstance: xcom_dag.choose_model 2021-08-12T15:10:54.252782+00:00 [queued]>
[2021-08-12 17:11:06,953] {taskinstance.py:1087} INFO - 
--------------------------------------------------------------------------------
[2021-08-12 17:11:06,953] {taskinstance.py:1088} INFO - Starting attempt 1 of 1
[2021-08-12 17:11:06,953] {taskinstance.py:1089} INFO - 
--------------------------------------------------------------------------------
[2021-08-12 17:11:06,961] {taskinstance.py:1107} INFO - Executing <Task(BranchPythonOperator): choose_model> on 2021-08-12T15:10:54.252782+00:00
[2021-08-12 17:11:06,964] {standard_task_runner.py:52} INFO - Started process 136869 to run task
[2021-08-12 17:11:06,968] {standard_task_runner.py:76} INFO - Running: ['airflow', 'tasks', 'run', 'xcom_dag', 'choose_model', '2021-08-12T15:10:54.252782+00:00', '--job-id', '192', '--pool', 'default_pool', '--raw', '--subdir', 'DAGS_FOLDER/xcomss.py', '--cfg-path', '/tmp/tmpfnxc8z5s', '--error-file', '/tmp/tmpsbyecrja']
[2021-08-12 17:11:06,969] {standard_task_runner.py:77} INFO - Job 192: Subtask choose_model
[2021-08-12 17:11:06,999] {logging_mixin.py:104} INFO - Running <TaskInstance: xcom_dag.choose_model 2021-08-12T15:10:54.252782+00:00 [running]> on host adam
[2021-08-12 17:11:07,034] {taskinstance.py:1300} INFO - Exporting the following env vars:
AIRFLOW_CTX_DAG_OWNER=airflow
AIRFLOW_CTX_DAG_ID=xcom_dag
AIRFLOW_CTX_TASK_ID=choose_model
AIRFLOW_CTX_EXECUTION_DATE=2021-08-12T15:10:54.252782+00:00
AIRFLOW_CTX_DAG_RUN_ID=manual__2021-08-12T15:10:54.252782+00:00
[2021-08-12 17:11:07,034] {logging_mixin.py:104} INFO - choose best model
[2021-08-12 17:11:07,039] {logging_mixin.py:104} INFO - [2.0259804071564718, 1.5423855904435844, 5.22976506651634]
[2021-08-12 17:11:07,039] {python.py:151} INFO - Done. Returned value was: accurate
[2021-08-12 17:11:07,039] {skipmixin.py:124} INFO - Following branch accurate
[2021-08-12 17:11:07,042] {skipmixin.py:155} INFO - Skipping tasks ['inaccurate']
[2021-08-12 17:11:07,065] {taskinstance.py:1204} INFO - Marking task as SUCCESS. dag_id=xcom_dag, task_id=choose_model, execution_date=20210812T151054, start_date=20210812T151106, end_date=20210812T151107
[2021-08-12 17:11:07,086] {taskinstance.py:1265} INFO - 1 downstream tasks scheduled from follow-on schedule check
[2021-08-12 17:11:07,099] {local_task_job.py:149} INFO - Task exited with return code 0
