[2021-08-12 10:57:27,175] {taskinstance.py:896} INFO - Dependencies all met for <TaskInstance: parallel_dag_02.processing_tasks.task_3 2021-08-11T00:00:00+00:00 [queued]>
[2021-08-12 10:57:27,180] {taskinstance.py:896} INFO - Dependencies all met for <TaskInstance: parallel_dag_02.processing_tasks.task_3 2021-08-11T00:00:00+00:00 [queued]>
[2021-08-12 10:57:27,181] {taskinstance.py:1087} INFO - 
--------------------------------------------------------------------------------
[2021-08-12 10:57:27,181] {taskinstance.py:1088} INFO - Starting attempt 1 of 1
[2021-08-12 10:57:27,181] {taskinstance.py:1089} INFO - 
--------------------------------------------------------------------------------
[2021-08-12 10:57:27,187] {taskinstance.py:1107} INFO - Executing <Task(BashOperator): task_3> on 2021-08-11T00:00:00+00:00
[2021-08-12 10:57:27,189] {standard_task_runner.py:52} INFO - Started process 160208 to run task
[2021-08-12 10:57:27,192] {standard_task_runner.py:76} INFO - Running: ['airflow', 'tasks', 'run', 'parallel_dag_02.processing_tasks', 'task_3', '2021-08-11T00:00:00+00:00', '--job-id', '57', '--pool', 'default_pool', '--raw', '--subdir', 'DAGS_FOLDER/subdag_example_02.py', '--cfg-path', '/tmp/tmpmi1srqea', '--error-file', '/tmp/tmpcob4v7ru']
[2021-08-12 10:57:27,193] {standard_task_runner.py:77} INFO - Job 57: Subtask task_3
[2021-08-12 10:57:27,213] {logging_mixin.py:104} INFO - Running <TaskInstance: parallel_dag_02.processing_tasks.task_3 2021-08-11T00:00:00+00:00 [running]> on host adam
[2021-08-12 10:57:27,236] {taskinstance.py:1300} INFO - Exporting the following env vars:
AIRFLOW_CTX_DAG_OWNER=airflow
AIRFLOW_CTX_DAG_ID=parallel_dag_02.processing_tasks
AIRFLOW_CTX_TASK_ID=task_3
AIRFLOW_CTX_EXECUTION_DATE=2021-08-11T00:00:00+00:00
AIRFLOW_CTX_DAG_RUN_ID=scheduled__2021-08-11T00:00:00+00:00
[2021-08-12 10:57:27,237] {subprocess.py:52} INFO - Tmp dir root location: 
 /tmp
[2021-08-12 10:57:27,237] {subprocess.py:63} INFO - Running command: ['bash', '-c', 'echo task 3333']
[2021-08-12 10:57:27,243] {subprocess.py:74} INFO - Output:
[2021-08-12 10:57:27,244] {subprocess.py:78} INFO - task 3333
[2021-08-12 10:57:27,244] {subprocess.py:82} INFO - Command exited with return code 0
[2021-08-12 10:57:27,257] {taskinstance.py:1204} INFO - Marking task as SUCCESS. dag_id=parallel_dag_02.processing_tasks, task_id=task_3, execution_date=20210811T000000, start_date=20210812T085727, end_date=20210812T085727
[2021-08-12 10:57:27,269] {taskinstance.py:1265} INFO - 0 downstream tasks scheduled from follow-on schedule check
[2021-08-12 10:57:27,283] {local_task_job.py:149} INFO - Task exited with return code 0
