[2021-08-12 15:01:41,936] {taskinstance.py:896} INFO - Dependencies all met for <TaskInstance: parallel_dag_03.processing_tasks.task_2 2021-08-10T00:00:00+00:00 [queued]>
[2021-08-12 15:01:41,944] {taskinstance.py:896} INFO - Dependencies all met for <TaskInstance: parallel_dag_03.processing_tasks.task_2 2021-08-10T00:00:00+00:00 [queued]>
[2021-08-12 15:01:41,944] {taskinstance.py:1087} INFO - 
--------------------------------------------------------------------------------
[2021-08-12 15:01:41,944] {taskinstance.py:1088} INFO - Starting attempt 1 of 1
[2021-08-12 15:01:41,944] {taskinstance.py:1089} INFO - 
--------------------------------------------------------------------------------
[2021-08-12 15:01:41,953] {taskinstance.py:1107} INFO - Executing <Task(BashOperator): processing_tasks.task_2> on 2021-08-10T00:00:00+00:00
[2021-08-12 15:01:41,956] {standard_task_runner.py:52} INFO - Started process 467208 to run task
[2021-08-12 15:01:41,961] {standard_task_runner.py:76} INFO - Running: ['airflow', 'tasks', 'run', 'parallel_dag_03', 'processing_tasks.task_2', '2021-08-10T00:00:00+00:00', '--job-id', '78', '--pool', 'default_pool', '--raw', '--subdir', 'DAGS_FOLDER/task_example.py', '--cfg-path', '/tmp/tmpk7d1b0_h', '--error-file', '/tmp/tmp9q2s79qi']
[2021-08-12 15:01:41,962] {standard_task_runner.py:77} INFO - Job 78: Subtask processing_tasks.task_2
[2021-08-12 15:01:41,985] {logging_mixin.py:104} INFO - Running <TaskInstance: parallel_dag_03.processing_tasks.task_2 2021-08-10T00:00:00+00:00 [running]> on host adam
[2021-08-12 15:01:42,027] {taskinstance.py:1300} INFO - Exporting the following env vars:
AIRFLOW_CTX_DAG_OWNER=airflow
AIRFLOW_CTX_DAG_ID=parallel_dag_03
AIRFLOW_CTX_TASK_ID=processing_tasks.task_2
AIRFLOW_CTX_EXECUTION_DATE=2021-08-10T00:00:00+00:00
AIRFLOW_CTX_DAG_RUN_ID=scheduled__2021-08-10T00:00:00+00:00
[2021-08-12 15:01:42,028] {subprocess.py:52} INFO - Tmp dir root location: 
 /tmp
[2021-08-12 15:01:42,028] {subprocess.py:63} INFO - Running command: ['bash', '-c', 'echo task 2']
[2021-08-12 15:01:42,034] {subprocess.py:74} INFO - Output:
[2021-08-12 15:01:42,035] {subprocess.py:78} INFO - task 2
[2021-08-12 15:01:42,036] {subprocess.py:82} INFO - Command exited with return code 0
[2021-08-12 15:01:42,049] {taskinstance.py:1204} INFO - Marking task as SUCCESS. dag_id=parallel_dag_03, task_id=processing_tasks.task_2, execution_date=20210810T000000, start_date=20210812T130141, end_date=20210812T130142
[2021-08-12 15:01:42,065] {taskinstance.py:1265} INFO - 0 downstream tasks scheduled from follow-on schedule check
[2021-08-12 15:01:42,093] {local_task_job.py:149} INFO - Task exited with return code 0
[2021-08-12 15:35:44,013] {taskinstance.py:896} INFO - Dependencies all met for <TaskInstance: parallel_dag_03.processing_tasks.task_2 2021-08-10T00:00:00+00:00 [queued]>
[2021-08-12 15:35:44,026] {taskinstance.py:896} INFO - Dependencies all met for <TaskInstance: parallel_dag_03.processing_tasks.task_2 2021-08-10T00:00:00+00:00 [queued]>
[2021-08-12 15:35:44,026] {taskinstance.py:1087} INFO - 
--------------------------------------------------------------------------------
[2021-08-12 15:35:44,026] {taskinstance.py:1088} INFO - Starting attempt 1 of 1
[2021-08-12 15:35:44,026] {taskinstance.py:1089} INFO - 
--------------------------------------------------------------------------------
[2021-08-12 15:35:44,039] {taskinstance.py:1107} INFO - Executing <Task(BashOperator): processing_tasks.task_2> on 2021-08-10T00:00:00+00:00
[2021-08-12 15:35:44,042] {standard_task_runner.py:52} INFO - Started process 10669 to run task
[2021-08-12 15:35:44,052] {standard_task_runner.py:76} INFO - Running: ['airflow', 'tasks', 'run', 'parallel_dag_03', 'processing_tasks.task_2', '2021-08-10T00:00:00+00:00', '--job-id', '136', '--pool', 'default_pool', '--raw', '--subdir', 'DAGS_FOLDER/task_example.py', '--cfg-path', '/tmp/tmp42jpn2jw', '--error-file', '/tmp/tmpcqxzonob']
[2021-08-12 15:35:44,053] {standard_task_runner.py:77} INFO - Job 136: Subtask processing_tasks.task_2
[2021-08-12 15:35:44,087] {logging_mixin.py:104} INFO - Running <TaskInstance: parallel_dag_03.processing_tasks.task_2 2021-08-10T00:00:00+00:00 [running]> on host adam
[2021-08-12 15:35:44,131] {taskinstance.py:1300} INFO - Exporting the following env vars:
AIRFLOW_CTX_DAG_OWNER=airflow
AIRFLOW_CTX_DAG_ID=parallel_dag_03
AIRFLOW_CTX_TASK_ID=processing_tasks.task_2
AIRFLOW_CTX_EXECUTION_DATE=2021-08-10T00:00:00+00:00
AIRFLOW_CTX_DAG_RUN_ID=scheduled__2021-08-10T00:00:00+00:00
[2021-08-12 15:35:44,132] {subprocess.py:52} INFO - Tmp dir root location: 
 /tmp
[2021-08-12 15:35:44,132] {subprocess.py:63} INFO - Running command: ['bash', '-c', 'echo task 2']
[2021-08-12 15:35:44,148] {subprocess.py:74} INFO - Output:
[2021-08-12 15:35:44,149] {subprocess.py:78} INFO - task 2
[2021-08-12 15:35:44,149] {subprocess.py:82} INFO - Command exited with return code 0
[2021-08-12 15:35:44,169] {taskinstance.py:1204} INFO - Marking task as SUCCESS. dag_id=parallel_dag_03, task_id=processing_tasks.task_2, execution_date=20210810T000000, start_date=20210812T133544, end_date=20210812T133544
[2021-08-12 15:35:44,189] {taskinstance.py:1265} INFO - 0 downstream tasks scheduled from follow-on schedule check
[2021-08-12 15:35:44,218] {local_task_job.py:149} INFO - Task exited with return code 0
