[2021-08-12 15:48:42,691] {taskinstance.py:896} INFO - Dependencies all met for <TaskInstance: xcom_dag.processing_tasks.training_model_a 2021-08-12T13:48:35.406685+00:00 [queued]>
[2021-08-12 15:48:42,697] {taskinstance.py:896} INFO - Dependencies all met for <TaskInstance: xcom_dag.processing_tasks.training_model_a 2021-08-12T13:48:35.406685+00:00 [queued]>
[2021-08-12 15:48:42,698] {taskinstance.py:1087} INFO - 
--------------------------------------------------------------------------------
[2021-08-12 15:48:42,698] {taskinstance.py:1088} INFO - Starting attempt 1 of 1
[2021-08-12 15:48:42,698] {taskinstance.py:1089} INFO - 
--------------------------------------------------------------------------------
[2021-08-12 15:48:42,709] {taskinstance.py:1107} INFO - Executing <Task(PythonOperator): processing_tasks.training_model_a> on 2021-08-12T13:48:35.406685+00:00
[2021-08-12 15:48:42,711] {standard_task_runner.py:52} INFO - Started process 28790 to run task
[2021-08-12 15:48:42,715] {standard_task_runner.py:76} INFO - Running: ['airflow', 'tasks', 'run', 'xcom_dag', 'processing_tasks.training_model_a', '2021-08-12T13:48:35.406685+00:00', '--job-id', '168', '--pool', 'default_pool', '--raw', '--subdir', 'DAGS_FOLDER/xcomss.py', '--cfg-path', '/tmp/tmpc5oa_hzq', '--error-file', '/tmp/tmpf4hhc0ef']
[2021-08-12 15:48:42,716] {standard_task_runner.py:77} INFO - Job 168: Subtask processing_tasks.training_model_a
[2021-08-12 15:48:42,739] {logging_mixin.py:104} INFO - Running <TaskInstance: xcom_dag.processing_tasks.training_model_a 2021-08-12T13:48:35.406685+00:00 [running]> on host adam
[2021-08-12 15:48:42,764] {taskinstance.py:1300} INFO - Exporting the following env vars:
AIRFLOW_CTX_DAG_OWNER=airflow
AIRFLOW_CTX_DAG_ID=xcom_dag
AIRFLOW_CTX_TASK_ID=processing_tasks.training_model_a
AIRFLOW_CTX_EXECUTION_DATE=2021-08-12T13:48:35.406685+00:00
AIRFLOW_CTX_DAG_RUN_ID=manual__2021-08-12T13:48:35.406685+00:00
[2021-08-12 15:48:42,765] {logging_mixin.py:104} INFO - model's accuracy: 2.3210182150801195
[2021-08-12 15:48:42,772] {python.py:151} INFO - Done. Returned value was: None
[2021-08-12 15:48:42,775] {taskinstance.py:1204} INFO - Marking task as SUCCESS. dag_id=xcom_dag, task_id=processing_tasks.training_model_a, execution_date=20210812T134835, start_date=20210812T134842, end_date=20210812T134842
[2021-08-12 15:48:42,791] {taskinstance.py:1265} INFO - 0 downstream tasks scheduled from follow-on schedule check
[2021-08-12 15:48:42,806] {local_task_job.py:149} INFO - Task exited with return code 0
