[2021-08-12 15:03:38,732] {taskinstance.py:896} INFO - Dependencies all met for <TaskInstance: parallel_dag_03.task_1 2021-08-12T13:03:36.894916+00:00 [queued]>
[2021-08-12 15:03:38,738] {taskinstance.py:896} INFO - Dependencies all met for <TaskInstance: parallel_dag_03.task_1 2021-08-12T13:03:36.894916+00:00 [queued]>
[2021-08-12 15:03:38,738] {taskinstance.py:1087} INFO - 
--------------------------------------------------------------------------------
[2021-08-12 15:03:38,738] {taskinstance.py:1088} INFO - Starting attempt 1 of 1
[2021-08-12 15:03:38,738] {taskinstance.py:1089} INFO - 
--------------------------------------------------------------------------------
[2021-08-12 15:03:38,744] {taskinstance.py:1107} INFO - Executing <Task(BashOperator): task_1> on 2021-08-12T13:03:36.894916+00:00
[2021-08-12 15:03:38,746] {standard_task_runner.py:52} INFO - Started process 469815 to run task
[2021-08-12 15:03:38,749] {standard_task_runner.py:76} INFO - Running: ['airflow', 'tasks', 'run', 'parallel_dag_03', 'task_1', '2021-08-12T13:03:36.894916+00:00', '--job-id', '89', '--pool', 'default_pool', '--raw', '--subdir', 'DAGS_FOLDER/task_example.py', '--cfg-path', '/tmp/tmp37fj87zu', '--error-file', '/tmp/tmpded_b5dj']
[2021-08-12 15:03:38,750] {standard_task_runner.py:77} INFO - Job 89: Subtask task_1
[2021-08-12 15:03:38,770] {logging_mixin.py:104} INFO - Running <TaskInstance: parallel_dag_03.task_1 2021-08-12T13:03:36.894916+00:00 [running]> on host adam
[2021-08-12 15:03:38,795] {taskinstance.py:1300} INFO - Exporting the following env vars:
AIRFLOW_CTX_DAG_OWNER=airflow
AIRFLOW_CTX_DAG_ID=parallel_dag_03
AIRFLOW_CTX_TASK_ID=task_1
AIRFLOW_CTX_EXECUTION_DATE=2021-08-12T13:03:36.894916+00:00
AIRFLOW_CTX_DAG_RUN_ID=manual__2021-08-12T13:03:36.894916+00:00
[2021-08-12 15:03:38,795] {subprocess.py:52} INFO - Tmp dir root location: 
 /tmp
[2021-08-12 15:03:38,796] {subprocess.py:63} INFO - Running command: ['bash', '-c', 'echo ${USER}']
[2021-08-12 15:03:38,803] {subprocess.py:74} INFO - Output:
[2021-08-12 15:03:38,804] {subprocess.py:78} INFO - adam
[2021-08-12 15:03:38,804] {subprocess.py:82} INFO - Command exited with return code 0
[2021-08-12 15:03:38,819] {taskinstance.py:1204} INFO - Marking task as SUCCESS. dag_id=parallel_dag_03, task_id=task_1, execution_date=20210812T130336, start_date=20210812T130338, end_date=20210812T130338
[2021-08-12 15:03:38,834] {taskinstance.py:1265} INFO - 2 downstream tasks scheduled from follow-on schedule check
[2021-08-12 15:03:38,840] {local_task_job.py:149} INFO - Task exited with return code 0
