[2021-08-12 15:52:59,709] {taskinstance.py:896} INFO - Dependencies all met for <TaskInstance: xcom_dag.downloading_data 2021-08-12T13:52:57.665195+00:00 [queued]>
[2021-08-12 15:52:59,716] {taskinstance.py:896} INFO - Dependencies all met for <TaskInstance: xcom_dag.downloading_data 2021-08-12T13:52:57.665195+00:00 [queued]>
[2021-08-12 15:52:59,716] {taskinstance.py:1087} INFO - 
--------------------------------------------------------------------------------
[2021-08-12 15:52:59,716] {taskinstance.py:1088} INFO - Starting attempt 1 of 1
[2021-08-12 15:52:59,716] {taskinstance.py:1089} INFO - 
--------------------------------------------------------------------------------
[2021-08-12 15:52:59,762] {taskinstance.py:1107} INFO - Executing <Task(BashOperator): downloading_data> on 2021-08-12T13:52:57.665195+00:00
[2021-08-12 15:52:59,765] {standard_task_runner.py:52} INFO - Started process 34482 to run task
[2021-08-12 15:52:59,769] {standard_task_runner.py:76} INFO - Running: ['airflow', 'tasks', 'run', 'xcom_dag', 'downloading_data', '2021-08-12T13:52:57.665195+00:00', '--job-id', '177', '--pool', 'default_pool', '--raw', '--subdir', 'DAGS_FOLDER/xcomss.py', '--cfg-path', '/tmp/tmpdxkkqw7n', '--error-file', '/tmp/tmpu7z6nib9']
[2021-08-12 15:52:59,770] {standard_task_runner.py:77} INFO - Job 177: Subtask downloading_data
[2021-08-12 15:52:59,832] {logging_mixin.py:104} INFO - Running <TaskInstance: xcom_dag.downloading_data 2021-08-12T13:52:57.665195+00:00 [running]> on host adam
[2021-08-12 15:52:59,941] {taskinstance.py:1300} INFO - Exporting the following env vars:
AIRFLOW_CTX_DAG_OWNER=airflow
AIRFLOW_CTX_DAG_ID=xcom_dag
AIRFLOW_CTX_TASK_ID=downloading_data
AIRFLOW_CTX_EXECUTION_DATE=2021-08-12T13:52:57.665195+00:00
AIRFLOW_CTX_DAG_RUN_ID=manual__2021-08-12T13:52:57.665195+00:00
[2021-08-12 15:52:59,942] {subprocess.py:52} INFO - Tmp dir root location: 
 /tmp
[2021-08-12 15:52:59,944] {subprocess.py:63} INFO - Running command: ['bash', '-c', 'sleep 3']
[2021-08-12 15:52:59,961] {subprocess.py:74} INFO - Output:
[2021-08-12 15:53:02,967] {subprocess.py:82} INFO - Command exited with return code 0
[2021-08-12 15:53:02,986] {taskinstance.py:1204} INFO - Marking task as SUCCESS. dag_id=xcom_dag, task_id=downloading_data, execution_date=20210812T135257, start_date=20210812T135259, end_date=20210812T135302
[2021-08-12 15:53:03,013] {taskinstance.py:1265} INFO - 3 downstream tasks scheduled from follow-on schedule check
[2021-08-12 15:53:03,033] {local_task_job.py:149} INFO - Task exited with return code 0
