[2021-08-12 10:34:40,345] {taskinstance.py:896} INFO - Dependencies all met for <TaskInstance: parallel_dag.task_3 2021-01-02T00:00:00+00:00 [queued]>
[2021-08-12 10:34:40,357] {taskinstance.py:896} INFO - Dependencies all met for <TaskInstance: parallel_dag.task_3 2021-01-02T00:00:00+00:00 [queued]>
[2021-08-12 10:34:40,357] {taskinstance.py:1087} INFO - 
--------------------------------------------------------------------------------
[2021-08-12 10:34:40,357] {taskinstance.py:1088} INFO - Starting attempt 1 of 1
[2021-08-12 10:34:40,357] {taskinstance.py:1089} INFO - 
--------------------------------------------------------------------------------
[2021-08-12 10:34:40,365] {taskinstance.py:1107} INFO - Executing <Task(BashOperator): task_3> on 2021-01-02T00:00:00+00:00
[2021-08-12 10:34:40,367] {standard_task_runner.py:52} INFO - Started process 130056 to run task
[2021-08-12 10:34:40,370] {standard_task_runner.py:76} INFO - Running: ['airflow', 'tasks', 'run', 'parallel_dag', 'task_3', '2021-01-02T00:00:00+00:00', '--job-id', '37', '--pool', 'default_pool', '--raw', '--subdir', 'DAGS_FOLDER/subdag_example.py', '--cfg-path', '/tmp/tmpncawgptv', '--error-file', '/tmp/tmp4kdnyw2c']
[2021-08-12 10:34:40,371] {standard_task_runner.py:77} INFO - Job 37: Subtask task_3
[2021-08-12 10:34:40,392] {logging_mixin.py:104} INFO - Running <TaskInstance: parallel_dag.task_3 2021-01-02T00:00:00+00:00 [running]> on host adam
[2021-08-12 10:34:40,415] {taskinstance.py:1300} INFO - Exporting the following env vars:
AIRFLOW_CTX_DAG_OWNER=airflow
AIRFLOW_CTX_DAG_ID=parallel_dag
AIRFLOW_CTX_TASK_ID=task_3
AIRFLOW_CTX_EXECUTION_DATE=2021-01-02T00:00:00+00:00
AIRFLOW_CTX_DAG_RUN_ID=scheduled__2021-01-02T00:00:00+00:00
[2021-08-12 10:34:40,415] {subprocess.py:52} INFO - Tmp dir root location: 
 /tmp
[2021-08-12 10:34:40,416] {subprocess.py:63} INFO - Running command: ['bash', '-c', 'echo task 3']
[2021-08-12 10:34:40,420] {subprocess.py:74} INFO - Output:
[2021-08-12 10:34:40,421] {subprocess.py:78} INFO - task 3
[2021-08-12 10:34:40,421] {subprocess.py:82} INFO - Command exited with return code 0
[2021-08-12 10:34:40,432] {taskinstance.py:1204} INFO - Marking task as SUCCESS. dag_id=parallel_dag, task_id=task_3, execution_date=20210102T000000, start_date=20210812T083440, end_date=20210812T083440
[2021-08-12 10:34:40,443] {taskinstance.py:1265} INFO - 0 downstream tasks scheduled from follow-on schedule check
[2021-08-12 10:34:40,461] {local_task_job.py:149} INFO - Task exited with return code 0
