[2021-08-12 15:01:26,595] {taskinstance.py:896} INFO - Dependencies all met for <TaskInstance: parallel_dag_03.task_1 2021-08-08T00:00:00+00:00 [queued]>
[2021-08-12 15:01:26,599] {taskinstance.py:896} INFO - Dependencies all met for <TaskInstance: parallel_dag_03.task_1 2021-08-08T00:00:00+00:00 [queued]>
[2021-08-12 15:01:26,599] {taskinstance.py:1087} INFO - 
--------------------------------------------------------------------------------
[2021-08-12 15:01:26,599] {taskinstance.py:1088} INFO - Starting attempt 1 of 1
[2021-08-12 15:01:26,599] {taskinstance.py:1089} INFO - 
--------------------------------------------------------------------------------
[2021-08-12 15:01:26,605] {taskinstance.py:1107} INFO - Executing <Task(BashOperator): task_1> on 2021-08-08T00:00:00+00:00
[2021-08-12 15:01:26,607] {standard_task_runner.py:52} INFO - Started process 466841 to run task
[2021-08-12 15:01:26,610] {standard_task_runner.py:76} INFO - Running: ['airflow', 'tasks', 'run', 'parallel_dag_03', 'task_1', '2021-08-08T00:00:00+00:00', '--job-id', '69', '--pool', 'default_pool', '--raw', '--subdir', 'DAGS_FOLDER/task_example.py', '--cfg-path', '/tmp/tmp62_nnvy5', '--error-file', '/tmp/tmp90ke1kd6']
[2021-08-12 15:01:26,611] {standard_task_runner.py:77} INFO - Job 69: Subtask task_1
[2021-08-12 15:01:26,630] {logging_mixin.py:104} INFO - Running <TaskInstance: parallel_dag_03.task_1 2021-08-08T00:00:00+00:00 [running]> on host adam
[2021-08-12 15:01:26,652] {taskinstance.py:1300} INFO - Exporting the following env vars:
AIRFLOW_CTX_DAG_OWNER=airflow
AIRFLOW_CTX_DAG_ID=parallel_dag_03
AIRFLOW_CTX_TASK_ID=task_1
AIRFLOW_CTX_EXECUTION_DATE=2021-08-08T00:00:00+00:00
AIRFLOW_CTX_DAG_RUN_ID=scheduled__2021-08-08T00:00:00+00:00
[2021-08-12 15:01:26,653] {subprocess.py:52} INFO - Tmp dir root location: 
 /tmp
[2021-08-12 15:01:26,653] {subprocess.py:63} INFO - Running command: ['bash', '-c', 'echo ${USER}']
[2021-08-12 15:01:26,665] {subprocess.py:74} INFO - Output:
[2021-08-12 15:01:26,667] {subprocess.py:78} INFO - adam
[2021-08-12 15:01:26,667] {subprocess.py:82} INFO - Command exited with return code 0
[2021-08-12 15:01:26,680] {taskinstance.py:1204} INFO - Marking task as SUCCESS. dag_id=parallel_dag_03, task_id=task_1, execution_date=20210808T000000, start_date=20210812T130126, end_date=20210812T130126
[2021-08-12 15:01:26,695] {taskinstance.py:1265} INFO - 2 downstream tasks scheduled from follow-on schedule check
[2021-08-12 15:01:26,702] {local_task_job.py:149} INFO - Task exited with return code 0
[2021-08-12 15:30:03,331] {taskinstance.py:896} INFO - Dependencies all met for <TaskInstance: parallel_dag_03.task_1 2021-08-08T00:00:00+00:00 [queued]>
[2021-08-12 15:30:03,338] {taskinstance.py:896} INFO - Dependencies all met for <TaskInstance: parallel_dag_03.task_1 2021-08-08T00:00:00+00:00 [queued]>
[2021-08-12 15:30:03,338] {taskinstance.py:1087} INFO - 
--------------------------------------------------------------------------------
[2021-08-12 15:30:03,338] {taskinstance.py:1088} INFO - Starting attempt 1 of 1
[2021-08-12 15:30:03,338] {taskinstance.py:1089} INFO - 
--------------------------------------------------------------------------------
[2021-08-12 15:30:03,347] {taskinstance.py:1107} INFO - Executing <Task(BashOperator): task_1> on 2021-08-08T00:00:00+00:00
[2021-08-12 15:30:03,351] {standard_task_runner.py:52} INFO - Started process 504099 to run task
[2021-08-12 15:30:03,354] {standard_task_runner.py:76} INFO - Running: ['airflow', 'tasks', 'run', 'parallel_dag_03', 'task_1', '2021-08-08T00:00:00+00:00', '--job-id', '109', '--pool', 'default_pool', '--raw', '--subdir', 'DAGS_FOLDER/task_example.py', '--cfg-path', '/tmp/tmpvyur7vmi', '--error-file', '/tmp/tmpmm5jbhi9']
[2021-08-12 15:30:03,355] {standard_task_runner.py:77} INFO - Job 109: Subtask task_1
[2021-08-12 15:30:03,383] {logging_mixin.py:104} INFO - Running <TaskInstance: parallel_dag_03.task_1 2021-08-08T00:00:00+00:00 [running]> on host adam
[2021-08-12 15:30:03,405] {taskinstance.py:1300} INFO - Exporting the following env vars:
AIRFLOW_CTX_DAG_OWNER=airflow
AIRFLOW_CTX_DAG_ID=parallel_dag_03
AIRFLOW_CTX_TASK_ID=task_1
AIRFLOW_CTX_EXECUTION_DATE=2021-08-08T00:00:00+00:00
AIRFLOW_CTX_DAG_RUN_ID=scheduled__2021-08-08T00:00:00+00:00
[2021-08-12 15:30:03,405] {subprocess.py:52} INFO - Tmp dir root location: 
 /tmp
[2021-08-12 15:30:03,406] {subprocess.py:63} INFO - Running command: ['bash', '-c', 'echo ${USER}']
[2021-08-12 15:30:03,413] {subprocess.py:74} INFO - Output:
[2021-08-12 15:30:03,414] {subprocess.py:78} INFO - adam
[2021-08-12 15:30:03,414] {subprocess.py:82} INFO - Command exited with return code 0
[2021-08-12 15:30:03,426] {taskinstance.py:1204} INFO - Marking task as SUCCESS. dag_id=parallel_dag_03, task_id=task_1, execution_date=20210808T000000, start_date=20210812T133003, end_date=20210812T133003
[2021-08-12 15:30:03,441] {taskinstance.py:1265} INFO - 3 downstream tasks scheduled from follow-on schedule check
[2021-08-12 15:30:03,445] {local_task_job.py:149} INFO - Task exited with return code 0
