[2021-08-12 15:41:51,483] {taskinstance.py:896} INFO - Dependencies all met for <TaskInstance: xcom_dag.task_4 2021-08-11T00:00:00+00:00 [queued]>
[2021-08-12 15:41:51,488] {taskinstance.py:896} INFO - Dependencies all met for <TaskInstance: xcom_dag.task_4 2021-08-11T00:00:00+00:00 [queued]>
[2021-08-12 15:41:51,488] {taskinstance.py:1087} INFO - 
--------------------------------------------------------------------------------
[2021-08-12 15:41:51,488] {taskinstance.py:1088} INFO - Starting attempt 1 of 1
[2021-08-12 15:41:51,488] {taskinstance.py:1089} INFO - 
--------------------------------------------------------------------------------
[2021-08-12 15:41:51,493] {taskinstance.py:1107} INFO - Executing <Task(PythonOperator): task_4> on 2021-08-11T00:00:00+00:00
[2021-08-12 15:41:51,495] {standard_task_runner.py:52} INFO - Started process 19752 to run task
[2021-08-12 15:41:51,498] {standard_task_runner.py:76} INFO - Running: ['airflow', 'tasks', 'run', 'xcom_dag', 'task_4', '2021-08-11T00:00:00+00:00', '--job-id', '156', '--pool', 'default_pool', '--raw', '--subdir', 'DAGS_FOLDER/xcomss.py', '--cfg-path', '/tmp/tmpg6irubvd', '--error-file', '/tmp/tmpk4mmg18n']
[2021-08-12 15:41:51,499] {standard_task_runner.py:77} INFO - Job 156: Subtask task_4
[2021-08-12 15:41:51,517] {logging_mixin.py:104} INFO - Running <TaskInstance: xcom_dag.task_4 2021-08-11T00:00:00+00:00 [running]> on host adam
[2021-08-12 15:41:51,538] {taskinstance.py:1300} INFO - Exporting the following env vars:
AIRFLOW_CTX_DAG_OWNER=airflow
AIRFLOW_CTX_DAG_ID=xcom_dag
AIRFLOW_CTX_TASK_ID=task_4
AIRFLOW_CTX_EXECUTION_DATE=2021-08-11T00:00:00+00:00
AIRFLOW_CTX_DAG_RUN_ID=scheduled__2021-08-11T00:00:00+00:00
[2021-08-12 15:41:51,538] {logging_mixin.py:104} INFO - choose best model
[2021-08-12 15:41:51,540] {python.py:151} INFO - Done. Returned value was: None
[2021-08-12 15:41:51,542] {taskinstance.py:1204} INFO - Marking task as SUCCESS. dag_id=xcom_dag, task_id=task_4, execution_date=20210811T000000, start_date=20210812T134151, end_date=20210812T134151
[2021-08-12 15:41:51,551] {taskinstance.py:1265} INFO - 0 downstream tasks scheduled from follow-on schedule check
[2021-08-12 15:41:51,590] {local_task_job.py:149} INFO - Task exited with return code 0
