[2021-08-12 15:53:09,781] {taskinstance.py:896} INFO - Dependencies all met for <TaskInstance: xcom_dag.choose_model 2021-08-12T13:52:57.665195+00:00 [queued]>
[2021-08-12 15:53:09,788] {taskinstance.py:896} INFO - Dependencies all met for <TaskInstance: xcom_dag.choose_model 2021-08-12T13:52:57.665195+00:00 [queued]>
[2021-08-12 15:53:09,788] {taskinstance.py:1087} INFO - 
--------------------------------------------------------------------------------
[2021-08-12 15:53:09,788] {taskinstance.py:1088} INFO - Starting attempt 1 of 1
[2021-08-12 15:53:09,788] {taskinstance.py:1089} INFO - 
--------------------------------------------------------------------------------
[2021-08-12 15:53:09,794] {taskinstance.py:1107} INFO - Executing <Task(PythonOperator): choose_model> on 2021-08-12T13:52:57.665195+00:00
[2021-08-12 15:53:09,796] {standard_task_runner.py:52} INFO - Started process 34722 to run task
[2021-08-12 15:53:09,800] {standard_task_runner.py:76} INFO - Running: ['airflow', 'tasks', 'run', 'xcom_dag', 'choose_model', '2021-08-12T13:52:57.665195+00:00', '--job-id', '181', '--pool', 'default_pool', '--raw', '--subdir', 'DAGS_FOLDER/xcomss.py', '--cfg-path', '/tmp/tmppmydm3ok', '--error-file', '/tmp/tmp8fpe5gz4']
[2021-08-12 15:53:09,800] {standard_task_runner.py:77} INFO - Job 181: Subtask choose_model
[2021-08-12 15:53:09,826] {logging_mixin.py:104} INFO - Running <TaskInstance: xcom_dag.choose_model 2021-08-12T13:52:57.665195+00:00 [running]> on host adam
[2021-08-12 15:53:09,853] {taskinstance.py:1300} INFO - Exporting the following env vars:
AIRFLOW_CTX_DAG_OWNER=airflow
AIRFLOW_CTX_DAG_ID=xcom_dag
AIRFLOW_CTX_TASK_ID=choose_model
AIRFLOW_CTX_EXECUTION_DATE=2021-08-12T13:52:57.665195+00:00
AIRFLOW_CTX_DAG_RUN_ID=manual__2021-08-12T13:52:57.665195+00:00
[2021-08-12 15:53:09,853] {logging_mixin.py:104} INFO - choose best model
[2021-08-12 15:53:09,860] {logging_mixin.py:104} INFO - [5.6882566526922105, 8.02684135999012, 2.3547623041793972]
[2021-08-12 15:53:09,860] {python.py:151} INFO - Done. Returned value was: None
[2021-08-12 15:53:09,864] {taskinstance.py:1204} INFO - Marking task as SUCCESS. dag_id=xcom_dag, task_id=choose_model, execution_date=20210812T135257, start_date=20210812T135309, end_date=20210812T135309
[2021-08-12 15:53:09,878] {taskinstance.py:1265} INFO - 0 downstream tasks scheduled from follow-on schedule check
[2021-08-12 15:53:09,891] {local_task_job.py:149} INFO - Task exited with return code 0
