[2021-08-12 15:36:34,447] {taskinstance.py:896} INFO - Dependencies all met for <TaskInstance: parallel_dag_03.task_5 2021-08-10T00:00:00+00:00 [queued]>
[2021-08-12 15:36:34,459] {taskinstance.py:896} INFO - Dependencies all met for <TaskInstance: parallel_dag_03.task_5 2021-08-10T00:00:00+00:00 [queued]>
[2021-08-12 15:36:34,459] {taskinstance.py:1087} INFO - 
--------------------------------------------------------------------------------
[2021-08-12 15:36:34,459] {taskinstance.py:1088} INFO - Starting attempt 1 of 1
[2021-08-12 15:36:34,459] {taskinstance.py:1089} INFO - 
--------------------------------------------------------------------------------
[2021-08-12 15:36:34,484] {taskinstance.py:1107} INFO - Executing <Task(BashOperator): task_5> on 2021-08-10T00:00:00+00:00
[2021-08-12 15:36:34,487] {standard_task_runner.py:52} INFO - Started process 12668 to run task
[2021-08-12 15:36:34,504] {standard_task_runner.py:76} INFO - Running: ['airflow', 'tasks', 'run', 'parallel_dag_03', 'task_5', '2021-08-10T00:00:00+00:00', '--job-id', '150', '--pool', 'default_pool', '--raw', '--subdir', 'DAGS_FOLDER/task_example.py', '--cfg-path', '/tmp/tmpe6gqcliu', '--error-file', '/tmp/tmps0x8lpf3']
[2021-08-12 15:36:34,509] {standard_task_runner.py:77} INFO - Job 150: Subtask task_5
[2021-08-12 15:36:34,564] {logging_mixin.py:104} INFO - Running <TaskInstance: parallel_dag_03.task_5 2021-08-10T00:00:00+00:00 [running]> on host adam
[2021-08-12 15:36:34,633] {taskinstance.py:1300} INFO - Exporting the following env vars:
AIRFLOW_CTX_DAG_OWNER=airflow
AIRFLOW_CTX_DAG_ID=parallel_dag_03
AIRFLOW_CTX_TASK_ID=task_5
AIRFLOW_CTX_EXECUTION_DATE=2021-08-10T00:00:00+00:00
AIRFLOW_CTX_DAG_RUN_ID=scheduled__2021-08-10T00:00:00+00:00
[2021-08-12 15:36:34,636] {subprocess.py:52} INFO - Tmp dir root location: 
 /tmp
[2021-08-12 15:36:34,637] {subprocess.py:63} INFO - Running command: ['bash', '-c', 'echo hello from airflow > ~/Documents/hello_airflow.txt']
[2021-08-12 15:36:34,666] {subprocess.py:74} INFO - Output:
[2021-08-12 15:36:34,669] {subprocess.py:82} INFO - Command exited with return code 0
[2021-08-12 15:36:34,699] {taskinstance.py:1204} INFO - Marking task as SUCCESS. dag_id=parallel_dag_03, task_id=task_5, execution_date=20210810T000000, start_date=20210812T133634, end_date=20210812T133634
[2021-08-12 15:36:34,731] {taskinstance.py:1265} INFO - 0 downstream tasks scheduled from follow-on schedule check
[2021-08-12 15:36:34,753] {local_task_job.py:149} INFO - Task exited with return code 0
